Command line:
   SREG_CORE_isim_beh.exe
     -simmode  gui
     -simrunnum  0
     -socket  49730

Fri Sep  9 11:51:13 2016


 Elaboration Time: 0.02 sec

 Current Memory Usage: 223.482 Meg

 Total Signals          : 11
 Total Nets             : 221
 Total Signal Drivers   : 7
 Total Blocks           : 4
 Total Primitive Blocks : 4
 Total Processes        : 6
 Total Traceable Variables  : 10
 Total Scalar Nets and Variables : 599
Total Line Count : 27

 Total Simulation Time: 0.31 sec

 Current Memory Usage: 298.983 Meg

Fri Sep  9 13:13:17 2016

