Running: /media/storage/opt/xilinx/14.7/ISE_DS/ISE/bin/lin64/unwrapped/fuse -intstyle ise -incremental -lib secureip -o /media/design/fpga/SEQUENCER/sequencer_isim_beh.exe -prj /media/design/fpga/SEQUENCER/sequencer_beh.prj sequencer 
ISim P.20131013 (signature 0xfbc00daa)
Number of CPUs detected in this system: 8
Turning on mult-threading, number of parallel sub-compilation jobs: 16 
Determining compilation order of HDL files
Parsing VHDL file "/media/design/fpga/SEQUENCER/counters.vhd" into library work
Parsing VHDL file "/media/design/fpga/SEQUENCER/sequencer.vhd" into library work
Starting static elaboration
Completed static elaboration
Fuse Memory Usage: 96516 KB
Fuse CPU Usage: 880 ms
Compiling package standard
Compiling package std_logic_1164
Compiling package std_logic_arith
Compiling package std_logic_unsigned
Compiling package counters
Compiling architecture behavioral of entity sequencer
Time Resolution for simulation is 1ps.
Waiting for 1 sub-compilation(s) to finish...
Compiled 6 VHDL Units
Built simulation executable /media/design/fpga/SEQUENCER/sequencer_isim_beh.exe
Fuse Memory Usage: 1195156 KB
Fuse CPU Usage: 940 ms
GCC CPU Usage: 150 ms
