Command line:
   ADC_CTRL_isim_beh.exe
     -simmode  gui
     -simrunnum  1
     -socket  52991

Fri Sep  9 18:23:29 2016


 Elaboration Time: 0.02 sec

 Current Memory Usage: 224.969 Meg

 Total Signals          : 352
 Total Nets             : 726
 Total Signal Drivers   : 218
 Total Blocks           : 27
 Total Primitive Blocks : 22
 Total Processes        : 135
 Total Traceable Variables  : 271
 Total Scalar Nets and Variables : 5764
Total Line Count : 988

 Total Simulation Time: 0.04 sec

 Current Memory Usage: 300.47 Meg

Fri Sep  9 18:23:32 2016

