ISim log file
Running: /media/data/git/jcfpga/ROMSEQ/ROMSEQ_isim_beh.exe -intstyle ise -gui -tclbatch isim.cmd -wdb /media/data/git/jcfpga/ROMSEQ/ROMSEQ_isim_beh.wdb 
ISim P.58f (signature 0xfbc00daa)
----------------------------------------------------------------------
WARNING:Security:42 - Your software subscription period has lapsed. Your current version of Xilinx tools will continue to function, but you no longer qualify for Xilinx software updates or new releases.


----------------------------------------------------------------------
This is a Full version of ISim.
Time resolution is 1 ps
# onerror resume
# wave add /
# run 1000 ns
Simulator is doing circuit initialization process.
Finished circuit initialization process.
# isim force add /romseq/clock 0 -radix bin -value 1 -radix bin -time 2 ns -repeat 4 ns
# isim force add /romseq/clock 0 -radix bin -value 1 -radix bin -time 2 ns -repeat 4 ns
# isim force add /romseq/reset 1 -radix bin
# isim force add /romseq/reset 1 -radix bin
# isim force add /romseq/en 1 -radix bin
# isim force add /romseq/en 1 -radix bin
# run 1.00us
# isim force add /romseq/reset 0 -radix bin
# run 1.00us
at 2002 ns, Instance /romseq/ROM0/U0/native_mem_map_module/mem_map_module/ : Warning: There is an 'U'|'X'|'W'|'Z'|'-' in an arithmetic operand, the result will be 'X'(es).
at 2002 ns, Instance /romseq/ROM0/U0/native_mem_map_module/mem_map_module/ : Warning: CONV_INTEGER: There is an 'U'|'X'|'W'|'Z'|'-' in an arithmetic operand, and it has been converted to 0.
at 2006 ns, Instance /romseq/ROM0/U0/native_mem_map_module/mem_map_module/ : Warning: CONV_INTEGER: There is an 'U'|'X'|'W'|'Z'|'-' in an arithmetic operand, and it has been converted to 0.
at 2010 ns, Instance /romseq/ROM0/U0/native_mem_map_module/mem_map_module/ : Warning: CONV_INTEGER: There is an 'U'|'X'|'W'|'Z'|'-' in an arithmetic operand, and it has been converted to 0.
at 2014 ns, Instance /romseq/ROM0/U0/native_mem_map_module/mem_map_module/ : Warning: CONV_INTEGER: There is an 'U'|'X'|'W'|'Z'|'-' in an arithmetic operand, and it has been converted to 0.
at 2018 ns, Instance /romseq/ROM0/U0/native_mem_map_module/mem_map_module/ : Warning: CONV_INTEGER: There is an 'U'|'X'|'W'|'Z'|'-' in an arithmetic operand, and it has been converted to 0.
at 2022 ns, Instance /romseq/ROM0/U0/native_mem_map_module/mem_map_module/ : Warning: CONV_INTEGER: There is an 'U'|'X'|'W'|'Z'|'-' in an arithmetic operand, and it has been converted to 0.
at 2026 ns, Instance /romseq/ROM0/U0/native_mem_map_module/mem_map_module/ : Warning: CONV_INTEGER: There is an 'U'|'X'|'W'|'Z'|'-' in an arithmetic operand, and it has been converted to 0.
at 2030 ns, Instance /romseq/ROM0/U0/native_mem_map_module/mem_map_module/ : Warning: CONV_INTEGER: There is an 'U'|'X'|'W'|'Z'|'-' in an arithmetic operand, and it has been converted to 0.
at 2034 ns, Instance /romseq/ROM0/U0/native_mem_map_module/mem_map_module/ : Warning: CONV_INTEGER: There is an 'U'|'X'|'W'|'Z'|'-' in an arithmetic operand, and it has been converted to 0.
at 2038 ns, Instance /romseq/ROM0/U0/native_mem_map_module/mem_map_module/ : Warning: CONV_INTEGER: There is an 'U'|'X'|'W'|'Z'|'-' in an arithmetic operand, and it has been converted to 0.
at 2042 ns, Instance /romseq/ROM0/U0/native_mem_map_module/mem_map_module/ : Warning: CONV_INTEGER: There is an 'U'|'X'|'W'|'Z'|'-' in an arithmetic operand, and it has been converted to 0.
at 2046 ns, Instance /romseq/ROM0/U0/native_mem_map_module/mem_map_module/ : Warning: CONV_INTEGER: There is an 'U'|'X'|'W'|'Z'|'-' in an arithmetic operand, and it has been converted to 0.
at 2050 ns, Instance /romseq/ROM0/U0/native_mem_map_module/mem_map_module/ : Warning: CONV_INTEGER: There is an 'U'|'X'|'W'|'Z'|'-' in an arithmetic operand, and it has been converted to 0.
at 2054 ns, Instance /romseq/ROM0/U0/native_mem_map_module/mem_map_module/ : Warning: CONV_INTEGER: There is an 'U'|'X'|'W'|'Z'|'-' in an arithmetic operand, and it has been converted to 0.
at 2058 ns, Instance /romseq/ROM0/U0/native_mem_map_module/mem_map_module/ : Warning: CONV_INTEGER: There is an 'U'|'X'|'W'|'Z'|'-' in an arithmetic operand, and it has been converted to 0.
at 2062 ns, Instance /romseq/ROM0/U0/native_mem_map_module/mem_map_module/ : Warning: CONV_INTEGER: There is an 'U'|'X'|'W'|'Z'|'-' in an arithmetic operand, and it has been converted to 0.
at 2066 ns, Instance /romseq/ROM0/U0/native_mem_map_module/mem_map_module/ : Warning: CONV_INTEGER: There is an 'U'|'X'|'W'|'Z'|'-' in an arithmetic operand, and it has been converted to 0.
at 2070 ns, Instance /romseq/ROM0/U0/native_mem_map_module/mem_map_module/ : Warning: CONV_INTEGER: There is an 'U'|'X'|'W'|'Z'|'-' in an arithmetic operand, and it has been converted to 0.
at 2074 ns, Instance /romseq/ROM0/U0/native_mem_map_module/mem_map_module/ : Warning: CONV_INTEGER: There is an 'U'|'X'|'W'|'Z'|'-' in an arithmetic operand, and it has been converted to 0.
at 2078 ns, Instance /romseq/ROM0/U0/native_mem_map_module/mem_map_module/ : Warning: CONV_INTEGER: There is an 'U'|'X'|'W'|'Z'|'-' in an arithmetic operand, and it has been converted to 0.
at 2082 ns, Instance /romseq/ROM0/U0/native_mem_map_module/mem_map_module/ : Warning: CONV_INTEGER: There is an 'U'|'X'|'W'|'Z'|'-' in an arithmetic operand, and it has been converted to 0.
at 2086 ns, Instance /romseq/ROM0/U0/native_mem_map_module/mem_map_module/ : Warning: CONV_INTEGER: There is an 'U'|'X'|'W'|'Z'|'-' in an arithmetic operand, and it has been converted to 0.
at 2090 ns, Instance /romseq/ROM0/U0/native_mem_map_module/mem_map_module/ : Warning: CONV_INTEGER: There is an 'U'|'X'|'W'|'Z'|'-' in an arithmetic operand, and it has been converted to 0.
at 2094 ns, Instance /romseq/ROM0/U0/native_mem_map_module/mem_map_module/ : Warning: CONV_INTEGER: There is an 'U'|'X'|'W'|'Z'|'-' in an arithmetic operand, and it has been converted to 0.
at 2098 ns, Instance /romseq/ROM0/U0/native_mem_map_module/mem_map_module/ : Warning: CONV_INTEGER: There is an 'U'|'X'|'W'|'Z'|'-' in an arithmetic operand, and it has been converted to 0.
at 2102 ns, Instance /romseq/ROM0/U0/native_mem_map_module/mem_map_module/ : Warning: CONV_INTEGER: There is an 'U'|'X'|'W'|'Z'|'-' in an arithmetic operand, and it has been converted to 0.
at 2106 ns, Instance /romseq/ROM0/U0/native_mem_map_module/mem_map_module/ : Warning: CONV_INTEGER: There is an 'U'|'X'|'W'|'Z'|'-' in an arithmetic operand, and it has been converted to 0.
at 2110 ns, Instance /romseq/ROM0/U0/native_mem_map_module/mem_map_module/ : Warning: CONV_INTEGER: There is an 'U'|'X'|'W'|'Z'|'-' in an arithmetic operand, and it has been converted to 0.
at 2114 ns, Instance /romseq/ROM0/U0/native_mem_map_module/mem_map_module/ : Warning: CONV_INTEGER: There is an 'U'|'X'|'W'|'Z'|'-' in an arithmetic operand, and it has been converted to 0.
at 2118 ns, Instance /romseq/ROM0/U0/native_mem_map_module/mem_map_module/ : Warning: CONV_INTEGER: There is an 'U'|'X'|'W'|'Z'|'-' in an arithmetic operand, and it has been converted to 0.
at 2122 ns, Instance /romseq/ROM0/U0/native_mem_map_module/mem_map_module/ : Warning: CONV_INTEGER: There is an 'U'|'X'|'W'|'Z'|'-' in an arithmetic operand, and it has been converted to 0.
at 2126 ns, Instance /romseq/ROM0/U0/native_mem_map_module/mem_map_module/ : Warning: CONV_INTEGER: There is an 'U'|'X'|'W'|'Z'|'-' in an arithmetic operand, and it has been converted to 0.
at 2130 ns, Instance /romseq/ROM0/U0/native_mem_map_module/mem_map_module/ : Warning: CONV_INTEGER: There is an 'U'|'X'|'W'|'Z'|'-' in an arithmetic operand, and it has been converted to 0.
at 2134 ns, Instance /romseq/ROM0/U0/native_mem_map_module/mem_map_module/ : Warning: CONV_INTEGER: There is an 'U'|'X'|'W'|'Z'|'-' in an arithmetic operand, and it has been converted to 0.
at 2138 ns, Instance /romseq/ROM0/U0/native_mem_map_module/mem_map_module/ : Warning: CONV_INTEGER: There is an 'U'|'X'|'W'|'Z'|'-' in an arithmetic operand, and it has been converted to 0.
at 2142 ns, Instance /romseq/ROM0/U0/native_mem_map_module/mem_map_module/ : Warning: CONV_INTEGER: There is an 'U'|'X'|'W'|'Z'|'-' in an arithmetic operand, and it has been converted to 0.
at 2146 ns, Instance /romseq/ROM0/U0/native_mem_map_module/mem_map_module/ : Warning: CONV_INTEGER: There is an 'U'|'X'|'W'|'Z'|'-' in an arithmetic operand, and it has been converted to 0.
at 2150 ns, Instance /romseq/ROM0/U0/native_mem_map_module/mem_map_module/ : Warning: CONV_INTEGER: There is an 'U'|'X'|'W'|'Z'|'-' in an arithmetic operand, and it has been converted to 0.
at 2154 ns, Instance /romseq/ROM0/U0/native_mem_map_module/mem_map_module/ : Warning: CONV_INTEGER: There is an 'U'|'X'|'W'|'Z'|'-' in an arithmetic operand, and it has been converted to 0.
at 2158 ns, Instance /romseq/ROM0/U0/native_mem_map_module/mem_map_module/ : Warning: CONV_INTEGER: There is an 'U'|'X'|'W'|'Z'|'-' in an arithmetic operand, and it has been converted to 0.
at 2162 ns, Instance /romseq/ROM0/U0/native_mem_map_module/mem_map_module/ : Warning: CONV_INTEGER: There is an 'U'|'X'|'W'|'Z'|'-' in an arithmetic operand, and it has been converted to 0.
at 2166 ns, Instance /romseq/ROM0/U0/native_mem_map_module/mem_map_module/ : Warning: CONV_INTEGER: There is an 'U'|'X'|'W'|'Z'|'-' in an arithmetic operand, and it has been converted to 0.
at 2170 ns, Instance /romseq/ROM0/U0/native_mem_map_module/mem_map_module/ : Warning: CONV_INTEGER: There is an 'U'|'X'|'W'|'Z'|'-' in an arithmetic operand, and it has been converted to 0.
at 2174 ns, Instance /romseq/ROM0/U0/native_mem_map_module/mem_map_module/ : Warning: CONV_INTEGER: There is an 'U'|'X'|'W'|'Z'|'-' in an arithmetic operand, and it has been converted to 0.
at 2178 ns, Instance /romseq/ROM0/U0/native_mem_map_module/mem_map_module/ : Warning: CONV_INTEGER: There is an 'U'|'X'|'W'|'Z'|'-' in an arithmetic operand, and it has been converted to 0.
at 2182 ns, Instance /romseq/ROM0/U0/native_mem_map_module/mem_map_module/ : Warning: CONV_INTEGER: There is an 'U'|'X'|'W'|'Z'|'-' in an arithmetic operand, and it has been converted to 0.
at 2186 ns, Instance /romseq/ROM0/U0/native_mem_map_module/mem_map_module/ : Warning: CONV_INTEGER: There is an 'U'|'X'|'W'|'Z'|'-' in an arithmetic operand, and it has been converted to 0.
at 2190 ns, Instance /romseq/ROM0/U0/native_mem_map_module/mem_map_module/ : Warning: CONV_INTEGER: There is an 'U'|'X'|'W'|'Z'|'-' in an arithmetic operand, and it has been converted to 0.
at 2194 ns, Instance /romseq/ROM0/U0/native_mem_map_module/mem_map_module/ : Warning: CONV_INTEGER: There is an 'U'|'X'|'W'|'Z'|'-' in an arithmetic operand, and it has been converted to 0.
at 2198 ns, Instance /romseq/ROM0/U0/native_mem_map_module/mem_map_module/ : Warning: CONV_INTEGER: There is an 'U'|'X'|'W'|'Z'|'-' in an arithmetic operand, and it has been converted to 0.
at 2202 ns, Instance /romseq/ROM0/U0/native_mem_map_module/mem_map_module/ : Warning: CONV_INTEGER: There is an 'U'|'X'|'W'|'Z'|'-' in an arithmetic operand, and it has been converted to 0.
at 2206 ns, Instance /romseq/ROM0/U0/native_mem_map_module/mem_map_module/ : Warning: CONV_INTEGER: There is an 'U'|'X'|'W'|'Z'|'-' in an arithmetic operand, and it has been converted to 0.
at 2210 ns, Instance /romseq/ROM0/U0/native_mem_map_module/mem_map_module/ : Warning: CONV_INTEGER: There is an 'U'|'X'|'W'|'Z'|'-' in an arithmetic operand, and it has been converted to 0.
at 2214 ns, Instance /romseq/ROM0/U0/native_mem_map_module/mem_map_module/ : Warning: CONV_INTEGER: There is an 'U'|'X'|'W'|'Z'|'-' in an arithmetic operand, and it has been converted to 0.
at 2218 ns, Instance /romseq/ROM0/U0/native_mem_map_module/mem_map_module/ : Warning: CONV_INTEGER: There is an 'U'|'X'|'W'|'Z'|'-' in an arithmetic operand, and it has been converted to 0.
at 2222 ns, Instance /romseq/ROM0/U0/native_mem_map_module/mem_map_module/ : Warning: CONV_INTEGER: There is an 'U'|'X'|'W'|'Z'|'-' in an arithmetic operand, and it has been converted to 0.
at 2226 ns, Instance /romseq/ROM0/U0/native_mem_map_module/mem_map_module/ : Warning: CONV_INTEGER: There is an 'U'|'X'|'W'|'Z'|'-' in an arithmetic operand, and it has been converted to 0.
at 2230 ns, Instance /romseq/ROM0/U0/native_mem_map_module/mem_map_module/ : Warning: CONV_INTEGER: There is an 'U'|'X'|'W'|'Z'|'-' in an arithmetic operand, and it has been converted to 0.
at 2234 ns, Instance /romseq/ROM0/U0/native_mem_map_module/mem_map_module/ : Warning: CONV_INTEGER: There is an 'U'|'X'|'W'|'Z'|'-' in an arithmetic operand, and it has been converted to 0.
at 2238 ns, Instance /romseq/ROM0/U0/native_mem_map_module/mem_map_module/ : Warning: CONV_INTEGER: There is an 'U'|'X'|'W'|'Z'|'-' in an arithmetic operand, and it has been converted to 0.
at 2242 ns, Instance /romseq/ROM0/U0/native_mem_map_module/mem_map_module/ : Warning: CONV_INTEGER: There is an 'U'|'X'|'W'|'Z'|'-' in an arithmetic operand, and it has been converted to 0.
at 2246 ns, Instance /romseq/ROM0/U0/native_mem_map_module/mem_map_module/ : Warning: CONV_INTEGER: There is an 'U'|'X'|'W'|'Z'|'-' in an arithmetic operand, and it has been converted to 0.
at 2250 ns, Instance /romseq/ROM0/U0/native_mem_map_module/mem_map_module/ : Warning: CONV_INTEGER: There is an 'U'|'X'|'W'|'Z'|'-' in an arithmetic operand, and it has been converted to 0.
at 2254 ns, Instance /romseq/ROM0/U0/native_mem_map_module/mem_map_module/ : Warning: CONV_INTEGER: There is an 'U'|'X'|'W'|'Z'|'-' in an arithmetic operand, and it has been converted to 0.
at 2258 ns, Instance /romseq/ROM0/U0/native_mem_map_module/mem_map_module/ : Warning: CONV_INTEGER: There is an 'U'|'X'|'W'|'Z'|'-' in an arithmetic operand, and it has been converted to 0.
at 2262 ns, Instance /romseq/ROM0/U0/native_mem_map_module/mem_map_module/ : Warning: CONV_INTEGER: There is an 'U'|'X'|'W'|'Z'|'-' in an arithmetic operand, and it has been converted to 0.
at 2266 ns, Instance /romseq/ROM0/U0/native_mem_map_module/mem_map_module/ : Warning: CONV_INTEGER: There is an 'U'|'X'|'W'|'Z'|'-' in an arithmetic operand, and it has been converted to 0.
at 2270 ns, Instance /romseq/ROM0/U0/native_mem_map_module/mem_map_module/ : Warning: CONV_INTEGER: There is an 'U'|'X'|'W'|'Z'|'-' in an arithmetic operand, and it has been converted to 0.
at 2274 ns, Instance /romseq/ROM0/U0/native_mem_map_module/mem_map_module/ : Warning: CONV_INTEGER: There is an 'U'|'X'|'W'|'Z'|'-' in an arithmetic operand, and it has been converted to 0.
at 2278 ns, Instance /romseq/ROM0/U0/native_mem_map_module/mem_map_module/ : Warning: CONV_INTEGER: There is an 'U'|'X'|'W'|'Z'|'-' in an arithmetic operand, and it has been converted to 0.
at 2282 ns, Instance /romseq/ROM0/U0/native_mem_map_module/mem_map_module/ : Warning: CONV_INTEGER: There is an 'U'|'X'|'W'|'Z'|'-' in an arithmetic operand, and it has been converted to 0.
at 2286 ns, Instance /romseq/ROM0/U0/native_mem_map_module/mem_map_module/ : Warning: CONV_INTEGER: There is an 'U'|'X'|'W'|'Z'|'-' in an arithmetic operand, and it has been converted to 0.
at 2290 ns, Instance /romseq/ROM0/U0/native_mem_map_module/mem_map_module/ : Warning: CONV_INTEGER: There is an 'U'|'X'|'W'|'Z'|'-' in an arithmetic operand, and it has been converted to 0.
at 2294 ns, Instance /romseq/ROM0/U0/native_mem_map_module/mem_map_module/ : Warning: CONV_INTEGER: There is an 'U'|'X'|'W'|'Z'|'-' in an arithmetic operand, and it has been converted to 0.
at 2298 ns, Instance /romseq/ROM0/U0/native_mem_map_module/mem_map_module/ : Warning: CONV_INTEGER: There is an 'U'|'X'|'W'|'Z'|'-' in an arithmetic operand, and it has been converted to 0.
at 2302 ns, Instance /romseq/ROM0/U0/native_mem_map_module/mem_map_module/ : Warning: CONV_INTEGER: There is an 'U'|'X'|'W'|'Z'|'-' in an arithmetic operand, and it has been converted to 0.
at 2306 ns, Instance /romseq/ROM0/U0/native_mem_map_module/mem_map_module/ : Warning: CONV_INTEGER: There is an 'U'|'X'|'W'|'Z'|'-' in an arithmetic operand, and it has been converted to 0.
at 2310 ns, Instance /romseq/ROM0/U0/native_mem_map_module/mem_map_module/ : Warning: CONV_INTEGER: There is an 'U'|'X'|'W'|'Z'|'-' in an arithmetic operand, and it has been converted to 0.
at 2314 ns, Instance /romseq/ROM0/U0/native_mem_map_module/mem_map_module/ : Warning: CONV_INTEGER: There is an 'U'|'X'|'W'|'Z'|'-' in an arithmetic operand, and it has been converted to 0.
at 2318 ns, Instance /romseq/ROM0/U0/native_mem_map_module/mem_map_module/ : Warning: CONV_INTEGER: There is an 'U'|'X'|'W'|'Z'|'-' in an arithmetic operand, and it has been converted to 0.
at 2322 ns, Instance /romseq/ROM0/U0/native_mem_map_module/mem_map_module/ : Warning: CONV_INTEGER: There is an 'U'|'X'|'W'|'Z'|'-' in an arithmetic operand, and it has been converted to 0.
at 2326 ns, Instance /romseq/ROM0/U0/native_mem_map_module/mem_map_module/ : Warning: CONV_INTEGER: There is an 'U'|'X'|'W'|'Z'|'-' in an arithmetic operand, and it has been converted to 0.
at 2330 ns, Instance /romseq/ROM0/U0/native_mem_map_module/mem_map_module/ : Warning: CONV_INTEGER: There is an 'U'|'X'|'W'|'Z'|'-' in an arithmetic operand, and it has been converted to 0.
at 2334 ns, Instance /romseq/ROM0/U0/native_mem_map_module/mem_map_module/ : Warning: CONV_INTEGER: There is an 'U'|'X'|'W'|'Z'|'-' in an arithmetic operand, and it has been converted to 0.
at 2338 ns, Instance /romseq/ROM0/U0/native_mem_map_module/mem_map_module/ : Warning: CONV_INTEGER: There is an 'U'|'X'|'W'|'Z'|'-' in an arithmetic operand, and it has been converted to 0.
at 2342 ns, Instance /romseq/ROM0/U0/native_mem_map_module/mem_map_module/ : Warning: CONV_INTEGER: There is an 'U'|'X'|'W'|'Z'|'-' in an arithmetic operand, and it has been converted to 0.
at 2346 ns, Instance /romseq/ROM0/U0/native_mem_map_module/mem_map_module/ : Warning: CONV_INTEGER: There is an 'U'|'X'|'W'|'Z'|'-' in an arithmetic operand, and it has been converted to 0.
at 2350 ns, Instance /romseq/ROM0/U0/native_mem_map_module/mem_map_module/ : Warning: CONV_INTEGER: There is an 'U'|'X'|'W'|'Z'|'-' in an arithmetic operand, and it has been converted to 0.
at 2354 ns, Instance /romseq/ROM0/U0/native_mem_map_module/mem_map_module/ : Warning: CONV_INTEGER: There is an 'U'|'X'|'W'|'Z'|'-' in an arithmetic operand, and it has been converted to 0.
at 2358 ns, Instance /romseq/ROM0/U0/native_mem_map_module/mem_map_module/ : Warning: CONV_INTEGER: There is an 'U'|'X'|'W'|'Z'|'-' in an arithmetic operand, and it has been converted to 0.
at 2362 ns, Instance /romseq/ROM0/U0/native_mem_map_module/mem_map_module/ : Warning: CONV_INTEGER: There is an 'U'|'X'|'W'|'Z'|'-' in an arithmetic operand, and it has been converted to 0.
at 2366 ns, Instance /romseq/ROM0/U0/native_mem_map_module/mem_map_module/ : Warning: CONV_INTEGER: There is an 'U'|'X'|'W'|'Z'|'-' in an arithmetic operand, and it has been converted to 0.
at 2370 ns, Instance /romseq/ROM0/U0/native_mem_map_module/mem_map_module/ : Warning: CONV_INTEGER: There is an 'U'|'X'|'W'|'Z'|'-' in an arithmetic operand, and it has been converted to 0.
at 2374 ns, Instance /romseq/ROM0/U0/native_mem_map_module/mem_map_module/ : Warning: CONV_INTEGER: There is an 'U'|'X'|'W'|'Z'|'-' in an arithmetic operand, and it has been converted to 0.
at 2378 ns, Instance /romseq/ROM0/U0/native_mem_map_module/mem_map_module/ : Warning: CONV_INTEGER: There is an 'U'|'X'|'W'|'Z'|'-' in an arithmetic operand, and it has been converted to 0.
at 2382 ns, Instance /romseq/ROM0/U0/native_mem_map_module/mem_map_module/ : Warning: CONV_INTEGER: There is an 'U'|'X'|'W'|'Z'|'-' in an arithmetic operand, and it has been converted to 0.
at 2386 ns, Instance /romseq/ROM0/U0/native_mem_map_module/mem_map_module/ : Warning: CONV_INTEGER: There is an 'U'|'X'|'W'|'Z'|'-' in an arithmetic operand, and it has been converted to 0.
at 2390 ns, Instance /romseq/ROM0/U0/native_mem_map_module/mem_map_module/ : Warning: CONV_INTEGER: There is an 'U'|'X'|'W'|'Z'|'-' in an arithmetic operand, and it has been converted to 0.
at 2394 ns, Instance /romseq/ROM0/U0/native_mem_map_module/mem_map_module/ : Warning: CONV_INTEGER: There is an 'U'|'X'|'W'|'Z'|'-' in an arithmetic operand, and it has been converted to 0.
at 2398 ns, Instance /romseq/ROM0/U0/native_mem_map_module/mem_map_module/ : Warning: CONV_INTEGER: There is an 'U'|'X'|'W'|'Z'|'-' in an arithmetic operand, and it has been converted to 0.
at 2402 ns, Instance /romseq/ROM0/U0/native_mem_map_module/mem_map_module/ : Warning: CONV_INTEGER: There is an 'U'|'X'|'W'|'Z'|'-' in an arithmetic operand, and it has been converted to 0.
at 2406 ns, Instance /romseq/ROM0/U0/native_mem_map_module/mem_map_module/ : Warning: CONV_INTEGER: There is an 'U'|'X'|'W'|'Z'|'-' in an arithmetic operand, and it has been converted to 0.
at 2410 ns, Instance /romseq/ROM0/U0/native_mem_map_module/mem_map_module/ : Warning: CONV_INTEGER: There is an 'U'|'X'|'W'|'Z'|'-' in an arithmetic operand, and it has been converted to 0.
at 2414 ns, Instance /romseq/ROM0/U0/native_mem_map_module/mem_map_module/ : Warning: CONV_INTEGER: There is an 'U'|'X'|'W'|'Z'|'-' in an arithmetic operand, and it has been converted to 0.
at 2418 ns, Instance /romseq/ROM0/U0/native_mem_map_module/mem_map_module/ : Warning: CONV_INTEGER: There is an 'U'|'X'|'W'|'Z'|'-' in an arithmetic operand, and it has been converted to 0.
at 2422 ns, Instance /romseq/ROM0/U0/native_mem_map_module/mem_map_module/ : Warning: CONV_INTEGER: There is an 'U'|'X'|'W'|'Z'|'-' in an arithmetic operand, and it has been converted to 0.
at 2426 ns, Instance /romseq/ROM0/U0/native_mem_map_module/mem_map_module/ : Warning: CONV_INTEGER: There is an 'U'|'X'|'W'|'Z'|'-' in an arithmetic operand, and it has been converted to 0.
at 2430 ns, Instance /romseq/ROM0/U0/native_mem_map_module/mem_map_module/ : Warning: CONV_INTEGER: There is an 'U'|'X'|'W'|'Z'|'-' in an arithmetic operand, and it has been converted to 0.
at 2434 ns, Instance /romseq/ROM0/U0/native_mem_map_module/mem_map_module/ : Warning: CONV_INTEGER: There is an 'U'|'X'|'W'|'Z'|'-' in an arithmetic operand, and it has been converted to 0.
at 2438 ns, Instance /romseq/ROM0/U0/native_mem_map_module/mem_map_module/ : Warning: CONV_INTEGER: There is an 'U'|'X'|'W'|'Z'|'-' in an arithmetic operand, and it has been converted to 0.
at 2442 ns, Instance /romseq/ROM0/U0/native_mem_map_module/mem_map_module/ : Warning: CONV_INTEGER: There is an 'U'|'X'|'W'|'Z'|'-' in an arithmetic operand, and it has been converted to 0.
at 2446 ns, Instance /romseq/ROM0/U0/native_mem_map_module/mem_map_module/ : Warning: CONV_INTEGER: There is an 'U'|'X'|'W'|'Z'|'-' in an arithmetic operand, and it has been converted to 0.
at 2450 ns, Instance /romseq/ROM0/U0/native_mem_map_module/mem_map_module/ : Warning: CONV_INTEGER: There is an 'U'|'X'|'W'|'Z'|'-' in an arithmetic operand, and it has been converted to 0.
at 2454 ns, Instance /romseq/ROM0/U0/native_mem_map_module/mem_map_module/ : Warning: CONV_INTEGER: There is an 'U'|'X'|'W'|'Z'|'-' in an arithmetic operand, and it has been converted to 0.
at 2458 ns, Instance /romseq/ROM0/U0/native_mem_map_module/mem_map_module/ : Warning: CONV_INTEGER: There is an 'U'|'X'|'W'|'Z'|'-' in an arithmetic operand, and it has been converted to 0.
at 2462 ns, Instance /romseq/ROM0/U0/native_mem_map_module/mem_map_module/ : Warning: CONV_INTEGER: There is an 'U'|'X'|'W'|'Z'|'-' in an arithmetic operand, and it has been converted to 0.
at 2466 ns, Instance /romseq/ROM0/U0/native_mem_map_module/mem_map_module/ : Warning: CONV_INTEGER: There is an 'U'|'X'|'W'|'Z'|'-' in an arithmetic operand, and it has been converted to 0.
at 2470 ns, Instance /romseq/ROM0/U0/native_mem_map_module/mem_map_module/ : Warning: CONV_INTEGER: There is an 'U'|'X'|'W'|'Z'|'-' in an arithmetic operand, and it has been converted to 0.
at 2474 ns, Instance /romseq/ROM0/U0/native_mem_map_module/mem_map_module/ : Warning: CONV_INTEGER: There is an 'U'|'X'|'W'|'Z'|'-' in an arithmetic operand, and it has been converted to 0.
at 2478 ns, Instance /romseq/ROM0/U0/native_mem_map_module/mem_map_module/ : Warning: CONV_INTEGER: There is an 'U'|'X'|'W'|'Z'|'-' in an arithmetic operand, and it has been converted to 0.
at 2482 ns, Instance /romseq/ROM0/U0/native_mem_map_module/mem_map_module/ : Warning: CONV_INTEGER: There is an 'U'|'X'|'W'|'Z'|'-' in an arithmetic operand, and it has been converted to 0.
at 2486 ns, Instance /romseq/ROM0/U0/native_mem_map_module/mem_map_module/ : Warning: CONV_INTEGER: There is an 'U'|'X'|'W'|'Z'|'-' in an arithmetic operand, and it has been converted to 0.
at 2490 ns, Instance /romseq/ROM0/U0/native_mem_map_module/mem_map_module/ : Warning: CONV_INTEGER: There is an 'U'|'X'|'W'|'Z'|'-' in an arithmetic operand, and it has been converted to 0.
at 2494 ns, Instance /romseq/ROM0/U0/native_mem_map_module/mem_map_module/ : Warning: CONV_INTEGER: There is an 'U'|'X'|'W'|'Z'|'-' in an arithmetic operand, and it has been converted to 0.
at 2498 ns, Instance /romseq/ROM0/U0/native_mem_map_module/mem_map_module/ : Warning: CONV_INTEGER: There is an 'U'|'X'|'W'|'Z'|'-' in an arithmetic operand, and it has been converted to 0.
at 2502 ns, Instance /romseq/ROM0/U0/native_mem_map_module/mem_map_module/ : Warning: CONV_INTEGER: There is an 'U'|'X'|'W'|'Z'|'-' in an arithmetic operand, and it has been converted to 0.
at 2506 ns, Instance /romseq/ROM0/U0/native_mem_map_module/mem_map_module/ : Warning: CONV_INTEGER: There is an 'U'|'X'|'W'|'Z'|'-' in an arithmetic operand, and it has been converted to 0.
at 2510 ns, Instance /romseq/ROM0/U0/native_mem_map_module/mem_map_module/ : Warning: CONV_INTEGER: There is an 'U'|'X'|'W'|'Z'|'-' in an arithmetic operand, and it has been converted to 0.
at 2514 ns, Instance /romseq/ROM0/U0/native_mem_map_module/mem_map_module/ : Warning: CONV_INTEGER: There is an 'U'|'X'|'W'|'Z'|'-' in an arithmetic operand, and it has been converted to 0.
at 2518 ns, Instance /romseq/ROM0/U0/native_mem_map_module/mem_map_module/ : Warning: CONV_INTEGER: There is an 'U'|'X'|'W'|'Z'|'-' in an arithmetic operand, and it has been converted to 0.
at 2522 ns, Instance /romseq/ROM0/U0/native_mem_map_module/mem_map_module/ : Warning: CONV_INTEGER: There is an 'U'|'X'|'W'|'Z'|'-' in an arithmetic operand, and it has been converted to 0.
at 2526 ns, Instance /romseq/ROM0/U0/native_mem_map_module/mem_map_module/ : Warning: CONV_INTEGER: There is an 'U'|'X'|'W'|'Z'|'-' in an arithmetic operand, and it has been converted to 0.
at 2530 ns, Instance /romseq/ROM0/U0/native_mem_map_module/mem_map_module/ : Warning: CONV_INTEGER: There is an 'U'|'X'|'W'|'Z'|'-' in an arithmetic operand, and it has been converted to 0.
at 2534 ns, Instance /romseq/ROM0/U0/native_mem_map_module/mem_map_module/ : Warning: CONV_INTEGER: There is an 'U'|'X'|'W'|'Z'|'-' in an arithmetic operand, and it has been converted to 0.
at 2538 ns, Instance /romseq/ROM0/U0/native_mem_map_module/mem_map_module/ : Warning: CONV_INTEGER: There is an 'U'|'X'|'W'|'Z'|'-' in an arithmetic operand, and it has been converted to 0.
at 2542 ns, Instance /romseq/ROM0/U0/native_mem_map_module/mem_map_module/ : Warning: CONV_INTEGER: There is an 'U'|'X'|'W'|'Z'|'-' in an arithmetic operand, and it has been converted to 0.
at 2546 ns, Instance /romseq/ROM0/U0/native_mem_map_module/mem_map_module/ : Warning: CONV_INTEGER: There is an 'U'|'X'|'W'|'Z'|'-' in an arithmetic operand, and it has been converted to 0.
at 2550 ns, Instance /romseq/ROM0/U0/native_mem_map_module/mem_map_module/ : Warning: CONV_INTEGER: There is an 'U'|'X'|'W'|'Z'|'-' in an arithmetic operand, and it has been converted to 0.
at 2554 ns, Instance /romseq/ROM0/U0/native_mem_map_module/mem_map_module/ : Warning: CONV_INTEGER: There is an 'U'|'X'|'W'|'Z'|'-' in an arithmetic operand, and it has been converted to 0.
at 2558 ns, Instance /romseq/ROM0/U0/native_mem_map_module/mem_map_module/ : Warning: CONV_INTEGER: There is an 'U'|'X'|'W'|'Z'|'-' in an arithmetic operand, and it has been converted to 0.
at 2562 ns, Instance /romseq/ROM0/U0/native_mem_map_module/mem_map_module/ : Warning: CONV_INTEGER: There is an 'U'|'X'|'W'|'Z'|'-' in an arithmetic operand, and it has been converted to 0.
at 2566 ns, Instance /romseq/ROM0/U0/native_mem_map_module/mem_map_module/ : Warning: CONV_INTEGER: There is an 'U'|'X'|'W'|'Z'|'-' in an arithmetic operand, and it has been converted to 0.
at 2570 ns, Instance /romseq/ROM0/U0/native_mem_map_module/mem_map_module/ : Warning: CONV_INTEGER: There is an 'U'|'X'|'W'|'Z'|'-' in an arithmetic operand, and it has been converted to 0.
at 2574 ns, Instance /romseq/ROM0/U0/native_mem_map_module/mem_map_module/ : Warning: CONV_INTEGER: There is an 'U'|'X'|'W'|'Z'|'-' in an arithmetic operand, and it has been converted to 0.
at 2578 ns, Instance /romseq/ROM0/U0/native_mem_map_module/mem_map_module/ : Warning: CONV_INTEGER: There is an 'U'|'X'|'W'|'Z'|'-' in an arithmetic operand, and it has been converted to 0.
at 2582 ns, Instance /romseq/ROM0/U0/native_mem_map_module/mem_map_module/ : Warning: CONV_INTEGER: There is an 'U'|'X'|'W'|'Z'|'-' in an arithmetic operand, and it has been converted to 0.
at 2586 ns, Instance /romseq/ROM0/U0/native_mem_map_module/mem_map_module/ : Warning: CONV_INTEGER: There is an 'U'|'X'|'W'|'Z'|'-' in an arithmetic operand, and it has been converted to 0.
at 2590 ns, Instance /romseq/ROM0/U0/native_mem_map_module/mem_map_module/ : Warning: CONV_INTEGER: There is an 'U'|'X'|'W'|'Z'|'-' in an arithmetic operand, and it has been converted to 0.
at 2594 ns, Instance /romseq/ROM0/U0/native_mem_map_module/mem_map_module/ : Warning: CONV_INTEGER: There is an 'U'|'X'|'W'|'Z'|'-' in an arithmetic operand, and it has been converted to 0.
at 2598 ns, Instance /romseq/ROM0/U0/native_mem_map_module/mem_map_module/ : Warning: CONV_INTEGER: There is an 'U'|'X'|'W'|'Z'|'-' in an arithmetic operand, and it has been converted to 0.
at 2602 ns, Instance /romseq/ROM0/U0/native_mem_map_module/mem_map_module/ : Warning: CONV_INTEGER: There is an 'U'|'X'|'W'|'Z'|'-' in an arithmetic operand, and it has been converted to 0.
at 2606 ns, Instance /romseq/ROM0/U0/native_mem_map_module/mem_map_module/ : Warning: CONV_INTEGER: There is an 'U'|'X'|'W'|'Z'|'-' in an arithmetic operand, and it has been converted to 0.
at 2610 ns, Instance /romseq/ROM0/U0/native_mem_map_module/mem_map_module/ : Warning: CONV_INTEGER: There is an 'U'|'X'|'W'|'Z'|'-' in an arithmetic operand, and it has been converted to 0.
at 2614 ns, Instance /romseq/ROM0/U0/native_mem_map_module/mem_map_module/ : Warning: CONV_INTEGER: There is an 'U'|'X'|'W'|'Z'|'-' in an arithmetic operand, and it has been converted to 0.
at 2618 ns, Instance /romseq/ROM0/U0/native_mem_map_module/mem_map_module/ : Warning: CONV_INTEGER: There is an 'U'|'X'|'W'|'Z'|'-' in an arithmetic operand, and it has been converted to 0.
at 2622 ns, Instance /romseq/ROM0/U0/native_mem_map_module/mem_map_module/ : Warning: CONV_INTEGER: There is an 'U'|'X'|'W'|'Z'|'-' in an arithmetic operand, and it has been converted to 0.
at 2626 ns, Instance /romseq/ROM0/U0/native_mem_map_module/mem_map_module/ : Warning: CONV_INTEGER: There is an 'U'|'X'|'W'|'Z'|'-' in an arithmetic operand, and it has been converted to 0.
at 2630 ns, Instance /romseq/ROM0/U0/native_mem_map_module/mem_map_module/ : Warning: CONV_INTEGER: There is an 'U'|'X'|'W'|'Z'|'-' in an arithmetic operand, and it has been converted to 0.
at 2634 ns, Instance /romseq/ROM0/U0/native_mem_map_module/mem_map_module/ : Warning: CONV_INTEGER: There is an 'U'|'X'|'W'|'Z'|'-' in an arithmetic operand, and it has been converted to 0.
at 2638 ns, Instance /romseq/ROM0/U0/native_mem_map_module/mem_map_module/ : Warning: CONV_INTEGER: There is an 'U'|'X'|'W'|'Z'|'-' in an arithmetic operand, and it has been converted to 0.
at 2642 ns, Instance /romseq/ROM0/U0/native_mem_map_module/mem_map_module/ : Warning: CONV_INTEGER: There is an 'U'|'X'|'W'|'Z'|'-' in an arithmetic operand, and it has been converted to 0.
at 2646 ns, Instance /romseq/ROM0/U0/native_mem_map_module/mem_map_module/ : Warning: CONV_INTEGER: There is an 'U'|'X'|'W'|'Z'|'-' in an arithmetic operand, and it has been converted to 0.
at 2650 ns, Instance /romseq/ROM0/U0/native_mem_map_module/mem_map_module/ : Warning: CONV_INTEGER: There is an 'U'|'X'|'W'|'Z'|'-' in an arithmetic operand, and it has been converted to 0.
at 2654 ns, Instance /romseq/ROM0/U0/native_mem_map_module/mem_map_module/ : Warning: CONV_INTEGER: There is an 'U'|'X'|'W'|'Z'|'-' in an arithmetic operand, and it has been converted to 0.
at 2658 ns, Instance /romseq/ROM0/U0/native_mem_map_module/mem_map_module/ : Warning: CONV_INTEGER: There is an 'U'|'X'|'W'|'Z'|'-' in an arithmetic operand, and it has been converted to 0.
at 2662 ns, Instance /romseq/ROM0/U0/native_mem_map_module/mem_map_module/ : Warning: CONV_INTEGER: There is an 'U'|'X'|'W'|'Z'|'-' in an arithmetic operand, and it has been converted to 0.
at 2666 ns, Instance /romseq/ROM0/U0/native_mem_map_module/mem_map_module/ : Warning: CONV_INTEGER: There is an 'U'|'X'|'W'|'Z'|'-' in an arithmetic operand, and it has been converted to 0.
at 2670 ns, Instance /romseq/ROM0/U0/native_mem_map_module/mem_map_module/ : Warning: CONV_INTEGER: There is an 'U'|'X'|'W'|'Z'|'-' in an arithmetic operand, and it has been converted to 0.
at 2674 ns, Instance /romseq/ROM0/U0/native_mem_map_module/mem_map_module/ : Warning: CONV_INTEGER: There is an 'U'|'X'|'W'|'Z'|'-' in an arithmetic operand, and it has been converted to 0.
at 2678 ns, Instance /romseq/ROM0/U0/native_mem_map_module/mem_map_module/ : Warning: CONV_INTEGER: There is an 'U'|'X'|'W'|'Z'|'-' in an arithmetic operand, and it has been converted to 0.
at 2682 ns, Instance /romseq/ROM0/U0/native_mem_map_module/mem_map_module/ : Warning: CONV_INTEGER: There is an 'U'|'X'|'W'|'Z'|'-' in an arithmetic operand, and it has been converted to 0.
at 2686 ns, Instance /romseq/ROM0/U0/native_mem_map_module/mem_map_module/ : Warning: CONV_INTEGER: There is an 'U'|'X'|'W'|'Z'|'-' in an arithmetic operand, and it has been converted to 0.
at 2690 ns, Instance /romseq/ROM0/U0/native_mem_map_module/mem_map_module/ : Warning: CONV_INTEGER: There is an 'U'|'X'|'W'|'Z'|'-' in an arithmetic operand, and it has been converted to 0.
at 2694 ns, Instance /romseq/ROM0/U0/native_mem_map_module/mem_map_module/ : Warning: CONV_INTEGER: There is an 'U'|'X'|'W'|'Z'|'-' in an arithmetic operand, and it has been converted to 0.
at 2698 ns, Instance /romseq/ROM0/U0/native_mem_map_module/mem_map_module/ : Warning: CONV_INTEGER: There is an 'U'|'X'|'W'|'Z'|'-' in an arithmetic operand, and it has been converted to 0.
at 2702 ns, Instance /romseq/ROM0/U0/native_mem_map_module/mem_map_module/ : Warning: CONV_INTEGER: There is an 'U'|'X'|'W'|'Z'|'-' in an arithmetic operand, and it has been converted to 0.
at 2706 ns, Instance /romseq/ROM0/U0/native_mem_map_module/mem_map_module/ : Warning: CONV_INTEGER: There is an 'U'|'X'|'W'|'Z'|'-' in an arithmetic operand, and it has been converted to 0.
at 2710 ns, Instance /romseq/ROM0/U0/native_mem_map_module/mem_map_module/ : Warning: CONV_INTEGER: There is an 'U'|'X'|'W'|'Z'|'-' in an arithmetic operand, and it has been converted to 0.
at 2714 ns, Instance /romseq/ROM0/U0/native_mem_map_module/mem_map_module/ : Warning: CONV_INTEGER: There is an 'U'|'X'|'W'|'Z'|'-' in an arithmetic operand, and it has been converted to 0.
at 2718 ns, Instance /romseq/ROM0/U0/native_mem_map_module/mem_map_module/ : Warning: CONV_INTEGER: There is an 'U'|'X'|'W'|'Z'|'-' in an arithmetic operand, and it has been converted to 0.
at 2722 ns, Instance /romseq/ROM0/U0/native_mem_map_module/mem_map_module/ : Warning: CONV_INTEGER: There is an 'U'|'X'|'W'|'Z'|'-' in an arithmetic operand, and it has been converted to 0.
at 2726 ns, Instance /romseq/ROM0/U0/native_mem_map_module/mem_map_module/ : Warning: CONV_INTEGER: There is an 'U'|'X'|'W'|'Z'|'-' in an arithmetic operand, and it has been converted to 0.
at 2730 ns, Instance /romseq/ROM0/U0/native_mem_map_module/mem_map_module/ : Warning: CONV_INTEGER: There is an 'U'|'X'|'W'|'Z'|'-' in an arithmetic operand, and it has been converted to 0.
at 2734 ns, Instance /romseq/ROM0/U0/native_mem_map_module/mem_map_module/ : Warning: CONV_INTEGER: There is an 'U'|'X'|'W'|'Z'|'-' in an arithmetic operand, and it has been converted to 0.
at 2738 ns, Instance /romseq/ROM0/U0/native_mem_map_module/mem_map_module/ : Warning: CONV_INTEGER: There is an 'U'|'X'|'W'|'Z'|'-' in an arithmetic operand, and it has been converted to 0.
at 2742 ns, Instance /romseq/ROM0/U0/native_mem_map_module/mem_map_module/ : Warning: CONV_INTEGER: There is an 'U'|'X'|'W'|'Z'|'-' in an arithmetic operand, and it has been converted to 0.
at 2746 ns, Instance /romseq/ROM0/U0/native_mem_map_module/mem_map_module/ : Warning: CONV_INTEGER: There is an 'U'|'X'|'W'|'Z'|'-' in an arithmetic operand, and it has been converted to 0.
at 2750 ns, Instance /romseq/ROM0/U0/native_mem_map_module/mem_map_module/ : Warning: CONV_INTEGER: There is an 'U'|'X'|'W'|'Z'|'-' in an arithmetic operand, and it has been converted to 0.
at 2754 ns, Instance /romseq/ROM0/U0/native_mem_map_module/mem_map_module/ : Warning: CONV_INTEGER: There is an 'U'|'X'|'W'|'Z'|'-' in an arithmetic operand, and it has been converted to 0.
at 2758 ns, Instance /romseq/ROM0/U0/native_mem_map_module/mem_map_module/ : Warning: CONV_INTEGER: There is an 'U'|'X'|'W'|'Z'|'-' in an arithmetic operand, and it has been converted to 0.
at 2762 ns, Instance /romseq/ROM0/U0/native_mem_map_module/mem_map_module/ : Warning: CONV_INTEGER: There is an 'U'|'X'|'W'|'Z'|'-' in an arithmetic operand, and it has been converted to 0.
at 2766 ns, Instance /romseq/ROM0/U0/native_mem_map_module/mem_map_module/ : Warning: CONV_INTEGER: There is an 'U'|'X'|'W'|'Z'|'-' in an arithmetic operand, and it has been converted to 0.
at 2770 ns, Instance /romseq/ROM0/U0/native_mem_map_module/mem_map_module/ : Warning: CONV_INTEGER: There is an 'U'|'X'|'W'|'Z'|'-' in an arithmetic operand, and it has been converted to 0.
at 2774 ns, Instance /romseq/ROM0/U0/native_mem_map_module/mem_map_module/ : Warning: CONV_INTEGER: There is an 'U'|'X'|'W'|'Z'|'-' in an arithmetic operand, and it has been converted to 0.
at 2778 ns, Instance /romseq/ROM0/U0/native_mem_map_module/mem_map_module/ : Warning: CONV_INTEGER: There is an 'U'|'X'|'W'|'Z'|'-' in an arithmetic operand, and it has been converted to 0.
at 2782 ns, Instance /romseq/ROM0/U0/native_mem_map_module/mem_map_module/ : Warning: CONV_INTEGER: There is an 'U'|'X'|'W'|'Z'|'-' in an arithmetic operand, and it has been converted to 0.
at 2786 ns, Instance /romseq/ROM0/U0/native_mem_map_module/mem_map_module/ : Warning: CONV_INTEGER: There is an 'U'|'X'|'W'|'Z'|'-' in an arithmetic operand, and it has been converted to 0.
at 2790 ns, Instance /romseq/ROM0/U0/native_mem_map_module/mem_map_module/ : Warning: CONV_INTEGER: There is an 'U'|'X'|'W'|'Z'|'-' in an arithmetic operand, and it has been converted to 0.
at 2794 ns, Instance /romseq/ROM0/U0/native_mem_map_module/mem_map_module/ : Warning: CONV_INTEGER: There is an 'U'|'X'|'W'|'Z'|'-' in an arithmetic operand, and it has been converted to 0.
at 2798 ns, Instance /romseq/ROM0/U0/native_mem_map_module/mem_map_module/ : Warning: CONV_INTEGER: There is an 'U'|'X'|'W'|'Z'|'-' in an arithmetic operand, and it has been converted to 0.
at 2802 ns, Instance /romseq/ROM0/U0/native_mem_map_module/mem_map_module/ : Warning: CONV_INTEGER: There is an 'U'|'X'|'W'|'Z'|'-' in an arithmetic operand, and it has been converted to 0.
at 2806 ns, Instance /romseq/ROM0/U0/native_mem_map_module/mem_map_module/ : Warning: CONV_INTEGER: There is an 'U'|'X'|'W'|'Z'|'-' in an arithmetic operand, and it has been converted to 0.
at 2810 ns, Instance /romseq/ROM0/U0/native_mem_map_module/mem_map_module/ : Warning: CONV_INTEGER: There is an 'U'|'X'|'W'|'Z'|'-' in an arithmetic operand, and it has been converted to 0.
at 2814 ns, Instance /romseq/ROM0/U0/native_mem_map_module/mem_map_module/ : Warning: CONV_INTEGER: There is an 'U'|'X'|'W'|'Z'|'-' in an arithmetic operand, and it has been converted to 0.
at 2818 ns, Instance /romseq/ROM0/U0/native_mem_map_module/mem_map_module/ : Warning: CONV_INTEGER: There is an 'U'|'X'|'W'|'Z'|'-' in an arithmetic operand, and it has been converted to 0.
at 2822 ns, Instance /romseq/ROM0/U0/native_mem_map_module/mem_map_module/ : Warning: CONV_INTEGER: There is an 'U'|'X'|'W'|'Z'|'-' in an arithmetic operand, and it has been converted to 0.
at 2826 ns, Instance /romseq/ROM0/U0/native_mem_map_module/mem_map_module/ : Warning: CONV_INTEGER: There is an 'U'|'X'|'W'|'Z'|'-' in an arithmetic operand, and it has been converted to 0.
at 2830 ns, Instance /romseq/ROM0/U0/native_mem_map_module/mem_map_module/ : Warning: CONV_INTEGER: There is an 'U'|'X'|'W'|'Z'|'-' in an arithmetic operand, and it has been converted to 0.
at 2834 ns, Instance /romseq/ROM0/U0/native_mem_map_module/mem_map_module/ : Warning: CONV_INTEGER: There is an 'U'|'X'|'W'|'Z'|'-' in an arithmetic operand, and it has been converted to 0.
at 2838 ns, Instance /romseq/ROM0/U0/native_mem_map_module/mem_map_module/ : Warning: CONV_INTEGER: There is an 'U'|'X'|'W'|'Z'|'-' in an arithmetic operand, and it has been converted to 0.
at 2842 ns, Instance /romseq/ROM0/U0/native_mem_map_module/mem_map_module/ : Warning: CONV_INTEGER: There is an 'U'|'X'|'W'|'Z'|'-' in an arithmetic operand, and it has been converted to 0.
at 2846 ns, Instance /romseq/ROM0/U0/native_mem_map_module/mem_map_module/ : Warning: CONV_INTEGER: There is an 'U'|'X'|'W'|'Z'|'-' in an arithmetic operand, and it has been converted to 0.
at 2850 ns, Instance /romseq/ROM0/U0/native_mem_map_module/mem_map_module/ : Warning: CONV_INTEGER: There is an 'U'|'X'|'W'|'Z'|'-' in an arithmetic operand, and it has been converted to 0.
at 2854 ns, Instance /romseq/ROM0/U0/native_mem_map_module/mem_map_module/ : Warning: CONV_INTEGER: There is an 'U'|'X'|'W'|'Z'|'-' in an arithmetic operand, and it has been converted to 0.
at 2858 ns, Instance /romseq/ROM0/U0/native_mem_map_module/mem_map_module/ : Warning: CONV_INTEGER: There is an 'U'|'X'|'W'|'Z'|'-' in an arithmetic operand, and it has been converted to 0.
at 2862 ns, Instance /romseq/ROM0/U0/native_mem_map_module/mem_map_module/ : Warning: CONV_INTEGER: There is an 'U'|'X'|'W'|'Z'|'-' in an arithmetic operand, and it has been converted to 0.
at 2866 ns, Instance /romseq/ROM0/U0/native_mem_map_module/mem_map_module/ : Warning: CONV_INTEGER: There is an 'U'|'X'|'W'|'Z'|'-' in an arithmetic operand, and it has been converted to 0.
at 2870 ns, Instance /romseq/ROM0/U0/native_mem_map_module/mem_map_module/ : Warning: CONV_INTEGER: There is an 'U'|'X'|'W'|'Z'|'-' in an arithmetic operand, and it has been converted to 0.
at 2874 ns, Instance /romseq/ROM0/U0/native_mem_map_module/mem_map_module/ : Warning: CONV_INTEGER: There is an 'U'|'X'|'W'|'Z'|'-' in an arithmetic operand, and it has been converted to 0.
at 2878 ns, Instance /romseq/ROM0/U0/native_mem_map_module/mem_map_module/ : Warning: CONV_INTEGER: There is an 'U'|'X'|'W'|'Z'|'-' in an arithmetic operand, and it has been converted to 0.
at 2882 ns, Instance /romseq/ROM0/U0/native_mem_map_module/mem_map_module/ : Warning: CONV_INTEGER: There is an 'U'|'X'|'W'|'Z'|'-' in an arithmetic operand, and it has been converted to 0.
at 2886 ns, Instance /romseq/ROM0/U0/native_mem_map_module/mem_map_module/ : Warning: CONV_INTEGER: There is an 'U'|'X'|'W'|'Z'|'-' in an arithmetic operand, and it has been converted to 0.
at 2890 ns, Instance /romseq/ROM0/U0/native_mem_map_module/mem_map_module/ : Warning: CONV_INTEGER: There is an 'U'|'X'|'W'|'Z'|'-' in an arithmetic operand, and it has been converted to 0.
at 2894 ns, Instance /romseq/ROM0/U0/native_mem_map_module/mem_map_module/ : Warning: CONV_INTEGER: There is an 'U'|'X'|'W'|'Z'|'-' in an arithmetic operand, and it has been converted to 0.
at 2898 ns, Instance /romseq/ROM0/U0/native_mem_map_module/mem_map_module/ : Warning: CONV_INTEGER: There is an 'U'|'X'|'W'|'Z'|'-' in an arithmetic operand, and it has been converted to 0.
at 2902 ns, Instance /romseq/ROM0/U0/native_mem_map_module/mem_map_module/ : Warning: CONV_INTEGER: There is an 'U'|'X'|'W'|'Z'|'-' in an arithmetic operand, and it has been converted to 0.
at 2906 ns, Instance /romseq/ROM0/U0/native_mem_map_module/mem_map_module/ : Warning: CONV_INTEGER: There is an 'U'|'X'|'W'|'Z'|'-' in an arithmetic operand, and it has been converted to 0.
at 2910 ns, Instance /romseq/ROM0/U0/native_mem_map_module/mem_map_module/ : Warning: CONV_INTEGER: There is an 'U'|'X'|'W'|'Z'|'-' in an arithmetic operand, and it has been converted to 0.
at 2914 ns, Instance /romseq/ROM0/U0/native_mem_map_module/mem_map_module/ : Warning: CONV_INTEGER: There is an 'U'|'X'|'W'|'Z'|'-' in an arithmetic operand, and it has been converted to 0.
at 2918 ns, Instance /romseq/ROM0/U0/native_mem_map_module/mem_map_module/ : Warning: CONV_INTEGER: There is an 'U'|'X'|'W'|'Z'|'-' in an arithmetic operand, and it has been converted to 0.
at 2922 ns, Instance /romseq/ROM0/U0/native_mem_map_module/mem_map_module/ : Warning: CONV_INTEGER: There is an 'U'|'X'|'W'|'Z'|'-' in an arithmetic operand, and it has been converted to 0.
at 2926 ns, Instance /romseq/ROM0/U0/native_mem_map_module/mem_map_module/ : Warning: CONV_INTEGER: There is an 'U'|'X'|'W'|'Z'|'-' in an arithmetic operand, and it has been converted to 0.
at 2930 ns, Instance /romseq/ROM0/U0/native_mem_map_module/mem_map_module/ : Warning: CONV_INTEGER: There is an 'U'|'X'|'W'|'Z'|'-' in an arithmetic operand, and it has been converted to 0.
at 2934 ns, Instance /romseq/ROM0/U0/native_mem_map_module/mem_map_module/ : Warning: CONV_INTEGER: There is an 'U'|'X'|'W'|'Z'|'-' in an arithmetic operand, and it has been converted to 0.
at 2938 ns, Instance /romseq/ROM0/U0/native_mem_map_module/mem_map_module/ : Warning: CONV_INTEGER: There is an 'U'|'X'|'W'|'Z'|'-' in an arithmetic operand, and it has been converted to 0.
at 2942 ns, Instance /romseq/ROM0/U0/native_mem_map_module/mem_map_module/ : Warning: CONV_INTEGER: There is an 'U'|'X'|'W'|'Z'|'-' in an arithmetic operand, and it has been converted to 0.
at 2946 ns, Instance /romseq/ROM0/U0/native_mem_map_module/mem_map_module/ : Warning: CONV_INTEGER: There is an 'U'|'X'|'W'|'Z'|'-' in an arithmetic operand, and it has been converted to 0.
at 2950 ns, Instance /romseq/ROM0/U0/native_mem_map_module/mem_map_module/ : Warning: CONV_INTEGER: There is an 'U'|'X'|'W'|'Z'|'-' in an arithmetic operand, and it has been converted to 0.
at 2954 ns, Instance /romseq/ROM0/U0/native_mem_map_module/mem_map_module/ : Warning: CONV_INTEGER: There is an 'U'|'X'|'W'|'Z'|'-' in an arithmetic operand, and it has been converted to 0.
at 2958 ns, Instance /romseq/ROM0/U0/native_mem_map_module/mem_map_module/ : Warning: CONV_INTEGER: There is an 'U'|'X'|'W'|'Z'|'-' in an arithmetic operand, and it has been converted to 0.
at 2962 ns, Instance /romseq/ROM0/U0/native_mem_map_module/mem_map_module/ : Warning: CONV_INTEGER: There is an 'U'|'X'|'W'|'Z'|'-' in an arithmetic operand, and it has been converted to 0.
at 2966 ns, Instance /romseq/ROM0/U0/native_mem_map_module/mem_map_module/ : Warning: CONV_INTEGER: There is an 'U'|'X'|'W'|'Z'|'-' in an arithmetic operand, and it has been converted to 0.
at 2970 ns, Instance /romseq/ROM0/U0/native_mem_map_module/mem_map_module/ : Warning: CONV_INTEGER: There is an 'U'|'X'|'W'|'Z'|'-' in an arithmetic operand, and it has been converted to 0.
at 2974 ns, Instance /romseq/ROM0/U0/native_mem_map_module/mem_map_module/ : Warning: CONV_INTEGER: There is an 'U'|'X'|'W'|'Z'|'-' in an arithmetic operand, and it has been converted to 0.
at 2978 ns, Instance /romseq/ROM0/U0/native_mem_map_module/mem_map_module/ : Warning: CONV_INTEGER: There is an 'U'|'X'|'W'|'Z'|'-' in an arithmetic operand, and it has been converted to 0.
at 2982 ns, Instance /romseq/ROM0/U0/native_mem_map_module/mem_map_module/ : Warning: CONV_INTEGER: There is an 'U'|'X'|'W'|'Z'|'-' in an arithmetic operand, and it has been converted to 0.
at 2986 ns, Instance /romseq/ROM0/U0/native_mem_map_module/mem_map_module/ : Warning: CONV_INTEGER: There is an 'U'|'X'|'W'|'Z'|'-' in an arithmetic operand, and it has been converted to 0.
at 2990 ns, Instance /romseq/ROM0/U0/native_mem_map_module/mem_map_module/ : Warning: CONV_INTEGER: There is an 'U'|'X'|'W'|'Z'|'-' in an arithmetic operand, and it has been converted to 0.
at 2994 ns, Instance /romseq/ROM0/U0/native_mem_map_module/mem_map_module/ : Warning: CONV_INTEGER: There is an 'U'|'X'|'W'|'Z'|'-' in an arithmetic operand, and it has been converted to 0.
at 2998 ns, Instance /romseq/ROM0/U0/native_mem_map_module/mem_map_module/ : Warning: CONV_INTEGER: There is an 'U'|'X'|'W'|'Z'|'-' in an arithmetic operand, and it has been converted to 0.
# isim force add /romseq/addr 0 -radix unsigned
# isim force add /romseq/addr 0 -radix unsigned
# run 1.00us
# run 1.00us
# isim force add /romseq/addr 1 -radix unsigned
# isim force add /romseq/addr 1 -radix unsigned
# run 1.00us
# run 1.00us
# isim force add /romseq/addr 2 -radix unsigned
# isim force add /romseq/addr 2 -radix unsigned
# run 1.00us
# run 1.00us
# isim force add /romseq/addr 3 -radix unsigned
# isim force add /romseq/addr 3 -radix unsigned
# run 1.00us
# run 1.00us
# isim force add /romseq/addr 5 -radix unsigned
# isim force add /romseq/addr 5 -radix unsigned
# run 1.00us
# isim force add /romseq/addr 7 -radix unsigned
# isim force add /romseq/addr 7 -radix unsigned
# run 1.00us
# isim force add /romseq/addr 8 -radix unsigned
# isim force add /romseq/addr 8 -radix unsigned
# run 1.00us
# isim force add /romseq/addr 10 -radix unsigned
# isim force add /romseq/addr 10 -radix unsigned
# run 1.00us
# isim force add /romseq/addr 11 -radix unsigned
# isim force add /romseq/addr 11 -radix unsigned
# run 1.00us
# run 1.00us
# isim force add /romseq/addr 12 -radix unsigned
# isim force add /romseq/addr 12 -radix unsigned
# run 1.00us
# isim force add /romseq/addr 00000000000000000000000000000000 -radix bin
# isim force add /romseq/addr 00000000000000000000000000000000 -radix bin
# run 1.00us
# run 1.00us
# isim force add /romseq/addr 00000000000000000000000000000100 -radix bin
# isim force add /romseq/addr 00000000000000000000000000000100 -radix bin
# run 1.00us
# isim force add /romseq/addr 00000000000000000000000000001000 -radix bin
# isim force add /romseq/addr 00000000000000000000000000001000 -radix bin
# run 1.00us
# isim force add /romseq/addr 00000000000000000000000000001100 -radix bin
# isim force add /romseq/addr 00000000000000000000000000001100 -radix bin
# run 1.00us
# isim force add /romseq/addr 00000000000000000000000000010000 -radix bin
# isim force add /romseq/addr 00000000000000000000000000010000 -radix bin
# run 1.00us
