Release 14.5 - xst P.58f (lin64)
Copyright (c) 1995-2012 Xilinx, Inc.  All rights reserved.
--> 
Parameter TMPDIR set to xst/projnav.tmp


Total REAL time to Xst completion: 0.00 secs
Total CPU time to Xst completion: 0.04 secs
 
--> 
Parameter xsthdpdir set to xst


Total REAL time to Xst completion: 0.00 secs
Total CPU time to Xst completion: 0.05 secs
 
--> 
Reading design: ROMSEQ.prj

TABLE OF CONTENTS
  1) Synthesis Options Summary
  2) HDL Parsing
  3) HDL Elaboration
  4) HDL Synthesis
       4.1) HDL Synthesis Report
  5) Advanced HDL Synthesis
       5.1) Advanced HDL Synthesis Report
  6) Low Level Synthesis
  7) Partition Report
  8) Design Summary
       8.1) Primitive and Black Box Usage
       8.2) Device utilization summary
       8.3) Partition Resource Summary
       8.4) Timing Report
            8.4.1) Clock Information
            8.4.2) Asynchronous Control Signals Information
            8.4.3) Timing Summary
            8.4.4) Timing Details
            8.4.5) Cross Clock Domains Report


=========================================================================
*                      Synthesis Options Summary                        *
=========================================================================
---- Source Parameters
Input File Name                    : "ROMSEQ.prj"
Ignore Synthesis Constraint File   : NO

---- Target Parameters
Output File Name                   : "ROMSEQ"
Output Format                      : NGC
Target Device                      : xc6slx150-3-fgg484

---- Source Options
Top Module Name                    : ROMSEQ
Automatic FSM Extraction           : YES
FSM Encoding Algorithm             : Auto
Safe Implementation                : No
FSM Style                          : LUT
RAM Extraction                     : Yes
RAM Style                          : Auto
ROM Extraction                     : Yes
Shift Register Extraction          : YES
ROM Style                          : Auto
Resource Sharing                   : YES
Asynchronous To Synchronous        : NO
Shift Register Minimum Size        : 2
Use DSP Block                      : Auto
Automatic Register Balancing       : No

---- Target Options
LUT Combining                      : Auto
Reduce Control Sets                : Auto
Add IO Buffers                     : YES
Global Maximum Fanout              : 100000
Add Generic Clock Buffer(BUFG)     : 16
Register Duplication               : YES
Optimize Instantiated Primitives   : NO
Use Clock Enable                   : Auto
Use Synchronous Set                : Auto
Use Synchronous Reset              : Auto
Pack IO Registers into IOBs        : Auto
Equivalent register Removal        : YES

---- General Options
Optimization Goal                  : Speed
Optimization Effort                : 1
Power Reduction                    : NO
Keep Hierarchy                     : No
Netlist Hierarchy                  : As_Optimized
RTL Output                         : Yes
Global Optimization                : AllClockNets
Read Cores                         : YES
Write Timing Constraints           : NO
Cross Clock Analysis               : NO
Hierarchy Separator                : /
Bus Delimiter                      : <>
Case Specifier                     : Maintain
Slice Utilization Ratio            : 100
BRAM Utilization Ratio             : 100
DSP48 Utilization Ratio            : 100
Auto BRAM Packing                  : NO
Slice Utilization Ratio Delta      : 5

---- Other Options
Cores Search Directories           : {"ipcore_dir"  }

=========================================================================


=========================================================================
*                          HDL Parsing                                  *
=========================================================================
Parsing VHDL file "/media/data/git/jcfpga/ROMSEQ/ipcore_dir/blockmem.vhd" into library work
Parsing entity <blockmem>.
Parsing architecture <blockmem_a> of entity <blockmem>.
Parsing VHDL file "/media/data/git/jcfpga/ROMSEQ/hdl/ROMSEQ.vhd" into library work
Parsing entity <ROMSEQ>.
Parsing architecture <Behavioral> of entity <romseq>.

=========================================================================
*                            HDL Elaboration                            *
=========================================================================

Elaborating entity <ROMSEQ> (architecture <Behavioral>) from library <work>.

Elaborating entity <blockmem> (architecture <blockmem_a>) from library <work>.

=========================================================================
*                           HDL Synthesis                               *
=========================================================================

Synthesizing Unit <ROMSEQ>.
    Related source file is "/media/data/git/jcfpga/ROMSEQ/hdl/ROMSEQ.vhd".
    Summary:
	no macro.
Unit <ROMSEQ> synthesized.

=========================================================================
HDL Synthesis Report

Found no macro
=========================================================================

=========================================================================
*                       Advanced HDL Synthesis                          *
=========================================================================

Reading core <ipcore_dir/blockmem.ngc>.
Loading core <blockmem> for timing and area information for instance <ROM0>.

=========================================================================
Advanced HDL Synthesis Report

Found no macro
=========================================================================

=========================================================================
*                         Low Level Synthesis                           *
=========================================================================

Optimizing unit <ROMSEQ> ...

Mapping all equations...
Building and optimizing final netlist ...
Found area constraint ratio of 100 (+ 5) on block ROMSEQ, actual ratio is 0.

Final Macro Processing ...

=========================================================================
Final Register Report

Found no macro
=========================================================================

=========================================================================
*                           Partition Report                            *
=========================================================================

Partition Implementation Status
-------------------------------

  No Partitions were found in this design.

-------------------------------

=========================================================================
*                            Design Summary                             *
=========================================================================

Top Level Output File Name         : ROMSEQ.ngc

Primitive and Black Box Usage:
------------------------------
# BELS                             : 38
#      GND                         : 1
#      LUT2                        : 2
#      LUT4                        : 32
#      LUT6                        : 2
#      VCC                         : 1
# FlipFlops/Latches                : 6
#      FDE                         : 6
# RAMS                             : 33
#      RAMB8BWER                   : 33
# Clock Buffers                    : 1
#      BUFGP                       : 1
# IO Buffers                       : 66
#      IBUF                        : 34
#      OBUF                        : 32

Device utilization summary:
---------------------------

Selected Device : 6slx150fgg484-3 


Slice Logic Utilization: 
 Number of Slice Registers:               6  out of  184304     0%  
 Number of Slice LUTs:                   36  out of  92152     0%  
    Number used as Logic:                36  out of  92152     0%  

Slice Logic Distribution: 
 Number of LUT Flip Flop pairs used:     39
   Number with an unused Flip Flop:      33  out of     39    84%  
   Number with an unused LUT:             3  out of     39     7%  
   Number of fully used LUT-FF pairs:     3  out of     39     7%  
   Number of unique control sets:         1

IO Utilization: 
 Number of IOs:                          67
 Number of bonded IOBs:                  67  out of    338    19%  

Specific Feature Utilization:
 Number of Block RAM/FIFO:               17  out of    268     6%  
    Number using Block RAM only:         17
 Number of BUFG/BUFGCTRL/BUFHCEs:         1  out of     16     6%  

---------------------------
Partition Resource Summary:
---------------------------

  No Partitions were found in this design.

---------------------------


=========================================================================
Timing Report

NOTE: THESE TIMING NUMBERS ARE ONLY A SYNTHESIS ESTIMATE.
      FOR ACCURATE TIMING INFORMATION PLEASE REFER TO THE TRACE REPORT
      GENERATED AFTER PLACE-and-ROUTE.

Clock Information:
------------------
-----------------------------------+------------------------------------------------------------------------------------------------------------------------------------------------+-------+
Clock Signal                       | Clock buffer(FF name)                                                                                                                          | Load  |
-----------------------------------+------------------------------------------------------------------------------------------------------------------------------------------------+-------+
CLOCK                              | BUFGP                                                                                                                                          | 39    |
ROM0/N1                            | NONE(ROM0/U0/xst_blk_mem_generator/gnative_mem_map_bmg.native_mem_map_blk_mem_gen/valid.cstr/ramloop[32].ram.r/s6_init.ram/SP.SIMPLE_PRIM9.ram)| 32    |
-----------------------------------+------------------------------------------------------------------------------------------------------------------------------------------------+-------+
INFO:Xst:2169 - HDL ADVISOR - Some clock signals were not automatically buffered by XST with BUFG/BUFR resources. Please use the buffer_type constraint in order to insert these buffers to the clock signals to help prevent skew problems.

Asynchronous Control Signals Information:
----------------------------------------
No asynchronous control signals found in this design

Timing Summary:
---------------
Speed Grade: -3

   Minimum period: No path found
   Minimum input arrival time before clock: 4.471ns
   Maximum output required time after clock: 6.952ns
   Maximum combinational path delay: No path found

Timing Details:
---------------
All values displayed in nanoseconds (ns)

=========================================================================
Timing constraint: Default OFFSET IN BEFORE for Clock 'CLOCK'
  Total number of paths / destination ports: 556 / 512
-------------------------------------------------------------------------
Offset:              4.471ns (Levels of Logic = 4)
  Source:            ADDR<11> (PAD)
  Destination:       ROM0/U0/xst_blk_mem_generator/gnative_mem_map_bmg.native_mem_map_blk_mem_gen/valid.cstr/ramloop[1].ram.r/s6_init.ram/SP.WIDE_PRIM9.ram (RAM)
  Destination Clock: CLOCK rising

  Data Path: ADDR<11> to ROM0/U0/xst_blk_mem_generator/gnative_mem_map_bmg.native_mem_map_blk_mem_gen/valid.cstr/ramloop[1].ram.r/s6_init.ram/SP.WIDE_PRIM9.ram
                                Gate     Net
    Cell:in->out      fanout   Delay   Delay  Logical Name (Net Name)
    ----------------------------------------  ------------
     IBUF:I->O            34   1.222   1.425  ADDR_11_IBUF (ADDR_11_IBUF)
     begin scope: 'ROM0:addra<11>'
     LUT2:I0->O            1   0.203   0.580  U0/xst_blk_mem_generator/gnative_mem_map_bmg.native_mem_map_blk_mem_gen/valid.cstr/bindec_a.bindec_inst_a/Mmux_ENOUT<32>1_SW0 (N2)
     LUT6:I5->O            2   0.205   0.616  U0/xst_blk_mem_generator/gnative_mem_map_bmg.native_mem_map_blk_mem_gen/valid.cstr/bindec_a.bindec_inst_a/Mmux_ENOUT<32>1 (U0/xst_blk_mem_generator/gnative_mem_map_bmg.native_mem_map_blk_mem_gen/valid.cstr/ena_array<32>)
     RAMB8BWER:ENAWREN         0.220          U0/xst_blk_mem_generator/gnative_mem_map_bmg.native_mem_map_blk_mem_gen/valid.cstr/ramloop[1].ram.r/s6_init.ram/SP.WIDE_PRIM9.ram
    ----------------------------------------
    Total                      4.471ns (1.850ns logic, 2.621ns route)
                                       (41.4% logic, 58.6% route)

=========================================================================
Timing constraint: Default OFFSET OUT AFTER for Clock 'CLOCK'
  Total number of paths / destination ports: 288 / 32
-------------------------------------------------------------------------
Offset:              6.952ns (Levels of Logic = 4)
  Source:            ROM0/U0/xst_blk_mem_generator/gnative_mem_map_bmg.native_mem_map_blk_mem_gen/valid.cstr/has_mux_a.A/sel_pipe_5 (FF)
  Destination:       DOUT<31> (PAD)
  Source Clock:      CLOCK rising

  Data Path: ROM0/U0/xst_blk_mem_generator/gnative_mem_map_bmg.native_mem_map_blk_mem_gen/valid.cstr/has_mux_a.A/sel_pipe_5 to DOUT<31>
                                Gate     Net
    Cell:in->out      fanout   Delay   Delay  Logical Name (Net Name)
    ----------------------------------------  ------------
     FDE:C->Q             33   0.447   1.410  U0/xst_blk_mem_generator/gnative_mem_map_bmg.native_mem_map_blk_mem_gen/valid.cstr/has_mux_a.A/sel_pipe_5 (U0/xst_blk_mem_generator/gnative_mem_map_bmg.native_mem_map_blk_mem_gen/valid.cstr/has_mux_a.A/sel_pipe<5>)
     LUT6:I4->O           32   0.203   1.539  U0/xst_blk_mem_generator/gnative_mem_map_bmg.native_mem_map_blk_mem_gen/valid.cstr/has_mux_a.A/Mmux_dout_mux1101 (U0/xst_blk_mem_generator/gnative_mem_map_bmg.native_mem_map_blk_mem_gen/valid.cstr/has_mux_a.A/Mmux_dout_mux110)
     LUT4:I0->O            1   0.203   0.579  U0/xst_blk_mem_generator/gnative_mem_map_bmg.native_mem_map_blk_mem_gen/valid.cstr/has_mux_a.A/Mmux_dout_mux111 (douta<0>)
     end scope: 'ROM0:douta<0>'
     OBUF:I->O                 2.571          DOUT_0_OBUF (DOUT<0>)
    ----------------------------------------
    Total                      6.952ns (3.424ns logic, 3.528ns route)
                                       (49.2% logic, 50.8% route)

=========================================================================

Cross Clock Domains Report:
--------------------------

=========================================================================


Total REAL time to Xst completion: 5.00 secs
Total CPU time to Xst completion: 4.98 secs
 
--> 


Total memory usage is 391368 kilobytes

Number of errors   :    0 (   0 filtered)
Number of warnings :    0 (   0 filtered)
Number of infos    :    1 (   0 filtered)

