   1              		.cpu arm926ej-s
   2              		.fpu softvfp
   3              		.eabi_attribute 20, 1
   4              		.eabi_attribute 21, 1
   5              		.eabi_attribute 23, 3
   6              		.eabi_attribute 24, 1
   7              		.eabi_attribute 25, 1
   8              		.eabi_attribute 26, 1
   9              		.eabi_attribute 30, 6
  10              		.eabi_attribute 18, 4
  11              		.file	"cyfxslfifousbdscr.c"
  19              	.Ltext0:
  20              		.cfi_sections	.debug_frame
  21              		.global	CyFxUSB30DeviceDscr
  22              		.section	.rodata
  23              		.align	5
  26              	CyFxUSB30DeviceDscr:
  27 0000 12       		.byte	18
  28 0001 01       		.byte	1
  29 0002 00       		.byte	0
  30 0003 03       		.byte	3
  31 0004 00       		.byte	0
  32 0005 00       		.byte	0
  33 0006 00       		.byte	0
  34 0007 09       		.byte	9
  35 0008 B4       		.byte	-76
  36 0009 04       		.byte	4
  37 000a F1       		.byte	-15
  38 000b 00       		.byte	0
  39 000c 00       		.byte	0
  40 000d 00       		.byte	0
  41 000e 01       		.byte	1
  42 000f 02       		.byte	2
  43 0010 00       		.byte	0
  44 0011 01       		.byte	1
  45              		.global	CyFxUSB20DeviceDscr
  46 0012 00000000 		.align	5
  46      00000000 
  46      00000000 
  46      0000
  49              	CyFxUSB20DeviceDscr:
  50 0020 12       		.byte	18
  51 0021 01       		.byte	1
  52 0022 10       		.byte	16
  53 0023 02       		.byte	2
  54 0024 00       		.byte	0
  55 0025 00       		.byte	0
  56 0026 00       		.byte	0
  57 0027 40       		.byte	64
  58 0028 B4       		.byte	-76
  59 0029 04       		.byte	4
  60 002a F1       		.byte	-15
  61 002b 00       		.byte	0
  62 002c 00       		.byte	0
  63 002d 00       		.byte	0
  64 002e 01       		.byte	1
  65 002f 02       		.byte	2
  66 0030 00       		.byte	0
  67 0031 01       		.byte	1
  68              		.global	CyFxUSBBOSDscr
  69 0032 00000000 		.align	5
  69      00000000 
  69      00000000 
  69      0000
  72              	CyFxUSBBOSDscr:
  73 0040 05       		.byte	5
  74 0041 0F       		.byte	15
  75 0042 16       		.byte	22
  76 0043 00       		.byte	0
  77 0044 02       		.byte	2
  78 0045 07       		.byte	7
  79 0046 10       		.byte	16
  80 0047 02       		.byte	2
  81 0048 02       		.byte	2
  82 0049 00       		.byte	0
  83 004a 00       		.byte	0
  84 004b 00       		.byte	0
  85 004c 0A       		.byte	10
  86 004d 10       		.byte	16
  87 004e 03       		.byte	3
  88 004f 00       		.byte	0
  89 0050 0E       		.byte	14
  90 0051 00       		.byte	0
  91 0052 03       		.byte	3
  92 0053 00       		.byte	0
  93 0054 00       		.byte	0
  94 0055 00       		.byte	0
  95              		.global	CyFxUSBDeviceQualDscr
  96 0056 00000000 		.align	5
  96      00000000 
  96      0000
  99              	CyFxUSBDeviceQualDscr:
 100 0060 0A       		.byte	10
 101 0061 06       		.byte	6
 102 0062 00       		.byte	0
 103 0063 02       		.byte	2
 104 0064 00       		.byte	0
 105 0065 00       		.byte	0
 106 0066 00       		.byte	0
 107 0067 40       		.byte	64
 108 0068 01       		.byte	1
 109 0069 00       		.byte	0
 110              		.global	CyFxUSBSSConfigDscr
 111 006a 00000000 		.align	5
 111      00000000 
 111      00000000 
 111      00000000 
 111      00000000 
 114              	CyFxUSBSSConfigDscr:
 115 0080 09       		.byte	9
 116 0081 02       		.byte	2
 117 0082 2C       		.byte	44
 118 0083 00       		.byte	0
 119 0084 01       		.byte	1
 120 0085 01       		.byte	1
 121 0086 00       		.byte	0
 122 0087 80       		.byte	-128
 123 0088 32       		.byte	50
 124 0089 09       		.byte	9
 125 008a 04       		.byte	4
 126 008b 00       		.byte	0
 127 008c 00       		.byte	0
 128 008d 02       		.byte	2
 129 008e FF       		.byte	-1
 130 008f 00       		.byte	0
 131 0090 00       		.byte	0
 132 0091 00       		.byte	0
 133 0092 07       		.byte	7
 134 0093 05       		.byte	5
 135 0094 01       		.byte	1
 136 0095 02       		.byte	2
 137 0096 00       		.byte	0
 138 0097 04       		.byte	4
 139 0098 00       		.byte	0
 140 0099 06       		.byte	6
 141 009a 30       		.byte	48
 142 009b 00       		.byte	0
 143 009c 00       		.byte	0
 144 009d 00       		.byte	0
 145 009e 00       		.byte	0
 146 009f 07       		.byte	7
 147 00a0 05       		.byte	5
 148 00a1 81       		.byte	-127
 149 00a2 02       		.byte	2
 150 00a3 00       		.byte	0
 151 00a4 04       		.byte	4
 152 00a5 00       		.byte	0
 153 00a6 06       		.byte	6
 154 00a7 30       		.byte	48
 155 00a8 00       		.byte	0
 156 00a9 00       		.byte	0
 157 00aa 00       		.byte	0
 158 00ab 00       		.byte	0
 159              		.global	CyFxUSBHSConfigDscr
 160 00ac 00000000 		.align	5
 160      00000000 
 160      00000000 
 160      00000000 
 160      00000000 
 163              	CyFxUSBHSConfigDscr:
 164 00c0 09       		.byte	9
 165 00c1 02       		.byte	2
 166 00c2 20       		.byte	32
 167 00c3 00       		.byte	0
 168 00c4 01       		.byte	1
 169 00c5 01       		.byte	1
 170 00c6 00       		.byte	0
 171 00c7 80       		.byte	-128
 172 00c8 32       		.byte	50
 173 00c9 09       		.byte	9
 174 00ca 04       		.byte	4
 175 00cb 00       		.byte	0
 176 00cc 00       		.byte	0
 177 00cd 02       		.byte	2
 178 00ce FF       		.byte	-1
 179 00cf 00       		.byte	0
 180 00d0 00       		.byte	0
 181 00d1 00       		.byte	0
 182 00d2 07       		.byte	7
 183 00d3 05       		.byte	5
 184 00d4 01       		.byte	1
 185 00d5 02       		.byte	2
 186 00d6 00       		.byte	0
 187 00d7 02       		.byte	2
 188 00d8 00       		.byte	0
 189 00d9 07       		.byte	7
 190 00da 05       		.byte	5
 191 00db 81       		.byte	-127
 192 00dc 02       		.byte	2
 193 00dd 00       		.byte	0
 194 00de 02       		.byte	2
 195 00df 00       		.byte	0
 196              		.global	CyFxUSBFSConfigDscr
 197              		.align	5
 200              	CyFxUSBFSConfigDscr:
 201 00e0 09       		.byte	9
 202 00e1 02       		.byte	2
 203 00e2 20       		.byte	32
 204 00e3 00       		.byte	0
 205 00e4 01       		.byte	1
 206 00e5 01       		.byte	1
 207 00e6 00       		.byte	0
 208 00e7 80       		.byte	-128
 209 00e8 32       		.byte	50
 210 00e9 09       		.byte	9
 211 00ea 04       		.byte	4
 212 00eb 00       		.byte	0
 213 00ec 00       		.byte	0
 214 00ed 02       		.byte	2
 215 00ee FF       		.byte	-1
 216 00ef 00       		.byte	0
 217 00f0 00       		.byte	0
 218 00f1 00       		.byte	0
 219 00f2 07       		.byte	7
 220 00f3 05       		.byte	5
 221 00f4 01       		.byte	1
 222 00f5 02       		.byte	2
 223 00f6 40       		.byte	64
 224 00f7 00       		.byte	0
 225 00f8 00       		.byte	0
 226 00f9 07       		.byte	7
 227 00fa 05       		.byte	5
 228 00fb 81       		.byte	-127
 229 00fc 02       		.byte	2
 230 00fd 40       		.byte	64
 231 00fe 00       		.byte	0
 232 00ff 00       		.byte	0
 233              		.global	CyFxUSBStringLangIDDscr
 234              		.align	5
 237              	CyFxUSBStringLangIDDscr:
 238 0100 04       		.byte	4
 239 0101 03       		.byte	3
 240 0102 09       		.byte	9
 241 0103 04       		.byte	4
 242              		.global	CyFxUSBManufactureDscr
 243 0104 00000000 		.align	5
 243      00000000 
 243      00000000 
 243      00000000 
 243      00000000 
 246              	CyFxUSBManufactureDscr:
 247 0120 10       		.byte	16
 248 0121 03       		.byte	3
 249 0122 43       		.byte	67
 250 0123 00       		.byte	0
 251 0124 79       		.byte	121
 252 0125 00       		.byte	0
 253 0126 70       		.byte	112
 254 0127 00       		.byte	0
 255 0128 72       		.byte	114
 256 0129 00       		.byte	0
 257 012a 65       		.byte	101
 258 012b 00       		.byte	0
 259 012c 73       		.byte	115
 260 012d 00       		.byte	0
 261 012e 73       		.byte	115
 262 012f 00       		.byte	0
 263              		.global	CyFxUSBProductDscr
 264 0130 00000000 		.align	5
 264      00000000 
 264      00000000 
 264      00000000 
 267              	CyFxUSBProductDscr:
 268 0140 08       		.byte	8
 269 0141 03       		.byte	3
 270 0142 46       		.byte	70
 271 0143 00       		.byte	0
 272 0144 58       		.byte	88
 273 0145 00       		.byte	0
 274 0146 33       		.byte	51
 275 0147 00       		.byte	0
 276              		.comm	CyFxUsbDscrAlignBuffer,32,32
 277 0148 00000000 		.text
 277      00000000 
 277      00000000 
 277      00000000 
 277      00000000 
 278              	.Letext0:
 279              		.file 1 "C:\\Program Files (x86)\\Cypress\\EZ-USB FX3 SDK\\1.3\\\\firmware\\u3p_firmware\\inc/cyu3
 280              		.file 2 "../cyfxslfifousbdscr.c"
 281              		.file 3 "c:\\program files (x86)\\cypress\\ez-usb fx3 sdk\\1.3\\bin\\../lib/gcc/arm-none-eabi/4.5.
DEFINED SYMBOLS
                            *ABS*:00000000 cyfxslfifousbdscr.c
C:\Users\rskv\AppData\Local\Temp\ccTa1GAJ.s:26     .rodata:00000000 CyFxUSB30DeviceDscr
C:\Users\rskv\AppData\Local\Temp\ccTa1GAJ.s:23     .rodata:00000000 $d
C:\Users\rskv\AppData\Local\Temp\ccTa1GAJ.s:49     .rodata:00000020 CyFxUSB20DeviceDscr
C:\Users\rskv\AppData\Local\Temp\ccTa1GAJ.s:72     .rodata:00000040 CyFxUSBBOSDscr
C:\Users\rskv\AppData\Local\Temp\ccTa1GAJ.s:99     .rodata:00000060 CyFxUSBDeviceQualDscr
C:\Users\rskv\AppData\Local\Temp\ccTa1GAJ.s:114    .rodata:00000080 CyFxUSBSSConfigDscr
C:\Users\rskv\AppData\Local\Temp\ccTa1GAJ.s:163    .rodata:000000c0 CyFxUSBHSConfigDscr
C:\Users\rskv\AppData\Local\Temp\ccTa1GAJ.s:200    .rodata:000000e0 CyFxUSBFSConfigDscr
C:\Users\rskv\AppData\Local\Temp\ccTa1GAJ.s:237    .rodata:00000100 CyFxUSBStringLangIDDscr
C:\Users\rskv\AppData\Local\Temp\ccTa1GAJ.s:246    .rodata:00000120 CyFxUSBManufactureDscr
C:\Users\rskv\AppData\Local\Temp\ccTa1GAJ.s:267    .rodata:00000140 CyFxUSBProductDscr
                            *COM*:00000020 CyFxUsbDscrAlignBuffer

NO UNDEFINED SYMBOLS
