iMPACT Version: 14.5

iMPACT log file Started on Tue Oct  4 11:13:28 2016

Welcome to iMPACT
iMPACT Version: 14.5
Project: '/media/data/git/jcfpga/FX3_SLAVE//auto_project.ipf' already exists.
Original project has been renamed to'/media/data/git/jcfpga/FX3_SLAVE//auto_project_1.ipf'.
Project: /media/data/git/jcfpga/FX3_SLAVE//auto_project.ipf created.
// *** BATCH CMD : setMode -pff
// *** BATCH CMD : addConfigDevice  -name "TST1" -path"/media/data/git/jcfpga/FX3_SLAVE/"
// *** BATCH CMD : setSubmode -pffbpi
// *** BATCH CMD : setAttribute -configdevice -attr multibootBpiType -value"TYPE_BPI"
// *** BATCH CMD : setAttribute -configdevice -attr multibootBpiDevice -value"SPARTAN6"
// *** BATCH CMD : setAttribute -configdevice -attr multibootBpichainType -value"PARALLEL"
// *** BATCH CMD : addDesign -version 0 -name "0"
// *** BATCH CMD : setMode -pff
// *** BATCH CMD : addDeviceChain -index 0
// *** BATCH CMD : setMode -pff
// *** BATCH CMD : addDeviceChain -index 0
Override chain at index 0.
Overriding chain at index 0.
// *** BATCH CMD : setAttribute -configdevice -attr compressed -value "FALSE"
// *** BATCH CMD : setAttribute -configdevice -attr autoSize -value "FALSE"
// *** BATCH CMD : setAttribute -configdevice -attr fileFormat -value "bin"
// *** BATCH CMD : setAttribute -configdevice -attr fillValue -value "FF"
// *** BATCH CMD : setAttribute -configdevice -attr swapBit -value "TRUE"
// *** BATCH CMD : setAttribute -configdevice -attr dir -value "UP"
// *** BATCH CMD : setAttribute -configdevice -attr multiboot -value "FALSE"
// *** BATCH CMD : setAttribute -configdevice -attr spiSelected -value "FALSE"
// *** BATCH CMD : setAttribute -configdevice -attr ironhorsename -value "1"
// *** BATCH CMD : setAttribute -configdevice -attr flashDataWidth -value "8"
// *** BATCH CMD : setCurrentDesign -version 0
// *** BATCH CMD : setAttribute -design -attr RSPin -value ""
// *** BATCH CMD : setCurrentDesign -version 0
// *** BATCH CMD : addPromDevice -p 1 -size 16384 -name 16M
'1': Added Device 16M successfully.
----------------------------------------------------------------------
// *** BATCH CMD : setMode -pff
// *** BATCH CMD : addDeviceChain -index 0
Override chain at index 0.
Overriding chain at index 0.
// *** BATCH CMD : setMode -pff
// *** BATCH CMD : addDeviceChain -index 0
Override chain at index 0.
Overriding chain at index 0.
// *** BATCH CMD : setMode -pff
// *** BATCH CMD : setSubmode -pffbpi
// *** BATCH CMD : setMode -pff
------------------------  GUI: Wizard Data Report  ---------------------------
      Compression : false
      Fill Value : FF
      Output Format : bin
      Swap Bits : true
      LoadDirection : UP
      PROM Basename : TST1
      File Location : /media/data/git/jcfpga/FX3_SLAVE/
      Auto Selcet : false
      Number of Revisions : 1
      Number of PROMs : 1
      PROM Name : 16M,   PROM Size : 16777216 Bytes
-------------------------- END of Report ----------------------------
// *** BATCH CMD : setAttribute -design -attr RSPin -value "00"
// *** BATCH CMD : addDevice -p 1 -file"/media/data/git/jcfpga/FX3_SLAVE/SLAVE_TOP.bit"
'1': Loading file '/media/data/git/jcfpga/FX3_SLAVE/SLAVE_TOP.bit' ...
INFO:iMPACT - Elapsed time =      1 sec.
done.
INFO:iMPACT:501 - '1': Added Device xc6slx150 successfully.
----------------------------------------------------------------------
file : /media/data/git/jcfpga/FX3_SLAVE/SLAVE_TOP.bit  used size : 33761696
Add one device.// *** BATCH CMD : setAttribute -design -attr RSPinMsb -value "1"
// *** BATCH CMD : setAttribute -design -attr name -value "0"
// *** BATCH CMD : setAttribute -design -attr RSPin -value "00"
// *** BATCH CMD : setAttribute -design -attr endAddress -value "406533"
INFO:iMPACT - Current time: 04/10/2016 11:16
// *** BATCH CMD : setMode -pff
// *** BATCH CMD : setSubmode -pffbpi
// *** BATCH CMD : setAttribute -configdevice -attr swapBit -value "TRUE"
Total configuration bit size = 33761696  bits.
Total configuration byte size = 4220212 bytes.
// *** BATCH CMD : generate
######### is 163840x406534 (4220212) bytes loaded up from 0x0
Using user-specified prom size of 16384K
Writing file "/media/data/git/jcfpga/FX3_SLAVE/TST1.bin".
Writing file "/media/data/git/jcfpga/FX3_SLAVE/TST1.prm".
Writing file "/media/data/git/jcfpga/FX3_SLAVE/TST1.cfi".
// *** BATCH CMD : setCurrentDesign -version 0
