Command line:
   ADC_CTRL_isim_beh.exe
     -simmode  gui
<<<<<<< HEAD
     -simrunnum  1
     -socket  36901

Mon Nov 14 13:58:04 2016


 Elaboration Time: 0.07 sec
=======
     -simrunnum  0
     -socket  38121

Fri Nov 11 17:34:03 2016


 Elaboration Time: 0.06 sec

 Current Memory Usage: 248.087 Meg

 Total Signals          : 3859
 Total Nets             : 43059
 Total Signal Drivers   : 2066
 Total Blocks           : 201
 Total Primitive Blocks : 137
 Total Processes        : 1186
 Total Traceable Variables  : 1813
 Total Scalar Nets and Variables : 52130

 Total Simulation Time: 1.07 sec

 Current Memory Usage: 323.588 Meg

Sat Nov 12 09:43:53 2016

>>>>>>> 988aeba246de826efd3d1090b1372bd49169783c
