--------------------------------------------------------------------------------
Release 14.5 Trace  (lin64)
Copyright (c) 1995-2012 Xilinx, Inc.  All rights reserved.

/media/storage/opt/xilinx/14.5/ISE_DS/ISE/bin/lin64/unwrapped/trce -intstyle
ise -v 3 -s 3 -n 3 -fastpaths -xml ADC_CTRL.twx ADC_CTRL.ncd -o ADC_CTRL.twr
ADC_CTRL.pcf -ucf constraints-test-board.ucf

Design file:              ADC_CTRL.ncd
Physical constraint file: ADC_CTRL.pcf
Device,package,speed:     xc6slx150,fgg484,C,-3 (PRODUCTION 1.23 2013-03-26)
Report level:             verbose report

Environment Variable      Effect 
--------------------      ------ 
NONE                      No environment variables were set
--------------------------------------------------------------------------------

INFO:Timing:3412 - To improve timing, see the Timing Closure User Guide (UG612).
INFO:Timing:2752 - To get complete path coverage, use the unconstrained paths 
   option. All paths that are not constrained will be reported in the 
   unconstrained paths section(s) of the report.
INFO:Timing:3339 - The clock-to-out numbers in this timing report are based on 
   a 50 Ohm transmission line loading model.  For the details of this model, 
   and for more information on accounting for different loading conditions, 
   please see the device datasheet.

================================================================================
Timing constraint: TS_CLOCK = PERIOD TIMEGRP "CLOCK" 10 ns HIGH 50%;
For more information, see Period Analysis in the Timing Closure User Guide (UG612).

 0 paths analyzed, 0 endpoints analyzed, 0 failing endpoints
 0 timing errors detected. (0 component switching limit errors)
 Minimum period is   5.340ns.
--------------------------------------------------------------------------------

Component Switching Limit Checks: TS_CLOCK = PERIOD TIMEGRP "CLOCK" 10 ns HIGH 50%;
--------------------------------------------------------------------------------
Slack: 2.330ns (period - min period limit)
  Period: 5.000ns
  Min period limit: 2.670ns (374.532MHz) (Tdcmper_CLKOUT)
  Physical resource: PLL_250_INST/dcm_sp_inst/CLK2X
  Logical resource: PLL_250_INST/dcm_sp_inst/CLK2X
  Location pin: DCM_X0Y1.CLK2X
  Clock network: PLL_250_INST/clk2x
--------------------------------------------------------------------------------
Slack: 4.075ns (period - min period limit)
  Period: 5.000ns
  Min period limit: 0.925ns (1081.081MHz) (Tpllper_CLKOUT(Foutmax))
  Physical resource: PLL_DESER_INST/pll_base_inst/PLL_ADV/CLKOUT0
  Logical resource: PLL_DESER_INST/pll_base_inst/PLL_ADV/CLKOUT0
  Location pin: PLL_ADV_X0Y2.CLKOUT0
  Clock network: CLOCK_DESER_1BIT
--------------------------------------------------------------------------------
Slack: 4.660ns (period - (min low pulse limit / (low pulse / period)))
  Period: 10.000ns
  Low pulse: 5.000ns
  Low pulse limit: 2.670ns (Tdcmpw_CLKIN_100_150)
  Physical resource: PLL_250_INST/dcm_sp_inst/CLKIN
  Logical resource: PLL_250_INST/dcm_sp_inst/CLKIN
  Location pin: DCM_X0Y1.CLKIN
  Clock network: PLL_250_INST/dcm_sp_inst_ML_NEW_DIVCLK
--------------------------------------------------------------------------------

================================================================================
Timing constraint: TS_PLL_250_INST_clk2x = PERIOD TIMEGRP "PLL_250_INST_clk2x" 
TS_CLOCK / 2 HIGH         50%;
For more information, see Period Analysis in the Timing Closure User Guide (UG612).

 315 paths analyzed, 155 endpoints analyzed, 0 failing endpoints
 0 timing errors detected. (0 setup errors, 0 hold errors, 0 component switching limit errors)
 Minimum period is   4.349ns.
--------------------------------------------------------------------------------

Paths for end point DIGIF_INST/DATAINC_5 (SLICE_X50Y61.SR), 5 paths
--------------------------------------------------------------------------------
Slack (setup path):     0.651ns (requirement - (data path - clock path skew + uncertainty))
  Source:               d_digif_serial_rst (FF)
  Destination:          DIGIF_INST/DATAINC_5 (FF)
  Requirement:          5.000ns
  Data Path Delay:      3.614ns (Levels of Logic = 1)
  Clock Path Skew:      -0.400ns (2.254 - 2.654)
  Source Clock:         CLOCK_100 rising at 0.000ns
  Destination Clock:    CLOCK_200 rising at 5.000ns
  Clock Uncertainty:    0.335ns

  Clock Uncertainty:          0.335ns  ((TSJ^2 + TIJ^2)^1/2 + DJ) / 2 + PE
    Total System Jitter (TSJ):  0.070ns
    Total Input Jitter (TIJ):   0.000ns
    Discrete Jitter (DJ):       0.300ns
    Phase Error (PE):           0.150ns

  Maximum Data Path at Slow Process Corner: d_digif_serial_rst to DIGIF_INST/DATAINC_5
    Location             Delay type         Delay(ns)  Physical Resource
                                                       Logical Resource(s)
    -------------------------------------------------  -------------------
    SLICE_X45Y44.CQ      Tcko                  0.391   d_digif_serial_rst_OBUF
                                                       d_digif_serial_rst
    SLICE_X50Y59.C6      net (fanout=40)       1.651   d_digif_serial_rst_OBUF
    SLICE_X50Y59.C       Tilo                  0.205   DIGIF_INST/_n0114_inv
                                                       DIGIF_INST/_n009311
    SLICE_X50Y61.SR      net (fanout=3)        0.912   DIGIF_INST/_n0093
    SLICE_X50Y61.CLK     Tsrck                 0.455   DIGIF_INST/DATAINC<7>
                                                       DIGIF_INST/DATAINC_5
    -------------------------------------------------  ---------------------------
    Total                                      3.614ns (1.051ns logic, 2.563ns route)
                                                       (29.1% logic, 70.9% route)

--------------------------------------------------------------------------------
Slack (setup path):     2.212ns (requirement - (data path - clock path skew + uncertainty))
  Source:               DIGIF_INST/flag_pream (FF)
  Destination:          DIGIF_INST/DATAINC_5 (FF)
  Requirement:          5.000ns
  Data Path Delay:      2.598ns (Levels of Logic = 1)
  Clock Path Skew:      -0.005ns (0.154 - 0.159)
  Source Clock:         CLOCK_200 rising at 0.000ns
  Destination Clock:    CLOCK_200 rising at 5.000ns
  Clock Uncertainty:    0.185ns

  Clock Uncertainty:          0.185ns  ((TSJ^2 + TIJ^2)^1/2 + DJ) / 2 + PE
    Total System Jitter (TSJ):  0.070ns
    Total Input Jitter (TIJ):   0.000ns
    Discrete Jitter (DJ):       0.300ns
    Phase Error (PE):           0.000ns

  Maximum Data Path at Slow Process Corner: DIGIF_INST/flag_pream to DIGIF_INST/DATAINC_5
    Location             Delay type         Delay(ns)  Physical Resource
                                                       Logical Resource(s)
    -------------------------------------------------  -------------------
    SLICE_X51Y59.CQ      Tcko                  0.391   DIGIF_INST/flag_data
                                                       DIGIF_INST/flag_pream
    SLICE_X50Y59.C5      net (fanout=15)       0.635   DIGIF_INST/flag_pream
    SLICE_X50Y59.C       Tilo                  0.205   DIGIF_INST/_n0114_inv
                                                       DIGIF_INST/_n009311
    SLICE_X50Y61.SR      net (fanout=3)        0.912   DIGIF_INST/_n0093
    SLICE_X50Y61.CLK     Tsrck                 0.455   DIGIF_INST/DATAINC<7>
                                                       DIGIF_INST/DATAINC_5
    -------------------------------------------------  ---------------------------
    Total                                      2.598ns (1.051ns logic, 1.547ns route)
                                                       (40.5% logic, 59.5% route)

--------------------------------------------------------------------------------
Slack (setup path):     2.326ns (requirement - (data path - clock path skew + uncertainty))
  Source:               DIGIF_INST/SERIALIZE.wrd_cntr_1 (FF)
  Destination:          DIGIF_INST/DATAINC_5 (FF)
  Requirement:          5.000ns
  Data Path Delay:      2.484ns (Levels of Logic = 1)
  Clock Path Skew:      -0.005ns (0.154 - 0.159)
  Source Clock:         CLOCK_200 rising at 0.000ns
  Destination Clock:    CLOCK_200 rising at 5.000ns
  Clock Uncertainty:    0.185ns

  Clock Uncertainty:          0.185ns  ((TSJ^2 + TIJ^2)^1/2 + DJ) / 2 + PE
    Total System Jitter (TSJ):  0.070ns
    Total Input Jitter (TIJ):   0.000ns
    Discrete Jitter (DJ):       0.300ns
    Phase Error (PE):           0.000ns

  Maximum Data Path at Slow Process Corner: DIGIF_INST/SERIALIZE.wrd_cntr_1 to DIGIF_INST/DATAINC_5
    Location             Delay type         Delay(ns)  Physical Resource
                                                       Logical Resource(s)
    -------------------------------------------------  -------------------
    SLICE_X51Y59.BMUX    Tshcko                0.461   DIGIF_INST/flag_data
                                                       DIGIF_INST/SERIALIZE.wrd_cntr_1
    SLICE_X50Y59.C2      net (fanout=6)        0.451   DIGIF_INST/SERIALIZE.wrd_cntr<1>
    SLICE_X50Y59.C       Tilo                  0.205   DIGIF_INST/_n0114_inv
                                                       DIGIF_INST/_n009311
    SLICE_X50Y61.SR      net (fanout=3)        0.912   DIGIF_INST/_n0093
    SLICE_X50Y61.CLK     Tsrck                 0.455   DIGIF_INST/DATAINC<7>
                                                       DIGIF_INST/DATAINC_5
    -------------------------------------------------  ---------------------------
    Total                                      2.484ns (1.121ns logic, 1.363ns route)
                                                       (45.1% logic, 54.9% route)

--------------------------------------------------------------------------------

Paths for end point DIGIF_INST/DATAINC_4 (SLICE_X50Y61.SR), 5 paths
--------------------------------------------------------------------------------
Slack (setup path):     0.662ns (requirement - (data path - clock path skew + uncertainty))
  Source:               d_digif_serial_rst (FF)
  Destination:          DIGIF_INST/DATAINC_4 (FF)
  Requirement:          5.000ns
  Data Path Delay:      3.603ns (Levels of Logic = 1)
  Clock Path Skew:      -0.400ns (2.254 - 2.654)
  Source Clock:         CLOCK_100 rising at 0.000ns
  Destination Clock:    CLOCK_200 rising at 5.000ns
  Clock Uncertainty:    0.335ns

  Clock Uncertainty:          0.335ns  ((TSJ^2 + TIJ^2)^1/2 + DJ) / 2 + PE
    Total System Jitter (TSJ):  0.070ns
    Total Input Jitter (TIJ):   0.000ns
    Discrete Jitter (DJ):       0.300ns
    Phase Error (PE):           0.150ns

  Maximum Data Path at Slow Process Corner: d_digif_serial_rst to DIGIF_INST/DATAINC_4
    Location             Delay type         Delay(ns)  Physical Resource
                                                       Logical Resource(s)
    -------------------------------------------------  -------------------
    SLICE_X45Y44.CQ      Tcko                  0.391   d_digif_serial_rst_OBUF
                                                       d_digif_serial_rst
    SLICE_X50Y59.C6      net (fanout=40)       1.651   d_digif_serial_rst_OBUF
    SLICE_X50Y59.C       Tilo                  0.205   DIGIF_INST/_n0114_inv
                                                       DIGIF_INST/_n009311
    SLICE_X50Y61.SR      net (fanout=3)        0.912   DIGIF_INST/_n0093
    SLICE_X50Y61.CLK     Tsrck                 0.444   DIGIF_INST/DATAINC<7>
                                                       DIGIF_INST/DATAINC_4
    -------------------------------------------------  ---------------------------
    Total                                      3.603ns (1.040ns logic, 2.563ns route)
                                                       (28.9% logic, 71.1% route)

--------------------------------------------------------------------------------
Slack (setup path):     2.223ns (requirement - (data path - clock path skew + uncertainty))
  Source:               DIGIF_INST/flag_pream (FF)
  Destination:          DIGIF_INST/DATAINC_4 (FF)
  Requirement:          5.000ns
  Data Path Delay:      2.587ns (Levels of Logic = 1)
  Clock Path Skew:      -0.005ns (0.154 - 0.159)
  Source Clock:         CLOCK_200 rising at 0.000ns
  Destination Clock:    CLOCK_200 rising at 5.000ns
  Clock Uncertainty:    0.185ns

  Clock Uncertainty:          0.185ns  ((TSJ^2 + TIJ^2)^1/2 + DJ) / 2 + PE
    Total System Jitter (TSJ):  0.070ns
    Total Input Jitter (TIJ):   0.000ns
    Discrete Jitter (DJ):       0.300ns
    Phase Error (PE):           0.000ns

  Maximum Data Path at Slow Process Corner: DIGIF_INST/flag_pream to DIGIF_INST/DATAINC_4
    Location             Delay type         Delay(ns)  Physical Resource
                                                       Logical Resource(s)
    -------------------------------------------------  -------------------
    SLICE_X51Y59.CQ      Tcko                  0.391   DIGIF_INST/flag_data
                                                       DIGIF_INST/flag_pream
    SLICE_X50Y59.C5      net (fanout=15)       0.635   DIGIF_INST/flag_pream
    SLICE_X50Y59.C       Tilo                  0.205   DIGIF_INST/_n0114_inv
                                                       DIGIF_INST/_n009311
    SLICE_X50Y61.SR      net (fanout=3)        0.912   DIGIF_INST/_n0093
    SLICE_X50Y61.CLK     Tsrck                 0.444   DIGIF_INST/DATAINC<7>
                                                       DIGIF_INST/DATAINC_4
    -------------------------------------------------  ---------------------------
    Total                                      2.587ns (1.040ns logic, 1.547ns route)
                                                       (40.2% logic, 59.8% route)

--------------------------------------------------------------------------------
Slack (setup path):     2.337ns (requirement - (data path - clock path skew + uncertainty))
  Source:               DIGIF_INST/SERIALIZE.wrd_cntr_1 (FF)
  Destination:          DIGIF_INST/DATAINC_4 (FF)
  Requirement:          5.000ns
  Data Path Delay:      2.473ns (Levels of Logic = 1)
  Clock Path Skew:      -0.005ns (0.154 - 0.159)
  Source Clock:         CLOCK_200 rising at 0.000ns
  Destination Clock:    CLOCK_200 rising at 5.000ns
  Clock Uncertainty:    0.185ns

  Clock Uncertainty:          0.185ns  ((TSJ^2 + TIJ^2)^1/2 + DJ) / 2 + PE
    Total System Jitter (TSJ):  0.070ns
    Total Input Jitter (TIJ):   0.000ns
    Discrete Jitter (DJ):       0.300ns
    Phase Error (PE):           0.000ns

  Maximum Data Path at Slow Process Corner: DIGIF_INST/SERIALIZE.wrd_cntr_1 to DIGIF_INST/DATAINC_4
    Location             Delay type         Delay(ns)  Physical Resource
                                                       Logical Resource(s)
    -------------------------------------------------  -------------------
    SLICE_X51Y59.BMUX    Tshcko                0.461   DIGIF_INST/flag_data
                                                       DIGIF_INST/SERIALIZE.wrd_cntr_1
    SLICE_X50Y59.C2      net (fanout=6)        0.451   DIGIF_INST/SERIALIZE.wrd_cntr<1>
    SLICE_X50Y59.C       Tilo                  0.205   DIGIF_INST/_n0114_inv
                                                       DIGIF_INST/_n009311
    SLICE_X50Y61.SR      net (fanout=3)        0.912   DIGIF_INST/_n0093
    SLICE_X50Y61.CLK     Tsrck                 0.444   DIGIF_INST/DATAINC<7>
                                                       DIGIF_INST/DATAINC_4
    -------------------------------------------------  ---------------------------
    Total                                      2.473ns (1.110ns logic, 1.363ns route)
                                                       (44.9% logic, 55.1% route)

--------------------------------------------------------------------------------

Paths for end point DIGIF_INST/DATAINC_6 (SLICE_X50Y61.SR), 5 paths
--------------------------------------------------------------------------------
Slack (setup path):     0.685ns (requirement - (data path - clock path skew + uncertainty))
  Source:               d_digif_serial_rst (FF)
  Destination:          DIGIF_INST/DATAINC_6 (FF)
  Requirement:          5.000ns
  Data Path Delay:      3.580ns (Levels of Logic = 1)
  Clock Path Skew:      -0.400ns (2.254 - 2.654)
  Source Clock:         CLOCK_100 rising at 0.000ns
  Destination Clock:    CLOCK_200 rising at 5.000ns
  Clock Uncertainty:    0.335ns

  Clock Uncertainty:          0.335ns  ((TSJ^2 + TIJ^2)^1/2 + DJ) / 2 + PE
    Total System Jitter (TSJ):  0.070ns
    Total Input Jitter (TIJ):   0.000ns
    Discrete Jitter (DJ):       0.300ns
    Phase Error (PE):           0.150ns

  Maximum Data Path at Slow Process Corner: d_digif_serial_rst to DIGIF_INST/DATAINC_6
    Location             Delay type         Delay(ns)  Physical Resource
                                                       Logical Resource(s)
    -------------------------------------------------  -------------------
    SLICE_X45Y44.CQ      Tcko                  0.391   d_digif_serial_rst_OBUF
                                                       d_digif_serial_rst
    SLICE_X50Y59.C6      net (fanout=40)       1.651   d_digif_serial_rst_OBUF
    SLICE_X50Y59.C       Tilo                  0.205   DIGIF_INST/_n0114_inv
                                                       DIGIF_INST/_n009311
    SLICE_X50Y61.SR      net (fanout=3)        0.912   DIGIF_INST/_n0093
    SLICE_X50Y61.CLK     Tsrck                 0.421   DIGIF_INST/DATAINC<7>
                                                       DIGIF_INST/DATAINC_6
    -------------------------------------------------  ---------------------------
    Total                                      3.580ns (1.017ns logic, 2.563ns route)
                                                       (28.4% logic, 71.6% route)

--------------------------------------------------------------------------------
Slack (setup path):     2.246ns (requirement - (data path - clock path skew + uncertainty))
  Source:               DIGIF_INST/flag_pream (FF)
  Destination:          DIGIF_INST/DATAINC_6 (FF)
  Requirement:          5.000ns
  Data Path Delay:      2.564ns (Levels of Logic = 1)
  Clock Path Skew:      -0.005ns (0.154 - 0.159)
  Source Clock:         CLOCK_200 rising at 0.000ns
  Destination Clock:    CLOCK_200 rising at 5.000ns
  Clock Uncertainty:    0.185ns

  Clock Uncertainty:          0.185ns  ((TSJ^2 + TIJ^2)^1/2 + DJ) / 2 + PE
    Total System Jitter (TSJ):  0.070ns
    Total Input Jitter (TIJ):   0.000ns
    Discrete Jitter (DJ):       0.300ns
    Phase Error (PE):           0.000ns

  Maximum Data Path at Slow Process Corner: DIGIF_INST/flag_pream to DIGIF_INST/DATAINC_6
    Location             Delay type         Delay(ns)  Physical Resource
                                                       Logical Resource(s)
    -------------------------------------------------  -------------------
    SLICE_X51Y59.CQ      Tcko                  0.391   DIGIF_INST/flag_data
                                                       DIGIF_INST/flag_pream
    SLICE_X50Y59.C5      net (fanout=15)       0.635   DIGIF_INST/flag_pream
    SLICE_X50Y59.C       Tilo                  0.205   DIGIF_INST/_n0114_inv
                                                       DIGIF_INST/_n009311
    SLICE_X50Y61.SR      net (fanout=3)        0.912   DIGIF_INST/_n0093
    SLICE_X50Y61.CLK     Tsrck                 0.421   DIGIF_INST/DATAINC<7>
                                                       DIGIF_INST/DATAINC_6
    -------------------------------------------------  ---------------------------
    Total                                      2.564ns (1.017ns logic, 1.547ns route)
                                                       (39.7% logic, 60.3% route)

--------------------------------------------------------------------------------
Slack (setup path):     2.360ns (requirement - (data path - clock path skew + uncertainty))
  Source:               DIGIF_INST/SERIALIZE.wrd_cntr_1 (FF)
  Destination:          DIGIF_INST/DATAINC_6 (FF)
  Requirement:          5.000ns
  Data Path Delay:      2.450ns (Levels of Logic = 1)
  Clock Path Skew:      -0.005ns (0.154 - 0.159)
  Source Clock:         CLOCK_200 rising at 0.000ns
  Destination Clock:    CLOCK_200 rising at 5.000ns
  Clock Uncertainty:    0.185ns

  Clock Uncertainty:          0.185ns  ((TSJ^2 + TIJ^2)^1/2 + DJ) / 2 + PE
    Total System Jitter (TSJ):  0.070ns
    Total Input Jitter (TIJ):   0.000ns
    Discrete Jitter (DJ):       0.300ns
    Phase Error (PE):           0.000ns

  Maximum Data Path at Slow Process Corner: DIGIF_INST/SERIALIZE.wrd_cntr_1 to DIGIF_INST/DATAINC_6
    Location             Delay type         Delay(ns)  Physical Resource
                                                       Logical Resource(s)
    -------------------------------------------------  -------------------
    SLICE_X51Y59.BMUX    Tshcko                0.461   DIGIF_INST/flag_data
                                                       DIGIF_INST/SERIALIZE.wrd_cntr_1
    SLICE_X50Y59.C2      net (fanout=6)        0.451   DIGIF_INST/SERIALIZE.wrd_cntr<1>
    SLICE_X50Y59.C       Tilo                  0.205   DIGIF_INST/_n0114_inv
                                                       DIGIF_INST/_n009311
    SLICE_X50Y61.SR      net (fanout=3)        0.912   DIGIF_INST/_n0093
    SLICE_X50Y61.CLK     Tsrck                 0.421   DIGIF_INST/DATAINC<7>
                                                       DIGIF_INST/DATAINC_6
    -------------------------------------------------  ---------------------------
    Total                                      2.450ns (1.087ns logic, 1.363ns route)
                                                       (44.4% logic, 55.6% route)

--------------------------------------------------------------------------------

Hold Paths: TS_PLL_250_INST_clk2x = PERIOD TIMEGRP "PLL_250_INST_clk2x" TS_CLOCK / 2 HIGH
        50%;
--------------------------------------------------------------------------------

Paths for end point DIGIF_INST/SERIALIZE.wrd_cntr_1 (SLICE_X51Y59.B5), 1 path
--------------------------------------------------------------------------------
Slack (hold path):      0.450ns (requirement - (clock path skew + uncertainty - data path))
  Source:               DIGIF_INST/SERIALIZE.wrd_cntr_2 (FF)
  Destination:          DIGIF_INST/SERIALIZE.wrd_cntr_1 (FF)
  Requirement:          0.000ns
  Data Path Delay:      0.450ns (Levels of Logic = 1)
  Clock Path Skew:      0.000ns
  Source Clock:         CLOCK_200 rising at 5.000ns
  Destination Clock:    CLOCK_200 rising at 5.000ns
  Clock Uncertainty:    0.000ns

  Minimum Data Path at Fast Process Corner: DIGIF_INST/SERIALIZE.wrd_cntr_2 to DIGIF_INST/SERIALIZE.wrd_cntr_1
    Location             Delay type         Delay(ns)  Physical Resource
                                                       Logical Resource(s)
    -------------------------------------------------  -------------------
    SLICE_X51Y59.BQ      Tcko                  0.198   DIGIF_INST/flag_data
                                                       DIGIF_INST/SERIALIZE.wrd_cntr_2
    SLICE_X51Y59.B5      net (fanout=6)        0.097   DIGIF_INST/SERIALIZE.wrd_cntr<2>
    SLICE_X51Y59.CLK     Tah         (-Th)    -0.155   DIGIF_INST/flag_data
                                                       DIGIF_INST/Mmux_SERIALIZE.wrd_cntr[2]_GND_38_o_mux_19_OUT21
                                                       DIGIF_INST/SERIALIZE.wrd_cntr_1
    -------------------------------------------------  ---------------------------
    Total                                      0.450ns (0.353ns logic, 0.097ns route)
                                                       (78.4% logic, 21.6% route)

--------------------------------------------------------------------------------

Paths for end point DIGIF_INST/DATAINC_11 (SLICE_X50Y62.D6), 1 path
--------------------------------------------------------------------------------
Slack (hold path):      0.459ns (requirement - (clock path skew + uncertainty - data path))
  Source:               DIGIF_INST/DATAINC_11 (FF)
  Destination:          DIGIF_INST/DATAINC_11 (FF)
  Requirement:          0.000ns
  Data Path Delay:      0.459ns (Levels of Logic = 1)
  Clock Path Skew:      0.000ns
  Source Clock:         CLOCK_200 rising at 5.000ns
  Destination Clock:    CLOCK_200 rising at 5.000ns
  Clock Uncertainty:    0.000ns

  Minimum Data Path at Fast Process Corner: DIGIF_INST/DATAINC_11 to DIGIF_INST/DATAINC_11
    Location             Delay type         Delay(ns)  Physical Resource
                                                       Logical Resource(s)
    -------------------------------------------------  -------------------
    SLICE_X50Y62.DQ      Tcko                  0.200   DIGIF_INST/DATAINC<11>
                                                       DIGIF_INST/DATAINC_11
    SLICE_X50Y62.D6      net (fanout=2)        0.022   DIGIF_INST/DATAINC<11>
    SLICE_X50Y62.CLK     Tah         (-Th)    -0.237   DIGIF_INST/DATAINC<11>
                                                       DIGIF_INST/DATAINC<11>_rt
                                                       DIGIF_INST/Mcount_DATAINC_xor<11>
                                                       DIGIF_INST/DATAINC_11
    -------------------------------------------------  ---------------------------
    Total                                      0.459ns (0.437ns logic, 0.022ns route)
                                                       (95.2% logic, 4.8% route)

--------------------------------------------------------------------------------

Paths for end point DIGIF_INST/SERIALIZE.wrd_cntr_0 (SLICE_X51Y59.A6), 1 path
--------------------------------------------------------------------------------
Slack (hold path):      0.463ns (requirement - (clock path skew + uncertainty - data path))
  Source:               DIGIF_INST/SERIALIZE.wrd_cntr_0 (FF)
  Destination:          DIGIF_INST/SERIALIZE.wrd_cntr_0 (FF)
  Requirement:          0.000ns
  Data Path Delay:      0.463ns (Levels of Logic = 1)
  Clock Path Skew:      0.000ns
  Source Clock:         CLOCK_200 rising at 5.000ns
  Destination Clock:    CLOCK_200 rising at 5.000ns
  Clock Uncertainty:    0.000ns

  Minimum Data Path at Fast Process Corner: DIGIF_INST/SERIALIZE.wrd_cntr_0 to DIGIF_INST/SERIALIZE.wrd_cntr_0
    Location             Delay type         Delay(ns)  Physical Resource
                                                       Logical Resource(s)
    -------------------------------------------------  -------------------
    SLICE_X51Y59.AQ      Tcko                  0.198   DIGIF_INST/flag_data
                                                       DIGIF_INST/SERIALIZE.wrd_cntr_0
    SLICE_X51Y59.A6      net (fanout=7)        0.050   DIGIF_INST/SERIALIZE.wrd_cntr<0>
    SLICE_X51Y59.CLK     Tah         (-Th)    -0.215   DIGIF_INST/flag_data
                                                       DIGIF_INST/Mmux_SERIALIZE.wrd_cntr[2]_GND_38_o_mux_19_OUT11_INV_0
                                                       DIGIF_INST/SERIALIZE.wrd_cntr_0
    -------------------------------------------------  ---------------------------
    Total                                      0.463ns (0.413ns logic, 0.050ns route)
                                                       (89.2% logic, 10.8% route)

--------------------------------------------------------------------------------

Component Switching Limit Checks: TS_PLL_250_INST_clk2x = PERIOD TIMEGRP "PLL_250_INST_clk2x" TS_CLOCK / 2 HIGH
        50%;
--------------------------------------------------------------------------------
Slack: 3.270ns (period - min period limit)
  Period: 5.000ns
  Min period limit: 1.730ns (578.035MHz) (Tbcper_I)
  Physical resource: PLL_250_INST/clkout3_buf/I0
  Logical resource: PLL_250_INST/clkout3_buf/I0
  Location pin: BUFGMUX_X2Y1.I0
  Clock network: PLL_250_INST/clk2x
--------------------------------------------------------------------------------
Slack: 4.570ns (period - min period limit)
  Period: 5.000ns
  Min period limit: 0.430ns (2325.581MHz) (Tcp)
  Physical resource: DIGIF_INST/DATAINC<3>/CLK
  Logical resource: DIGIF_INST/DATAINC_0/CK
  Location pin: SLICE_X50Y60.CLK
  Clock network: CLOCK_200
--------------------------------------------------------------------------------
Slack: 4.570ns (period - min period limit)
  Period: 5.000ns
  Min period limit: 0.430ns (2325.581MHz) (Tcp)
  Physical resource: DIGIF_INST/DATAINC<3>/CLK
  Logical resource: DIGIF_INST/DATAINC_1/CK
  Location pin: SLICE_X50Y60.CLK
  Clock network: CLOCK_200
--------------------------------------------------------------------------------

================================================================================
Timing constraint: TS_PLL_250_INST_clk0 = PERIOD TIMEGRP "PLL_250_INST_clk0" 
TS_CLOCK HIGH 50%;
For more information, see Period Analysis in the Timing Closure User Guide (UG612).

 15146 paths analyzed, 7888 endpoints analyzed, 2 failing endpoints
 2 timing errors detected. (2 setup errors, 0 hold errors, 0 component switching limit errors)
 Minimum period is  10.152ns.
--------------------------------------------------------------------------------

Paths for end point I_DUAL_FIFO_LINE_COMBINE/I_DATA_SEG_DLY_0_0_3 (SLICE_X105Y141.D3), 1 path
--------------------------------------------------------------------------------
Slack (setup path):     -0.076ns (requirement - (data path - clock path skew + uncertainty))
  Source:               G0TX_DESER_INST/I_DATA_3 (FF)
  Destination:          I_DUAL_FIFO_LINE_COMBINE/I_DATA_SEG_DLY_0_0_3 (FF)
  Requirement:          5.000ns
  Data Path Delay:      1.101ns (Levels of Logic = 1)
  Clock Path Skew:      -3.511ns (0.062 - 3.573)
  Source Clock:         CLOCK_DESER_6BIT falling at 15.000ns
  Destination Clock:    CLOCK_100 rising at 20.000ns
  Clock Uncertainty:    0.464ns

  Clock Uncertainty:          0.464ns  ((TSJ^2 + TIJ^2)^1/2 + DJ) / 2 + PE
    Total System Jitter (TSJ):  0.070ns
    Total Input Jitter (TIJ):   0.000ns
    Discrete Jitter (DJ):       0.418ns
    Phase Error (PE):           0.219ns

  Maximum Data Path at Slow Process Corner: G0TX_DESER_INST/I_DATA_3 to I_DUAL_FIFO_LINE_COMBINE/I_DATA_SEG_DLY_0_0_3
    Location             Delay type         Delay(ns)  Physical Resource
                                                       Logical Resource(s)
    -------------------------------------------------  -------------------
    SLICE_X105Y142.DQ    Tcko                  0.391   G0TX_DESER_INST/I_DATA<3>
                                                       G0TX_DESER_INST/I_DATA_3
    SLICE_X105Y141.D3    net (fanout=2)        0.483   G0TX_DESER_INST/I_DATA<3>
    SLICE_X105Y141.CLK   Tas                   0.227   I_DUAL_FIFO_LINE_COMBINE/I_DATA_SEG_DLY_0_0<7>
                                                       G0TX_DESER_INST/I_DATA<3>_rt
                                                       I_DUAL_FIFO_LINE_COMBINE/I_DATA_SEG_DLY_0_0_3
    -------------------------------------------------  ---------------------------
    Total                                      1.101ns (0.618ns logic, 0.483ns route)
                                                       (56.1% logic, 43.9% route)

--------------------------------------------------------------------------------

Paths for end point I_DUAL_FIFO_LINE_COMBINE/I_DATA_SEG_DLY_0_0_0 (SLICE_X105Y141.A4), 1 path
--------------------------------------------------------------------------------
Slack (setup path):     -0.033ns (requirement - (data path - clock path skew + uncertainty))
  Source:               G0TX_DESER_INST/I_DATA_0 (FF)
  Destination:          I_DUAL_FIFO_LINE_COMBINE/I_DATA_SEG_DLY_0_0_0 (FF)
  Requirement:          5.000ns
  Data Path Delay:      1.058ns (Levels of Logic = 1)
  Clock Path Skew:      -3.511ns (0.062 - 3.573)
  Source Clock:         CLOCK_DESER_6BIT falling at 15.000ns
  Destination Clock:    CLOCK_100 rising at 20.000ns
  Clock Uncertainty:    0.464ns

  Clock Uncertainty:          0.464ns  ((TSJ^2 + TIJ^2)^1/2 + DJ) / 2 + PE
    Total System Jitter (TSJ):  0.070ns
    Total Input Jitter (TIJ):   0.000ns
    Discrete Jitter (DJ):       0.418ns
    Phase Error (PE):           0.219ns

  Maximum Data Path at Slow Process Corner: G0TX_DESER_INST/I_DATA_0 to I_DUAL_FIFO_LINE_COMBINE/I_DATA_SEG_DLY_0_0_0
    Location             Delay type         Delay(ns)  Physical Resource
                                                       Logical Resource(s)
    -------------------------------------------------  -------------------
    SLICE_X105Y142.AQ    Tcko                  0.391   G0TX_DESER_INST/I_DATA<3>
                                                       G0TX_DESER_INST/I_DATA_0
    SLICE_X105Y141.A4    net (fanout=2)        0.440   G0TX_DESER_INST/I_DATA<0>
    SLICE_X105Y141.CLK   Tas                   0.227   I_DUAL_FIFO_LINE_COMBINE/I_DATA_SEG_DLY_0_0<7>
                                                       G0TX_DESER_INST/I_DATA<0>_rt
                                                       I_DUAL_FIFO_LINE_COMBINE/I_DATA_SEG_DLY_0_0_0
    -------------------------------------------------  ---------------------------
    Total                                      1.058ns (0.618ns logic, 0.440ns route)
                                                       (58.4% logic, 41.6% route)

--------------------------------------------------------------------------------

Paths for end point I_DUAL_FIFO_LINE_COMBINE/I_DATA_SEG_DLY_0_0_1 (SLICE_X105Y141.B5), 1 path
--------------------------------------------------------------------------------
Slack (setup path):     0.049ns (requirement - (data path - clock path skew + uncertainty))
  Source:               G0TX_DESER_INST/I_DATA_1 (FF)
  Destination:          I_DUAL_FIFO_LINE_COMBINE/I_DATA_SEG_DLY_0_0_1 (FF)
  Requirement:          5.000ns
  Data Path Delay:      0.976ns (Levels of Logic = 1)
  Clock Path Skew:      -3.511ns (0.062 - 3.573)
  Source Clock:         CLOCK_DESER_6BIT falling at 15.000ns
  Destination Clock:    CLOCK_100 rising at 20.000ns
  Clock Uncertainty:    0.464ns

  Clock Uncertainty:          0.464ns  ((TSJ^2 + TIJ^2)^1/2 + DJ) / 2 + PE
    Total System Jitter (TSJ):  0.070ns
    Total Input Jitter (TIJ):   0.000ns
    Discrete Jitter (DJ):       0.418ns
    Phase Error (PE):           0.219ns

  Maximum Data Path at Slow Process Corner: G0TX_DESER_INST/I_DATA_1 to I_DUAL_FIFO_LINE_COMBINE/I_DATA_SEG_DLY_0_0_1
    Location             Delay type         Delay(ns)  Physical Resource
                                                       Logical Resource(s)
    -------------------------------------------------  -------------------
    SLICE_X105Y142.BQ    Tcko                  0.391   G0TX_DESER_INST/I_DATA<3>
                                                       G0TX_DESER_INST/I_DATA_1
    SLICE_X105Y141.B5    net (fanout=2)        0.358   G0TX_DESER_INST/I_DATA<1>
    SLICE_X105Y141.CLK   Tas                   0.227   I_DUAL_FIFO_LINE_COMBINE/I_DATA_SEG_DLY_0_0<7>
                                                       G0TX_DESER_INST/I_DATA<1>_rt
                                                       I_DUAL_FIFO_LINE_COMBINE/I_DATA_SEG_DLY_0_0_1
    -------------------------------------------------  ---------------------------
    Total                                      0.976ns (0.618ns logic, 0.358ns route)
                                                       (63.3% logic, 36.7% route)

--------------------------------------------------------------------------------

Hold Paths: TS_PLL_250_INST_clk0 = PERIOD TIMEGRP "PLL_250_INST_clk0" TS_CLOCK HIGH 50%;
--------------------------------------------------------------------------------

Paths for end point I_DUAL_FIFO_LINE_COMBINE/GROUP2_FIFOS[2].I_SEG_FIFO/U0/xst_fifo_generator/gconvfifo.rf/grf.rf/gntv_or_sync_fifo.mem/gbm.gbmg.gbmga.ngecc.bmg/gnativebmg.native_blk_mem_gen/valid.cstr/ramloop[0].ram.r/s6_noinit.ram/SDP.SIMPLE_PRIM18.ram (RAMB16_X3Y42.ADDRB5), 1 path
--------------------------------------------------------------------------------
Slack (hold path):      0.296ns (requirement - (clock path skew + uncertainty - data path))
  Source:               I_DUAL_FIFO_LINE_COMBINE/GROUP2_FIFOS[2].I_SEG_FIFO/U0/xst_fifo_generator/gconvfifo.rf/grf.rf/gntv_or_sync_fifo.gl0.rd/rpntr/gc1.count_d2_1 (FF)
  Destination:          I_DUAL_FIFO_LINE_COMBINE/GROUP2_FIFOS[2].I_SEG_FIFO/U0/xst_fifo_generator/gconvfifo.rf/grf.rf/gntv_or_sync_fifo.mem/gbm.gbmg.gbmga.ngecc.bmg/gnativebmg.native_blk_mem_gen/valid.cstr/ramloop[0].ram.r/s6_noinit.ram/SDP.SIMPLE_PRIM18.ram (RAM)
  Requirement:          0.000ns
  Data Path Delay:      0.299ns (Levels of Logic = 0)
  Clock Path Skew:      0.003ns (0.071 - 0.068)
  Source Clock:         CLOCK_100 rising at 10.000ns
  Destination Clock:    CLOCK_100 rising at 10.000ns
  Clock Uncertainty:    0.000ns

  Minimum Data Path at Fast Process Corner: I_DUAL_FIFO_LINE_COMBINE/GROUP2_FIFOS[2].I_SEG_FIFO/U0/xst_fifo_generator/gconvfifo.rf/grf.rf/gntv_or_sync_fifo.gl0.rd/rpntr/gc1.count_d2_1 to I_DUAL_FIFO_LINE_COMBINE/GROUP2_FIFOS[2].I_SEG_FIFO/U0/xst_fifo_generator/gconvfifo.rf/grf.rf/gntv_or_sync_fifo.mem/gbm.gbmg.gbmga.ngecc.bmg/gnativebmg.native_blk_mem_gen/valid.cstr/ramloop[0].ram.r/s6_noinit.ram/SDP.SIMPLE_PRIM18.ram
    Location             Delay type         Delay(ns)  Physical Resource
                                                       Logical Resource(s)
    -------------------------------------------------  -------------------
    SLICE_X86Y85.AQ      Tcko                  0.200   I_DUAL_FIFO_LINE_COMBINE/GROUP2_FIFOS[2].I_SEG_FIFO/U0/xst_fifo_generator/gconvfifo.rf/grf.rf/gntv_or_sync_fifo.gl0.rd/rpntr/gc1.count_d2<4>
                                                       I_DUAL_FIFO_LINE_COMBINE/GROUP2_FIFOS[2].I_SEG_FIFO/U0/xst_fifo_generator/gconvfifo.rf/grf.rf/gntv_or_sync_fifo.gl0.rd/rpntr/gc1.count_d2_1
    RAMB16_X3Y42.ADDRB5  net (fanout=8)        0.165   I_DUAL_FIFO_LINE_COMBINE/GROUP2_FIFOS[2].I_SEG_FIFO/U0/xst_fifo_generator/gconvfifo.rf/grf.rf/gntv_or_sync_fifo.gl0.rd/rpntr/gc1.count_d2<1>
    RAMB16_X3Y42.CLKB    Trckc_ADDRB (-Th)     0.066   I_DUAL_FIFO_LINE_COMBINE/GROUP2_FIFOS[2].I_SEG_FIFO/U0/xst_fifo_generator/gconvfifo.rf/grf.rf/gntv_or_sync_fifo.mem/gbm.gbmg.gbmga.ngecc.bmg/gnativebmg.native_blk_mem_gen/valid.cstr/ramloop[0].ram.r/s6_noinit.ram/SDP.SIMPLE_PRIM18.ram
                                                       I_DUAL_FIFO_LINE_COMBINE/GROUP2_FIFOS[2].I_SEG_FIFO/U0/xst_fifo_generator/gconvfifo.rf/grf.rf/gntv_or_sync_fifo.mem/gbm.gbmg.gbmga.ngecc.bmg/gnativebmg.native_blk_mem_gen/valid.cstr/ramloop[0].ram.r/s6_noinit.ram/SDP.SIMPLE_PRIM18.ram
    -------------------------------------------------  ---------------------------
    Total                                      0.299ns (0.134ns logic, 0.165ns route)
                                                       (44.8% logic, 55.2% route)

--------------------------------------------------------------------------------

Paths for end point I_DUAL_FIFO_LINE_COMBINE/GROUP1_FIFOS[2].I_SEG_FIFO/U0/xst_fifo_generator/gconvfifo.rf/grf.rf/gntv_or_sync_fifo.mem/gbm.gbmg.gbmga.ngecc.bmg/gnativebmg.native_blk_mem_gen/valid.cstr/ramloop[0].ram.r/s6_noinit.ram/SDP.SIMPLE_PRIM18.ram (RAMB16_X3Y60.ADDRB13), 1 path
--------------------------------------------------------------------------------
Slack (hold path):      0.304ns (requirement - (clock path skew + uncertainty - data path))
  Source:               I_DUAL_FIFO_LINE_COMBINE/GROUP1_FIFOS[2].I_SEG_FIFO/U0/xst_fifo_generator/gconvfifo.rf/grf.rf/gntv_or_sync_fifo.gl0.rd/rpntr/gc1.count_d2_9 (FF)
  Destination:          I_DUAL_FIFO_LINE_COMBINE/GROUP1_FIFOS[2].I_SEG_FIFO/U0/xst_fifo_generator/gconvfifo.rf/grf.rf/gntv_or_sync_fifo.mem/gbm.gbmg.gbmga.ngecc.bmg/gnativebmg.native_blk_mem_gen/valid.cstr/ramloop[0].ram.r/s6_noinit.ram/SDP.SIMPLE_PRIM18.ram (RAM)
  Requirement:          0.000ns
  Data Path Delay:      0.301ns (Levels of Logic = 0)
  Clock Path Skew:      -0.003ns (0.068 - 0.071)
  Source Clock:         CLOCK_100 rising at 10.000ns
  Destination Clock:    CLOCK_100 rising at 10.000ns
  Clock Uncertainty:    0.000ns

  Minimum Data Path at Fast Process Corner: I_DUAL_FIFO_LINE_COMBINE/GROUP1_FIFOS[2].I_SEG_FIFO/U0/xst_fifo_generator/gconvfifo.rf/grf.rf/gntv_or_sync_fifo.gl0.rd/rpntr/gc1.count_d2_9 to I_DUAL_FIFO_LINE_COMBINE/GROUP1_FIFOS[2].I_SEG_FIFO/U0/xst_fifo_generator/gconvfifo.rf/grf.rf/gntv_or_sync_fifo.mem/gbm.gbmg.gbmga.ngecc.bmg/gnativebmg.native_blk_mem_gen/valid.cstr/ramloop[0].ram.r/s6_noinit.ram/SDP.SIMPLE_PRIM18.ram
    Location             Delay type         Delay(ns)  Physical Resource
                                                       Logical Resource(s)
    -------------------------------------------------  -------------------
    SLICE_X85Y123.AQ     Tcko                  0.198   I_DUAL_FIFO_LINE_COMBINE/GROUP1_FIFOS[2].I_SEG_FIFO/U0/xst_fifo_generator/gconvfifo.rf/grf.rf/gntv_or_sync_fifo.gl0.rd/rpntr/gc1.count_d2<9>
                                                       I_DUAL_FIFO_LINE_COMBINE/GROUP1_FIFOS[2].I_SEG_FIFO/U0/xst_fifo_generator/gconvfifo.rf/grf.rf/gntv_or_sync_fifo.gl0.rd/rpntr/gc1.count_d2_9
    RAMB16_X3Y60.ADDRB13 net (fanout=4)        0.169   I_DUAL_FIFO_LINE_COMBINE/GROUP1_FIFOS[2].I_SEG_FIFO/U0/xst_fifo_generator/gconvfifo.rf/grf.rf/gntv_or_sync_fifo.gl0.rd/rpntr/gc1.count_d2<9>
    RAMB16_X3Y60.CLKB    Trckc_ADDRB (-Th)     0.066   I_DUAL_FIFO_LINE_COMBINE/GROUP1_FIFOS[2].I_SEG_FIFO/U0/xst_fifo_generator/gconvfifo.rf/grf.rf/gntv_or_sync_fifo.mem/gbm.gbmg.gbmga.ngecc.bmg/gnativebmg.native_blk_mem_gen/valid.cstr/ramloop[0].ram.r/s6_noinit.ram/SDP.SIMPLE_PRIM18.ram
                                                       I_DUAL_FIFO_LINE_COMBINE/GROUP1_FIFOS[2].I_SEG_FIFO/U0/xst_fifo_generator/gconvfifo.rf/grf.rf/gntv_or_sync_fifo.mem/gbm.gbmg.gbmga.ngecc.bmg/gnativebmg.native_blk_mem_gen/valid.cstr/ramloop[0].ram.r/s6_noinit.ram/SDP.SIMPLE_PRIM18.ram
    -------------------------------------------------  ---------------------------
    Total                                      0.301ns (0.132ns logic, 0.169ns route)
                                                       (43.9% logic, 56.1% route)

--------------------------------------------------------------------------------

Paths for end point I_DUAL_FIFO_LINE_COMBINE/GROUP1_FIFOS[2].I_SEG_FIFO/U0/xst_fifo_generator/gconvfifo.rf/grf.rf/gntv_or_sync_fifo.mem/gbm.gbmg.gbmga.ngecc.bmg/gnativebmg.native_blk_mem_gen/valid.cstr/ramloop[0].ram.r/s6_noinit.ram/SDP.SIMPLE_PRIM18.ram (RAMB16_X3Y60.ADDRB5), 1 path
--------------------------------------------------------------------------------
Slack (hold path):      0.312ns (requirement - (clock path skew + uncertainty - data path))
  Source:               I_DUAL_FIFO_LINE_COMBINE/GROUP1_FIFOS[2].I_SEG_FIFO/U0/xst_fifo_generator/gconvfifo.rf/grf.rf/gntv_or_sync_fifo.gl0.rd/rpntr/gc1.count_d2_1 (FF)
  Destination:          I_DUAL_FIFO_LINE_COMBINE/GROUP1_FIFOS[2].I_SEG_FIFO/U0/xst_fifo_generator/gconvfifo.rf/grf.rf/gntv_or_sync_fifo.mem/gbm.gbmg.gbmga.ngecc.bmg/gnativebmg.native_blk_mem_gen/valid.cstr/ramloop[0].ram.r/s6_noinit.ram/SDP.SIMPLE_PRIM18.ram (RAM)
  Requirement:          0.000ns
  Data Path Delay:      0.312ns (Levels of Logic = 0)
  Clock Path Skew:      0.000ns
  Source Clock:         CLOCK_100 rising at 10.000ns
  Destination Clock:    CLOCK_100 rising at 10.000ns
  Clock Uncertainty:    0.000ns

  Minimum Data Path at Fast Process Corner: I_DUAL_FIFO_LINE_COMBINE/GROUP1_FIFOS[2].I_SEG_FIFO/U0/xst_fifo_generator/gconvfifo.rf/grf.rf/gntv_or_sync_fifo.gl0.rd/rpntr/gc1.count_d2_1 to I_DUAL_FIFO_LINE_COMBINE/GROUP1_FIFOS[2].I_SEG_FIFO/U0/xst_fifo_generator/gconvfifo.rf/grf.rf/gntv_or_sync_fifo.mem/gbm.gbmg.gbmga.ngecc.bmg/gnativebmg.native_blk_mem_gen/valid.cstr/ramloop[0].ram.r/s6_noinit.ram/SDP.SIMPLE_PRIM18.ram
    Location             Delay type         Delay(ns)  Physical Resource
                                                       Logical Resource(s)
    -------------------------------------------------  -------------------
    SLICE_X85Y122.AQ     Tcko                  0.198   I_DUAL_FIFO_LINE_COMBINE/GROUP1_FIFOS[2].I_SEG_FIFO/U0/xst_fifo_generator/gconvfifo.rf/grf.rf/gntv_or_sync_fifo.gl0.rd/rpntr/gc1.count_d2<4>
                                                       I_DUAL_FIFO_LINE_COMBINE/GROUP1_FIFOS[2].I_SEG_FIFO/U0/xst_fifo_generator/gconvfifo.rf/grf.rf/gntv_or_sync_fifo.gl0.rd/rpntr/gc1.count_d2_1
    RAMB16_X3Y60.ADDRB5  net (fanout=8)        0.180   I_DUAL_FIFO_LINE_COMBINE/GROUP1_FIFOS[2].I_SEG_FIFO/U0/xst_fifo_generator/gconvfifo.rf/grf.rf/gntv_or_sync_fifo.gl0.rd/rpntr/gc1.count_d2<1>
    RAMB16_X3Y60.CLKB    Trckc_ADDRB (-Th)     0.066   I_DUAL_FIFO_LINE_COMBINE/GROUP1_FIFOS[2].I_SEG_FIFO/U0/xst_fifo_generator/gconvfifo.rf/grf.rf/gntv_or_sync_fifo.mem/gbm.gbmg.gbmga.ngecc.bmg/gnativebmg.native_blk_mem_gen/valid.cstr/ramloop[0].ram.r/s6_noinit.ram/SDP.SIMPLE_PRIM18.ram
                                                       I_DUAL_FIFO_LINE_COMBINE/GROUP1_FIFOS[2].I_SEG_FIFO/U0/xst_fifo_generator/gconvfifo.rf/grf.rf/gntv_or_sync_fifo.mem/gbm.gbmg.gbmga.ngecc.bmg/gnativebmg.native_blk_mem_gen/valid.cstr/ramloop[0].ram.r/s6_noinit.ram/SDP.SIMPLE_PRIM18.ram
    -------------------------------------------------  ---------------------------
    Total                                      0.312ns (0.132ns logic, 0.180ns route)
                                                       (42.3% logic, 57.7% route)

--------------------------------------------------------------------------------

Component Switching Limit Checks: TS_PLL_250_INST_clk0 = PERIOD TIMEGRP "PLL_250_INST_clk0" TS_CLOCK HIGH 50%;
--------------------------------------------------------------------------------
Slack: 6.876ns (period - min period limit)
  Period: 10.000ns
  Min period limit: 3.124ns (320.102MHz) (Trper_CLKA(Fmax))
  Physical resource: BLOCKMEM_INST/U0/xst_blk_mem_generator/gnative_mem_map_bmg.native_mem_map_blk_mem_gen/valid.cstr/ramloop[0].ram.r/s6_init.ram/SP.SIMPLE_PRIM9.ram/CLKAWRCLK
  Logical resource: BLOCKMEM_INST/U0/xst_blk_mem_generator/gnative_mem_map_bmg.native_mem_map_blk_mem_gen/valid.cstr/ramloop[0].ram.r/s6_init.ram/SP.SIMPLE_PRIM9.ram/CLKAWRCLK
  Location pin: RAMB8_X2Y17.CLKAWRCLK
  Clock network: CLOCK_100
--------------------------------------------------------------------------------
Slack: 6.876ns (period - min period limit)
  Period: 10.000ns
  Min period limit: 3.124ns (320.102MHz) (Trper_CLKA(Fmax))
  Physical resource: BLOCKMEM_INST/U0/xst_blk_mem_generator/gnative_mem_map_bmg.native_mem_map_blk_mem_gen/valid.cstr/ramloop[2].ram.r/s6_init.ram/SP.SIMPLE_PRIM9.ram/CLKAWRCLK
  Logical resource: BLOCKMEM_INST/U0/xst_blk_mem_generator/gnative_mem_map_bmg.native_mem_map_blk_mem_gen/valid.cstr/ramloop[2].ram.r/s6_init.ram/SP.SIMPLE_PRIM9.ram/CLKAWRCLK
  Location pin: RAMB8_X1Y12.CLKAWRCLK
  Clock network: CLOCK_100
--------------------------------------------------------------------------------
Slack: 6.876ns (period - min period limit)
  Period: 10.000ns
  Min period limit: 3.124ns (320.102MHz) (Trper_CLKA(Fmax))
  Physical resource: BLOCKMEM_INST/U0/xst_blk_mem_generator/gnative_mem_map_bmg.native_mem_map_blk_mem_gen/valid.cstr/ramloop[3].ram.r/s6_init.ram/SP.SIMPLE_PRIM9.ram/CLKAWRCLK
  Logical resource: BLOCKMEM_INST/U0/xst_blk_mem_generator/gnative_mem_map_bmg.native_mem_map_blk_mem_gen/valid.cstr/ramloop[3].ram.r/s6_init.ram/SP.SIMPLE_PRIM9.ram/CLKAWRCLK
  Location pin: RAMB8_X2Y11.CLKAWRCLK
  Clock network: CLOCK_100
--------------------------------------------------------------------------------

================================================================================
Timing constraint: TS_PLL_DESER_INST_clkout1 = PERIOD TIMEGRP 
"PLL_DESER_INST_clkout1" TS_CLOCK /         0.333333333 HIGH 50%;
For more information, see Period Analysis in the Timing Closure User Guide (UG612).

 7475 paths analyzed, 5068 endpoints analyzed, 0 failing endpoints
 0 timing errors detected. (0 setup errors, 0 hold errors, 0 component switching limit errors)
 Minimum period is  26.616ns.
--------------------------------------------------------------------------------

Paths for end point I_DUAL_FIFO_LINE_COMBINE/GROUP2_FIFOS[2].I_SEG_FIFO/U0/xst_fifo_generator/gconvfifo.rf/grf.rf/gntv_or_sync_fifo.gl0.wr/wpntr/gic0.gc1.count_3 (SLICE_X81Y74.CE), 2 paths
--------------------------------------------------------------------------------
Slack (setup path):     1.128ns (requirement - (data path - clock path skew + uncertainty))
  Source:               I_DUAL_FIFO_LINE_COMBINE/I_ENA_WRITE_FIFO_15 (FF)
  Destination:          I_DUAL_FIFO_LINE_COMBINE/GROUP2_FIFOS[2].I_SEG_FIFO/U0/xst_fifo_generator/gconvfifo.rf/grf.rf/gntv_or_sync_fifo.gl0.wr/wpntr/gic0.gc1.count_3 (FF)
  Requirement:          10.000ns
  Data Path Delay:      11.686ns (Levels of Logic = 1)
  Clock Path Skew:      3.246ns (3.070 - -0.176)
  Source Clock:         CLOCK_100 rising at 20.000ns
  Destination Clock:    CLOCK_DESER_6BIT rising at 30.000ns
  Clock Uncertainty:    0.432ns

  Clock Uncertainty:          0.432ns  ((TSJ^2 + DJ^2)^1/2) / 2 + PE
    Total System Jitter (TSJ):  0.070ns
    Discrete Jitter (DJ):       0.418ns
    Phase Error (PE):           0.219ns

  Maximum Data Path at Slow Process Corner: I_DUAL_FIFO_LINE_COMBINE/I_ENA_WRITE_FIFO_15 to I_DUAL_FIFO_LINE_COMBINE/GROUP2_FIFOS[2].I_SEG_FIFO/U0/xst_fifo_generator/gconvfifo.rf/grf.rf/gntv_or_sync_fifo.gl0.wr/wpntr/gic0.gc1.count_3
    Location             Delay type         Delay(ns)  Physical Resource
                                                       Logical Resource(s)
    -------------------------------------------------  -------------------
    SLICE_X83Y92.BMUX    Tshcko                0.461   I_DUAL_FIFO_LINE_COMBINE/I_ENA_WRITE_FIFO<9>
                                                       I_DUAL_FIFO_LINE_COMBINE/I_ENA_WRITE_FIFO_15
    SLICE_X84Y75.A3      net (fanout=18)       5.143   I_DUAL_FIFO_LINE_COMBINE/I_ENA_WRITE_FIFO<15>
    SLICE_X84Y75.A       Tilo                  0.203   I_DUAL_FIFO_LINE_COMBINE/GROUP2_FIFOS[2].I_SEG_FIFO/U0/xst_fifo_generator/gconvfifo.rf/grf.rf/ram_wr_en
                                                       I_DUAL_FIFO_LINE_COMBINE/GROUP2_FIFOS[2].I_SEG_FIFO/U0/xst_fifo_generator/gconvfifo.rf/grf.rf/gntv_or_sync_fifo.gl0.wr/ram_wr_en_i1
    SLICE_X81Y74.CE      net (fanout=9)        5.518   I_DUAL_FIFO_LINE_COMBINE/GROUP2_FIFOS[2].I_SEG_FIFO/U0/xst_fifo_generator/gconvfifo.rf/grf.rf/ram_wr_en
    SLICE_X81Y74.CLK     Tceck                 0.361   I_DUAL_FIFO_LINE_COMBINE/GROUP2_FIFOS[2].I_SEG_FIFO/U0/xst_fifo_generator/gconvfifo.rf/grf.rf/gntv_or_sync_fifo.gl0.wr/wpntr/gic0.gc1.count<5>
                                                       I_DUAL_FIFO_LINE_COMBINE/GROUP2_FIFOS[2].I_SEG_FIFO/U0/xst_fifo_generator/gconvfifo.rf/grf.rf/gntv_or_sync_fifo.gl0.wr/wpntr/gic0.gc1.count_3
    -------------------------------------------------  ---------------------------
    Total                                     11.686ns (1.025ns logic, 10.661ns route)
                                                       (8.8% logic, 91.2% route)

--------------------------------------------------------------------------------
Slack (setup path):     22.943ns (requirement - (data path - clock path skew + uncertainty))
  Source:               I_DUAL_FIFO_LINE_COMBINE/GROUP2_FIFOS[2].I_SEG_FIFO/U0/xst_fifo_generator/gconvfifo.rf/grf.rf/gntv_or_sync_fifo.gl0.wr/gwas.wsts/ram_full_fb_i (FF)
  Destination:          I_DUAL_FIFO_LINE_COMBINE/GROUP2_FIFOS[2].I_SEG_FIFO/U0/xst_fifo_generator/gconvfifo.rf/grf.rf/gntv_or_sync_fifo.gl0.wr/wpntr/gic0.gc1.count_3 (FF)
  Requirement:          30.000ns
  Data Path Delay:      6.927ns (Levels of Logic = 1)
  Clock Path Skew:      -0.015ns (0.237 - 0.252)
  Source Clock:         CLOCK_DESER_6BIT rising at 0.000ns
  Destination Clock:    CLOCK_DESER_6BIT rising at 30.000ns
  Clock Uncertainty:    0.115ns

  Clock Uncertainty:          0.115ns  ((TSJ^2 + DJ^2)^1/2) / 2 + PE
    Total System Jitter (TSJ):  0.070ns
    Discrete Jitter (DJ):       0.218ns
    Phase Error (PE):           0.000ns

  Maximum Data Path at Slow Process Corner: I_DUAL_FIFO_LINE_COMBINE/GROUP2_FIFOS[2].I_SEG_FIFO/U0/xst_fifo_generator/gconvfifo.rf/grf.rf/gntv_or_sync_fifo.gl0.wr/gwas.wsts/ram_full_fb_i to I_DUAL_FIFO_LINE_COMBINE/GROUP2_FIFOS[2].I_SEG_FIFO/U0/xst_fifo_generator/gconvfifo.rf/grf.rf/gntv_or_sync_fifo.gl0.wr/wpntr/gic0.gc1.count_3
    Location             Delay type         Delay(ns)  Physical Resource
                                                       Logical Resource(s)
    -------------------------------------------------  -------------------
    SLICE_X85Y74.AQ      Tcko                  0.391   I_DUAL_FIFO_LINE_COMBINE/GROUP2_FIFOS[2].I_SEG_FIFO/U0/xst_fifo_generator/gconvfifo.rf/grf.rf/gntv_or_sync_fifo.gl0.wr/gwas.wsts/ram_full_fb_i
                                                       I_DUAL_FIFO_LINE_COMBINE/GROUP2_FIFOS[2].I_SEG_FIFO/U0/xst_fifo_generator/gconvfifo.rf/grf.rf/gntv_or_sync_fifo.gl0.wr/gwas.wsts/ram_full_fb_i
    SLICE_X84Y75.A4      net (fanout=4)        0.454   I_DUAL_FIFO_LINE_COMBINE/GROUP2_FIFOS[2].I_SEG_FIFO/U0/xst_fifo_generator/gconvfifo.rf/grf.rf/gntv_or_sync_fifo.gl0.wr/gwas.wsts/ram_full_fb_i
    SLICE_X84Y75.A       Tilo                  0.203   I_DUAL_FIFO_LINE_COMBINE/GROUP2_FIFOS[2].I_SEG_FIFO/U0/xst_fifo_generator/gconvfifo.rf/grf.rf/ram_wr_en
                                                       I_DUAL_FIFO_LINE_COMBINE/GROUP2_FIFOS[2].I_SEG_FIFO/U0/xst_fifo_generator/gconvfifo.rf/grf.rf/gntv_or_sync_fifo.gl0.wr/ram_wr_en_i1
    SLICE_X81Y74.CE      net (fanout=9)        5.518   I_DUAL_FIFO_LINE_COMBINE/GROUP2_FIFOS[2].I_SEG_FIFO/U0/xst_fifo_generator/gconvfifo.rf/grf.rf/ram_wr_en
    SLICE_X81Y74.CLK     Tceck                 0.361   I_DUAL_FIFO_LINE_COMBINE/GROUP2_FIFOS[2].I_SEG_FIFO/U0/xst_fifo_generator/gconvfifo.rf/grf.rf/gntv_or_sync_fifo.gl0.wr/wpntr/gic0.gc1.count<5>
                                                       I_DUAL_FIFO_LINE_COMBINE/GROUP2_FIFOS[2].I_SEG_FIFO/U0/xst_fifo_generator/gconvfifo.rf/grf.rf/gntv_or_sync_fifo.gl0.wr/wpntr/gic0.gc1.count_3
    -------------------------------------------------  ---------------------------
    Total                                      6.927ns (0.955ns logic, 5.972ns route)
                                                       (13.8% logic, 86.2% route)

--------------------------------------------------------------------------------

Paths for end point I_DUAL_FIFO_LINE_COMBINE/GROUP2_FIFOS[2].I_SEG_FIFO/U0/xst_fifo_generator/gconvfifo.rf/grf.rf/gntv_or_sync_fifo.gl0.wr/wpntr/gic0.gc1.count_4 (SLICE_X81Y74.CE), 2 paths
--------------------------------------------------------------------------------
Slack (setup path):     1.149ns (requirement - (data path - clock path skew + uncertainty))
  Source:               I_DUAL_FIFO_LINE_COMBINE/I_ENA_WRITE_FIFO_15 (FF)
  Destination:          I_DUAL_FIFO_LINE_COMBINE/GROUP2_FIFOS[2].I_SEG_FIFO/U0/xst_fifo_generator/gconvfifo.rf/grf.rf/gntv_or_sync_fifo.gl0.wr/wpntr/gic0.gc1.count_4 (FF)
  Requirement:          10.000ns
  Data Path Delay:      11.665ns (Levels of Logic = 1)
  Clock Path Skew:      3.246ns (3.070 - -0.176)
  Source Clock:         CLOCK_100 rising at 20.000ns
  Destination Clock:    CLOCK_DESER_6BIT rising at 30.000ns
  Clock Uncertainty:    0.432ns

  Clock Uncertainty:          0.432ns  ((TSJ^2 + DJ^2)^1/2) / 2 + PE
    Total System Jitter (TSJ):  0.070ns
    Discrete Jitter (DJ):       0.418ns
    Phase Error (PE):           0.219ns

  Maximum Data Path at Slow Process Corner: I_DUAL_FIFO_LINE_COMBINE/I_ENA_WRITE_FIFO_15 to I_DUAL_FIFO_LINE_COMBINE/GROUP2_FIFOS[2].I_SEG_FIFO/U0/xst_fifo_generator/gconvfifo.rf/grf.rf/gntv_or_sync_fifo.gl0.wr/wpntr/gic0.gc1.count_4
    Location             Delay type         Delay(ns)  Physical Resource
                                                       Logical Resource(s)
    -------------------------------------------------  -------------------
    SLICE_X83Y92.BMUX    Tshcko                0.461   I_DUAL_FIFO_LINE_COMBINE/I_ENA_WRITE_FIFO<9>
                                                       I_DUAL_FIFO_LINE_COMBINE/I_ENA_WRITE_FIFO_15
    SLICE_X84Y75.A3      net (fanout=18)       5.143   I_DUAL_FIFO_LINE_COMBINE/I_ENA_WRITE_FIFO<15>
    SLICE_X84Y75.A       Tilo                  0.203   I_DUAL_FIFO_LINE_COMBINE/GROUP2_FIFOS[2].I_SEG_FIFO/U0/xst_fifo_generator/gconvfifo.rf/grf.rf/ram_wr_en
                                                       I_DUAL_FIFO_LINE_COMBINE/GROUP2_FIFOS[2].I_SEG_FIFO/U0/xst_fifo_generator/gconvfifo.rf/grf.rf/gntv_or_sync_fifo.gl0.wr/ram_wr_en_i1
    SLICE_X81Y74.CE      net (fanout=9)        5.518   I_DUAL_FIFO_LINE_COMBINE/GROUP2_FIFOS[2].I_SEG_FIFO/U0/xst_fifo_generator/gconvfifo.rf/grf.rf/ram_wr_en
    SLICE_X81Y74.CLK     Tceck                 0.340   I_DUAL_FIFO_LINE_COMBINE/GROUP2_FIFOS[2].I_SEG_FIFO/U0/xst_fifo_generator/gconvfifo.rf/grf.rf/gntv_or_sync_fifo.gl0.wr/wpntr/gic0.gc1.count<5>
                                                       I_DUAL_FIFO_LINE_COMBINE/GROUP2_FIFOS[2].I_SEG_FIFO/U0/xst_fifo_generator/gconvfifo.rf/grf.rf/gntv_or_sync_fifo.gl0.wr/wpntr/gic0.gc1.count_4
    -------------------------------------------------  ---------------------------
    Total                                     11.665ns (1.004ns logic, 10.661ns route)
                                                       (8.6% logic, 91.4% route)

--------------------------------------------------------------------------------
Slack (setup path):     22.964ns (requirement - (data path - clock path skew + uncertainty))
  Source:               I_DUAL_FIFO_LINE_COMBINE/GROUP2_FIFOS[2].I_SEG_FIFO/U0/xst_fifo_generator/gconvfifo.rf/grf.rf/gntv_or_sync_fifo.gl0.wr/gwas.wsts/ram_full_fb_i (FF)
  Destination:          I_DUAL_FIFO_LINE_COMBINE/GROUP2_FIFOS[2].I_SEG_FIFO/U0/xst_fifo_generator/gconvfifo.rf/grf.rf/gntv_or_sync_fifo.gl0.wr/wpntr/gic0.gc1.count_4 (FF)
  Requirement:          30.000ns
  Data Path Delay:      6.906ns (Levels of Logic = 1)
  Clock Path Skew:      -0.015ns (0.237 - 0.252)
  Source Clock:         CLOCK_DESER_6BIT rising at 0.000ns
  Destination Clock:    CLOCK_DESER_6BIT rising at 30.000ns
  Clock Uncertainty:    0.115ns

  Clock Uncertainty:          0.115ns  ((TSJ^2 + DJ^2)^1/2) / 2 + PE
    Total System Jitter (TSJ):  0.070ns
    Discrete Jitter (DJ):       0.218ns
    Phase Error (PE):           0.000ns

  Maximum Data Path at Slow Process Corner: I_DUAL_FIFO_LINE_COMBINE/GROUP2_FIFOS[2].I_SEG_FIFO/U0/xst_fifo_generator/gconvfifo.rf/grf.rf/gntv_or_sync_fifo.gl0.wr/gwas.wsts/ram_full_fb_i to I_DUAL_FIFO_LINE_COMBINE/GROUP2_FIFOS[2].I_SEG_FIFO/U0/xst_fifo_generator/gconvfifo.rf/grf.rf/gntv_or_sync_fifo.gl0.wr/wpntr/gic0.gc1.count_4
    Location             Delay type         Delay(ns)  Physical Resource
                                                       Logical Resource(s)
    -------------------------------------------------  -------------------
    SLICE_X85Y74.AQ      Tcko                  0.391   I_DUAL_FIFO_LINE_COMBINE/GROUP2_FIFOS[2].I_SEG_FIFO/U0/xst_fifo_generator/gconvfifo.rf/grf.rf/gntv_or_sync_fifo.gl0.wr/gwas.wsts/ram_full_fb_i
                                                       I_DUAL_FIFO_LINE_COMBINE/GROUP2_FIFOS[2].I_SEG_FIFO/U0/xst_fifo_generator/gconvfifo.rf/grf.rf/gntv_or_sync_fifo.gl0.wr/gwas.wsts/ram_full_fb_i
    SLICE_X84Y75.A4      net (fanout=4)        0.454   I_DUAL_FIFO_LINE_COMBINE/GROUP2_FIFOS[2].I_SEG_FIFO/U0/xst_fifo_generator/gconvfifo.rf/grf.rf/gntv_or_sync_fifo.gl0.wr/gwas.wsts/ram_full_fb_i
    SLICE_X84Y75.A       Tilo                  0.203   I_DUAL_FIFO_LINE_COMBINE/GROUP2_FIFOS[2].I_SEG_FIFO/U0/xst_fifo_generator/gconvfifo.rf/grf.rf/ram_wr_en
                                                       I_DUAL_FIFO_LINE_COMBINE/GROUP2_FIFOS[2].I_SEG_FIFO/U0/xst_fifo_generator/gconvfifo.rf/grf.rf/gntv_or_sync_fifo.gl0.wr/ram_wr_en_i1
    SLICE_X81Y74.CE      net (fanout=9)        5.518   I_DUAL_FIFO_LINE_COMBINE/GROUP2_FIFOS[2].I_SEG_FIFO/U0/xst_fifo_generator/gconvfifo.rf/grf.rf/ram_wr_en
    SLICE_X81Y74.CLK     Tceck                 0.340   I_DUAL_FIFO_LINE_COMBINE/GROUP2_FIFOS[2].I_SEG_FIFO/U0/xst_fifo_generator/gconvfifo.rf/grf.rf/gntv_or_sync_fifo.gl0.wr/wpntr/gic0.gc1.count<5>
                                                       I_DUAL_FIFO_LINE_COMBINE/GROUP2_FIFOS[2].I_SEG_FIFO/U0/xst_fifo_generator/gconvfifo.rf/grf.rf/gntv_or_sync_fifo.gl0.wr/wpntr/gic0.gc1.count_4
    -------------------------------------------------  ---------------------------
    Total                                      6.906ns (0.934ns logic, 5.972ns route)
                                                       (13.5% logic, 86.5% route)

--------------------------------------------------------------------------------

Paths for end point I_DUAL_FIFO_LINE_COMBINE/GROUP2_FIFOS[2].I_SEG_FIFO/U0/xst_fifo_generator/gconvfifo.rf/grf.rf/gntv_or_sync_fifo.gl0.wr/wpntr/gic0.gc1.count_2 (SLICE_X81Y74.CE), 2 paths
--------------------------------------------------------------------------------
Slack (setup path):     1.165ns (requirement - (data path - clock path skew + uncertainty))
  Source:               I_DUAL_FIFO_LINE_COMBINE/I_ENA_WRITE_FIFO_15 (FF)
  Destination:          I_DUAL_FIFO_LINE_COMBINE/GROUP2_FIFOS[2].I_SEG_FIFO/U0/xst_fifo_generator/gconvfifo.rf/grf.rf/gntv_or_sync_fifo.gl0.wr/wpntr/gic0.gc1.count_2 (FF)
  Requirement:          10.000ns
  Data Path Delay:      11.649ns (Levels of Logic = 1)
  Clock Path Skew:      3.246ns (3.070 - -0.176)
  Source Clock:         CLOCK_100 rising at 20.000ns
  Destination Clock:    CLOCK_DESER_6BIT rising at 30.000ns
  Clock Uncertainty:    0.432ns

  Clock Uncertainty:          0.432ns  ((TSJ^2 + DJ^2)^1/2) / 2 + PE
    Total System Jitter (TSJ):  0.070ns
    Discrete Jitter (DJ):       0.418ns
    Phase Error (PE):           0.219ns

  Maximum Data Path at Slow Process Corner: I_DUAL_FIFO_LINE_COMBINE/I_ENA_WRITE_FIFO_15 to I_DUAL_FIFO_LINE_COMBINE/GROUP2_FIFOS[2].I_SEG_FIFO/U0/xst_fifo_generator/gconvfifo.rf/grf.rf/gntv_or_sync_fifo.gl0.wr/wpntr/gic0.gc1.count_2
    Location             Delay type         Delay(ns)  Physical Resource
                                                       Logical Resource(s)
    -------------------------------------------------  -------------------
    SLICE_X83Y92.BMUX    Tshcko                0.461   I_DUAL_FIFO_LINE_COMBINE/I_ENA_WRITE_FIFO<9>
                                                       I_DUAL_FIFO_LINE_COMBINE/I_ENA_WRITE_FIFO_15
    SLICE_X84Y75.A3      net (fanout=18)       5.143   I_DUAL_FIFO_LINE_COMBINE/I_ENA_WRITE_FIFO<15>
    SLICE_X84Y75.A       Tilo                  0.203   I_DUAL_FIFO_LINE_COMBINE/GROUP2_FIFOS[2].I_SEG_FIFO/U0/xst_fifo_generator/gconvfifo.rf/grf.rf/ram_wr_en
                                                       I_DUAL_FIFO_LINE_COMBINE/GROUP2_FIFOS[2].I_SEG_FIFO/U0/xst_fifo_generator/gconvfifo.rf/grf.rf/gntv_or_sync_fifo.gl0.wr/ram_wr_en_i1
    SLICE_X81Y74.CE      net (fanout=9)        5.518   I_DUAL_FIFO_LINE_COMBINE/GROUP2_FIFOS[2].I_SEG_FIFO/U0/xst_fifo_generator/gconvfifo.rf/grf.rf/ram_wr_en
    SLICE_X81Y74.CLK     Tceck                 0.324   I_DUAL_FIFO_LINE_COMBINE/GROUP2_FIFOS[2].I_SEG_FIFO/U0/xst_fifo_generator/gconvfifo.rf/grf.rf/gntv_or_sync_fifo.gl0.wr/wpntr/gic0.gc1.count<5>
                                                       I_DUAL_FIFO_LINE_COMBINE/GROUP2_FIFOS[2].I_SEG_FIFO/U0/xst_fifo_generator/gconvfifo.rf/grf.rf/gntv_or_sync_fifo.gl0.wr/wpntr/gic0.gc1.count_2
    -------------------------------------------------  ---------------------------
    Total                                     11.649ns (0.988ns logic, 10.661ns route)
                                                       (8.5% logic, 91.5% route)

--------------------------------------------------------------------------------
Slack (setup path):     22.980ns (requirement - (data path - clock path skew + uncertainty))
  Source:               I_DUAL_FIFO_LINE_COMBINE/GROUP2_FIFOS[2].I_SEG_FIFO/U0/xst_fifo_generator/gconvfifo.rf/grf.rf/gntv_or_sync_fifo.gl0.wr/gwas.wsts/ram_full_fb_i (FF)
  Destination:          I_DUAL_FIFO_LINE_COMBINE/GROUP2_FIFOS[2].I_SEG_FIFO/U0/xst_fifo_generator/gconvfifo.rf/grf.rf/gntv_or_sync_fifo.gl0.wr/wpntr/gic0.gc1.count_2 (FF)
  Requirement:          30.000ns
  Data Path Delay:      6.890ns (Levels of Logic = 1)
  Clock Path Skew:      -0.015ns (0.237 - 0.252)
  Source Clock:         CLOCK_DESER_6BIT rising at 0.000ns
  Destination Clock:    CLOCK_DESER_6BIT rising at 30.000ns
  Clock Uncertainty:    0.115ns

  Clock Uncertainty:          0.115ns  ((TSJ^2 + DJ^2)^1/2) / 2 + PE
    Total System Jitter (TSJ):  0.070ns
    Discrete Jitter (DJ):       0.218ns
    Phase Error (PE):           0.000ns

  Maximum Data Path at Slow Process Corner: I_DUAL_FIFO_LINE_COMBINE/GROUP2_FIFOS[2].I_SEG_FIFO/U0/xst_fifo_generator/gconvfifo.rf/grf.rf/gntv_or_sync_fifo.gl0.wr/gwas.wsts/ram_full_fb_i to I_DUAL_FIFO_LINE_COMBINE/GROUP2_FIFOS[2].I_SEG_FIFO/U0/xst_fifo_generator/gconvfifo.rf/grf.rf/gntv_or_sync_fifo.gl0.wr/wpntr/gic0.gc1.count_2
    Location             Delay type         Delay(ns)  Physical Resource
                                                       Logical Resource(s)
    -------------------------------------------------  -------------------
    SLICE_X85Y74.AQ      Tcko                  0.391   I_DUAL_FIFO_LINE_COMBINE/GROUP2_FIFOS[2].I_SEG_FIFO/U0/xst_fifo_generator/gconvfifo.rf/grf.rf/gntv_or_sync_fifo.gl0.wr/gwas.wsts/ram_full_fb_i
                                                       I_DUAL_FIFO_LINE_COMBINE/GROUP2_FIFOS[2].I_SEG_FIFO/U0/xst_fifo_generator/gconvfifo.rf/grf.rf/gntv_or_sync_fifo.gl0.wr/gwas.wsts/ram_full_fb_i
    SLICE_X84Y75.A4      net (fanout=4)        0.454   I_DUAL_FIFO_LINE_COMBINE/GROUP2_FIFOS[2].I_SEG_FIFO/U0/xst_fifo_generator/gconvfifo.rf/grf.rf/gntv_or_sync_fifo.gl0.wr/gwas.wsts/ram_full_fb_i
    SLICE_X84Y75.A       Tilo                  0.203   I_DUAL_FIFO_LINE_COMBINE/GROUP2_FIFOS[2].I_SEG_FIFO/U0/xst_fifo_generator/gconvfifo.rf/grf.rf/ram_wr_en
                                                       I_DUAL_FIFO_LINE_COMBINE/GROUP2_FIFOS[2].I_SEG_FIFO/U0/xst_fifo_generator/gconvfifo.rf/grf.rf/gntv_or_sync_fifo.gl0.wr/ram_wr_en_i1
    SLICE_X81Y74.CE      net (fanout=9)        5.518   I_DUAL_FIFO_LINE_COMBINE/GROUP2_FIFOS[2].I_SEG_FIFO/U0/xst_fifo_generator/gconvfifo.rf/grf.rf/ram_wr_en
    SLICE_X81Y74.CLK     Tceck                 0.324   I_DUAL_FIFO_LINE_COMBINE/GROUP2_FIFOS[2].I_SEG_FIFO/U0/xst_fifo_generator/gconvfifo.rf/grf.rf/gntv_or_sync_fifo.gl0.wr/wpntr/gic0.gc1.count<5>
                                                       I_DUAL_FIFO_LINE_COMBINE/GROUP2_FIFOS[2].I_SEG_FIFO/U0/xst_fifo_generator/gconvfifo.rf/grf.rf/gntv_or_sync_fifo.gl0.wr/wpntr/gic0.gc1.count_2
    -------------------------------------------------  ---------------------------
    Total                                      6.890ns (0.918ns logic, 5.972ns route)
                                                       (13.3% logic, 86.7% route)

--------------------------------------------------------------------------------

Hold Paths: TS_PLL_DESER_INST_clkout1 = PERIOD TIMEGRP "PLL_DESER_INST_clkout1" TS_CLOCK /
        0.333333333 HIGH 50%;
--------------------------------------------------------------------------------

Paths for end point I_DUAL_FIFO_LINE_COMBINE/GROUP2_FIFOS[0].I_SEG_FIFO/U0/xst_fifo_generator/gconvfifo.rf/grf.rf/gntv_or_sync_fifo.gl0.wr/wpntr/gic0.gc1.count_d1_0 (SLICE_X120Y111.A5), 1 path
--------------------------------------------------------------------------------
Slack (hold path):      0.002ns (requirement - (clock path skew + uncertainty - data path))
  Source:               I_DUAL_FIFO_LINE_COMBINE/I_ENA_WRITE_FIFO_9 (FF)
  Destination:          I_DUAL_FIFO_LINE_COMBINE/GROUP2_FIFOS[0].I_SEG_FIFO/U0/xst_fifo_generator/gconvfifo.rf/grf.rf/gntv_or_sync_fifo.gl0.wr/wpntr/gic0.gc1.count_d1_0 (FF)
  Requirement:          0.000ns
  Data Path Delay:      3.950ns (Levels of Logic = 1)
  Clock Path Skew:      3.516ns (3.710 - 0.194)
  Source Clock:         CLOCK_100 rising at 30.000ns
  Destination Clock:    CLOCK_DESER_6BIT rising at 30.000ns
  Clock Uncertainty:    0.432ns

  Clock Uncertainty:          0.432ns  ((TSJ^2 + DJ^2)^1/2) / 2 + PE
    Total System Jitter (TSJ):  0.070ns
    Discrete Jitter (DJ):       0.418ns
    Phase Error (PE):           0.219ns

  Minimum Data Path at Slow Process Corner: I_DUAL_FIFO_LINE_COMBINE/I_ENA_WRITE_FIFO_9 to I_DUAL_FIFO_LINE_COMBINE/GROUP2_FIFOS[0].I_SEG_FIFO/U0/xst_fifo_generator/gconvfifo.rf/grf.rf/gntv_or_sync_fifo.gl0.wr/wpntr/gic0.gc1.count_d1_0
    Location             Delay type         Delay(ns)  Physical Resource
                                                       Logical Resource(s)
    -------------------------------------------------  -------------------
    SLICE_X83Y92.BQ      Tcko                  0.368   I_DUAL_FIFO_LINE_COMBINE/I_ENA_WRITE_FIFO<9>
                                                       I_DUAL_FIFO_LINE_COMBINE/I_ENA_WRITE_FIFO_9
    SLICE_X120Y111.A5    net (fanout=6)        3.468   I_DUAL_FIFO_LINE_COMBINE/I_ENA_WRITE_FIFO<9>
    SLICE_X120Y111.CLK   Tah         (-Th)    -0.114   I_DUAL_FIFO_LINE_COMBINE/GROUP2_FIFOS[0].I_SEG_FIFO/U0/xst_fifo_generator/gconvfifo.rf/grf.rf/ram_wr_en
                                                       I_DUAL_FIFO_LINE_COMBINE/GROUP2_FIFOS[0].I_SEG_FIFO/U0/xst_fifo_generator/gconvfifo.rf/grf.rf/gntv_or_sync_fifo.gl0.wr/wpntr/gic0.gc1.count_d1_0_dpot
                                                       I_DUAL_FIFO_LINE_COMBINE/GROUP2_FIFOS[0].I_SEG_FIFO/U0/xst_fifo_generator/gconvfifo.rf/grf.rf/gntv_or_sync_fifo.gl0.wr/wpntr/gic0.gc1.count_d1_0
    -------------------------------------------------  ---------------------------
    Total                                      3.950ns (0.482ns logic, 3.468ns route)
                                                       (12.2% logic, 87.8% route)

--------------------------------------------------------------------------------

Paths for end point I_DUAL_FIFO_LINE_COMBINE/GROUP1_FIFOS[6].I_SEG_FIFO/U0/xst_fifo_generator/gconvfifo.rf/grf.rf/gntv_or_sync_fifo.gl0.wr/wpntr/gic0.gc1.count_d3_7 (SLICE_X116Y79.CE), 2 paths
--------------------------------------------------------------------------------
Slack (hold path):      0.058ns (requirement - (clock path skew + uncertainty - data path))
  Source:               I_DUAL_FIFO_LINE_COMBINE/I_ENA_WRITE_FIFO_7 (FF)
  Destination:          I_DUAL_FIFO_LINE_COMBINE/GROUP1_FIFOS[6].I_SEG_FIFO/U0/xst_fifo_generator/gconvfifo.rf/grf.rf/gntv_or_sync_fifo.gl0.wr/wpntr/gic0.gc1.count_d3_7 (FF)
  Requirement:          0.000ns
  Data Path Delay:      3.952ns (Levels of Logic = 1)
  Clock Path Skew:      3.462ns (3.656 - 0.194)
  Source Clock:         CLOCK_100 rising at 30.000ns
  Destination Clock:    CLOCK_DESER_6BIT rising at 30.000ns
  Clock Uncertainty:    0.432ns

  Clock Uncertainty:          0.432ns  ((TSJ^2 + DJ^2)^1/2) / 2 + PE
    Total System Jitter (TSJ):  0.070ns
    Discrete Jitter (DJ):       0.418ns
    Phase Error (PE):           0.219ns

  Minimum Data Path at Slow Process Corner: I_DUAL_FIFO_LINE_COMBINE/I_ENA_WRITE_FIFO_7 to I_DUAL_FIFO_LINE_COMBINE/GROUP1_FIFOS[6].I_SEG_FIFO/U0/xst_fifo_generator/gconvfifo.rf/grf.rf/gntv_or_sync_fifo.gl0.wr/wpntr/gic0.gc1.count_d3_7
    Location             Delay type         Delay(ns)  Physical Resource
                                                       Logical Resource(s)
    -------------------------------------------------  -------------------
    SLICE_X83Y92.AMUX    Tshcko                0.434   I_DUAL_FIFO_LINE_COMBINE/I_ENA_WRITE_FIFO<9>
                                                       I_DUAL_FIFO_LINE_COMBINE/I_ENA_WRITE_FIFO_7
    SLICE_X119Y77.A4     net (fanout=18)       2.997   I_DUAL_FIFO_LINE_COMBINE/I_ENA_WRITE_FIFO<7>
    SLICE_X119Y77.A      Tilo                  0.244   I_DUAL_FIFO_LINE_COMBINE/GROUP1_FIFOS[6].I_SEG_FIFO/U0/xst_fifo_generator/gconvfifo.rf/grf.rf/gntv_or_sync_fifo.gl0.wr/wpntr/gic0.gc1.count_d2<5>
                                                       I_DUAL_FIFO_LINE_COMBINE/GROUP1_FIFOS[6].I_SEG_FIFO/U0/xst_fifo_generator/gconvfifo.rf/grf.rf/gntv_or_sync_fifo.gl0.wr/ram_wr_en_i1_1
    SLICE_X116Y79.CE     net (fanout=3)        0.582   I_DUAL_FIFO_LINE_COMBINE/GROUP1_FIFOS[6].I_SEG_FIFO/U0/xst_fifo_generator/gconvfifo.rf/grf.rf/gntv_or_sync_fifo.gl0.wr/ram_wr_en_i1
    SLICE_X116Y79.CLK    Tckce       (-Th)     0.305   I_DUAL_FIFO_LINE_COMBINE/GROUP1_FIFOS[6].I_SEG_FIFO/U0/xst_fifo_generator/gconvfifo.rf/grf.rf/gntv_or_sync_fifo.gl0.wr/wpntr/gic0.gc1.count_d3<9>
                                                       I_DUAL_FIFO_LINE_COMBINE/GROUP1_FIFOS[6].I_SEG_FIFO/U0/xst_fifo_generator/gconvfifo.rf/grf.rf/gntv_or_sync_fifo.gl0.wr/wpntr/gic0.gc1.count_d3_7
    -------------------------------------------------  ---------------------------
    Total                                      3.952ns (0.373ns logic, 3.579ns route)
                                                       (9.4% logic, 90.6% route)

--------------------------------------------------------------------------------
Slack (hold path):      1.107ns (requirement - (clock path skew + uncertainty - data path))
  Source:               I_DUAL_FIFO_LINE_COMBINE/GROUP1_FIFOS[6].I_SEG_FIFO/U0/xst_fifo_generator/gconvfifo.rf/grf.rf/gntv_or_sync_fifo.gl0.wr/gwas.wsts/ram_full_fb_i (FF)
  Destination:          I_DUAL_FIFO_LINE_COMBINE/GROUP1_FIFOS[6].I_SEG_FIFO/U0/xst_fifo_generator/gconvfifo.rf/grf.rf/gntv_or_sync_fifo.gl0.wr/wpntr/gic0.gc1.count_d3_7 (FF)
  Requirement:          0.000ns
  Data Path Delay:      1.109ns (Levels of Logic = 1)
  Clock Path Skew:      0.002ns (0.081 - 0.079)
  Source Clock:         CLOCK_DESER_6BIT rising at 30.000ns
  Destination Clock:    CLOCK_DESER_6BIT rising at 30.000ns
  Clock Uncertainty:    0.000ns

  Minimum Data Path at Fast Process Corner: I_DUAL_FIFO_LINE_COMBINE/GROUP1_FIFOS[6].I_SEG_FIFO/U0/xst_fifo_generator/gconvfifo.rf/grf.rf/gntv_or_sync_fifo.gl0.wr/gwas.wsts/ram_full_fb_i to I_DUAL_FIFO_LINE_COMBINE/GROUP1_FIFOS[6].I_SEG_FIFO/U0/xst_fifo_generator/gconvfifo.rf/grf.rf/gntv_or_sync_fifo.gl0.wr/wpntr/gic0.gc1.count_d3_7
    Location             Delay type         Delay(ns)  Physical Resource
                                                       Logical Resource(s)
    -------------------------------------------------  -------------------
    SLICE_X121Y78.CQ     Tcko                  0.198   I_DUAL_FIFO_LINE_COMBINE/GROUP1_FIFOS[6].I_SEG_FIFO/U0/xst_fifo_generator/gconvfifo.rf/grf.rf/gntv_or_sync_fifo.gl0.wr/gwas.wsts/ram_full_fb_i
                                                       I_DUAL_FIFO_LINE_COMBINE/GROUP1_FIFOS[6].I_SEG_FIFO/U0/xst_fifo_generator/gconvfifo.rf/grf.rf/gntv_or_sync_fifo.gl0.wr/gwas.wsts/ram_full_fb_i
    SLICE_X119Y77.A1     net (fanout=4)        0.544   I_DUAL_FIFO_LINE_COMBINE/GROUP1_FIFOS[6].I_SEG_FIFO/U0/xst_fifo_generator/gconvfifo.rf/grf.rf/gntv_or_sync_fifo.gl0.wr/gwas.wsts/ram_full_fb_i
    SLICE_X119Y77.A      Tilo                  0.156   I_DUAL_FIFO_LINE_COMBINE/GROUP1_FIFOS[6].I_SEG_FIFO/U0/xst_fifo_generator/gconvfifo.rf/grf.rf/gntv_or_sync_fifo.gl0.wr/wpntr/gic0.gc1.count_d2<5>
                                                       I_DUAL_FIFO_LINE_COMBINE/GROUP1_FIFOS[6].I_SEG_FIFO/U0/xst_fifo_generator/gconvfifo.rf/grf.rf/gntv_or_sync_fifo.gl0.wr/ram_wr_en_i1_1
    SLICE_X116Y79.CE     net (fanout=3)        0.313   I_DUAL_FIFO_LINE_COMBINE/GROUP1_FIFOS[6].I_SEG_FIFO/U0/xst_fifo_generator/gconvfifo.rf/grf.rf/gntv_or_sync_fifo.gl0.wr/ram_wr_en_i1
    SLICE_X116Y79.CLK    Tckce       (-Th)     0.102   I_DUAL_FIFO_LINE_COMBINE/GROUP1_FIFOS[6].I_SEG_FIFO/U0/xst_fifo_generator/gconvfifo.rf/grf.rf/gntv_or_sync_fifo.gl0.wr/wpntr/gic0.gc1.count_d3<9>
                                                       I_DUAL_FIFO_LINE_COMBINE/GROUP1_FIFOS[6].I_SEG_FIFO/U0/xst_fifo_generator/gconvfifo.rf/grf.rf/gntv_or_sync_fifo.gl0.wr/wpntr/gic0.gc1.count_d3_7
    -------------------------------------------------  ---------------------------
    Total                                      1.109ns (0.252ns logic, 0.857ns route)
                                                       (22.7% logic, 77.3% route)

--------------------------------------------------------------------------------

Paths for end point I_DUAL_FIFO_LINE_COMBINE/GROUP1_FIFOS[6].I_SEG_FIFO/U0/xst_fifo_generator/gconvfifo.rf/grf.rf/gntv_or_sync_fifo.gl0.wr/wpntr/gic0.gc1.count_d3_9 (SLICE_X116Y79.CE), 2 paths
--------------------------------------------------------------------------------
Slack (hold path):      0.072ns (requirement - (clock path skew + uncertainty - data path))
  Source:               I_DUAL_FIFO_LINE_COMBINE/I_ENA_WRITE_FIFO_7 (FF)
  Destination:          I_DUAL_FIFO_LINE_COMBINE/GROUP1_FIFOS[6].I_SEG_FIFO/U0/xst_fifo_generator/gconvfifo.rf/grf.rf/gntv_or_sync_fifo.gl0.wr/wpntr/gic0.gc1.count_d3_9 (FF)
  Requirement:          0.000ns
  Data Path Delay:      3.966ns (Levels of Logic = 1)
  Clock Path Skew:      3.462ns (3.656 - 0.194)
  Source Clock:         CLOCK_100 rising at 30.000ns
  Destination Clock:    CLOCK_DESER_6BIT rising at 30.000ns
  Clock Uncertainty:    0.432ns

  Clock Uncertainty:          0.432ns  ((TSJ^2 + DJ^2)^1/2) / 2 + PE
    Total System Jitter (TSJ):  0.070ns
    Discrete Jitter (DJ):       0.418ns
    Phase Error (PE):           0.219ns

  Minimum Data Path at Slow Process Corner: I_DUAL_FIFO_LINE_COMBINE/I_ENA_WRITE_FIFO_7 to I_DUAL_FIFO_LINE_COMBINE/GROUP1_FIFOS[6].I_SEG_FIFO/U0/xst_fifo_generator/gconvfifo.rf/grf.rf/gntv_or_sync_fifo.gl0.wr/wpntr/gic0.gc1.count_d3_9
    Location             Delay type         Delay(ns)  Physical Resource
                                                       Logical Resource(s)
    -------------------------------------------------  -------------------
    SLICE_X83Y92.AMUX    Tshcko                0.434   I_DUAL_FIFO_LINE_COMBINE/I_ENA_WRITE_FIFO<9>
                                                       I_DUAL_FIFO_LINE_COMBINE/I_ENA_WRITE_FIFO_7
    SLICE_X119Y77.A4     net (fanout=18)       2.997   I_DUAL_FIFO_LINE_COMBINE/I_ENA_WRITE_FIFO<7>
    SLICE_X119Y77.A      Tilo                  0.244   I_DUAL_FIFO_LINE_COMBINE/GROUP1_FIFOS[6].I_SEG_FIFO/U0/xst_fifo_generator/gconvfifo.rf/grf.rf/gntv_or_sync_fifo.gl0.wr/wpntr/gic0.gc1.count_d2<5>
                                                       I_DUAL_FIFO_LINE_COMBINE/GROUP1_FIFOS[6].I_SEG_FIFO/U0/xst_fifo_generator/gconvfifo.rf/grf.rf/gntv_or_sync_fifo.gl0.wr/ram_wr_en_i1_1
    SLICE_X116Y79.CE     net (fanout=3)        0.582   I_DUAL_FIFO_LINE_COMBINE/GROUP1_FIFOS[6].I_SEG_FIFO/U0/xst_fifo_generator/gconvfifo.rf/grf.rf/gntv_or_sync_fifo.gl0.wr/ram_wr_en_i1
    SLICE_X116Y79.CLK    Tckce       (-Th)     0.291   I_DUAL_FIFO_LINE_COMBINE/GROUP1_FIFOS[6].I_SEG_FIFO/U0/xst_fifo_generator/gconvfifo.rf/grf.rf/gntv_or_sync_fifo.gl0.wr/wpntr/gic0.gc1.count_d3<9>
                                                       I_DUAL_FIFO_LINE_COMBINE/GROUP1_FIFOS[6].I_SEG_FIFO/U0/xst_fifo_generator/gconvfifo.rf/grf.rf/gntv_or_sync_fifo.gl0.wr/wpntr/gic0.gc1.count_d3_9
    -------------------------------------------------  ---------------------------
    Total                                      3.966ns (0.387ns logic, 3.579ns route)
                                                       (9.8% logic, 90.2% route)

--------------------------------------------------------------------------------
Slack (hold path):      1.101ns (requirement - (clock path skew + uncertainty - data path))
  Source:               I_DUAL_FIFO_LINE_COMBINE/GROUP1_FIFOS[6].I_SEG_FIFO/U0/xst_fifo_generator/gconvfifo.rf/grf.rf/gntv_or_sync_fifo.gl0.wr/gwas.wsts/ram_full_fb_i (FF)
  Destination:          I_DUAL_FIFO_LINE_COMBINE/GROUP1_FIFOS[6].I_SEG_FIFO/U0/xst_fifo_generator/gconvfifo.rf/grf.rf/gntv_or_sync_fifo.gl0.wr/wpntr/gic0.gc1.count_d3_9 (FF)
  Requirement:          0.000ns
  Data Path Delay:      1.103ns (Levels of Logic = 1)
  Clock Path Skew:      0.002ns (0.081 - 0.079)
  Source Clock:         CLOCK_DESER_6BIT rising at 30.000ns
  Destination Clock:    CLOCK_DESER_6BIT rising at 30.000ns
  Clock Uncertainty:    0.000ns

  Minimum Data Path at Fast Process Corner: I_DUAL_FIFO_LINE_COMBINE/GROUP1_FIFOS[6].I_SEG_FIFO/U0/xst_fifo_generator/gconvfifo.rf/grf.rf/gntv_or_sync_fifo.gl0.wr/gwas.wsts/ram_full_fb_i to I_DUAL_FIFO_LINE_COMBINE/GROUP1_FIFOS[6].I_SEG_FIFO/U0/xst_fifo_generator/gconvfifo.rf/grf.rf/gntv_or_sync_fifo.gl0.wr/wpntr/gic0.gc1.count_d3_9
    Location             Delay type         Delay(ns)  Physical Resource
                                                       Logical Resource(s)
    -------------------------------------------------  -------------------
    SLICE_X121Y78.CQ     Tcko                  0.198   I_DUAL_FIFO_LINE_COMBINE/GROUP1_FIFOS[6].I_SEG_FIFO/U0/xst_fifo_generator/gconvfifo.rf/grf.rf/gntv_or_sync_fifo.gl0.wr/gwas.wsts/ram_full_fb_i
                                                       I_DUAL_FIFO_LINE_COMBINE/GROUP1_FIFOS[6].I_SEG_FIFO/U0/xst_fifo_generator/gconvfifo.rf/grf.rf/gntv_or_sync_fifo.gl0.wr/gwas.wsts/ram_full_fb_i
    SLICE_X119Y77.A1     net (fanout=4)        0.544   I_DUAL_FIFO_LINE_COMBINE/GROUP1_FIFOS[6].I_SEG_FIFO/U0/xst_fifo_generator/gconvfifo.rf/grf.rf/gntv_or_sync_fifo.gl0.wr/gwas.wsts/ram_full_fb_i
    SLICE_X119Y77.A      Tilo                  0.156   I_DUAL_FIFO_LINE_COMBINE/GROUP1_FIFOS[6].I_SEG_FIFO/U0/xst_fifo_generator/gconvfifo.rf/grf.rf/gntv_or_sync_fifo.gl0.wr/wpntr/gic0.gc1.count_d2<5>
                                                       I_DUAL_FIFO_LINE_COMBINE/GROUP1_FIFOS[6].I_SEG_FIFO/U0/xst_fifo_generator/gconvfifo.rf/grf.rf/gntv_or_sync_fifo.gl0.wr/ram_wr_en_i1_1
    SLICE_X116Y79.CE     net (fanout=3)        0.313   I_DUAL_FIFO_LINE_COMBINE/GROUP1_FIFOS[6].I_SEG_FIFO/U0/xst_fifo_generator/gconvfifo.rf/grf.rf/gntv_or_sync_fifo.gl0.wr/ram_wr_en_i1
    SLICE_X116Y79.CLK    Tckce       (-Th)     0.108   I_DUAL_FIFO_LINE_COMBINE/GROUP1_FIFOS[6].I_SEG_FIFO/U0/xst_fifo_generator/gconvfifo.rf/grf.rf/gntv_or_sync_fifo.gl0.wr/wpntr/gic0.gc1.count_d3<9>
                                                       I_DUAL_FIFO_LINE_COMBINE/GROUP1_FIFOS[6].I_SEG_FIFO/U0/xst_fifo_generator/gconvfifo.rf/grf.rf/gntv_or_sync_fifo.gl0.wr/wpntr/gic0.gc1.count_d3_9
    -------------------------------------------------  ---------------------------
    Total                                      1.103ns (0.246ns logic, 0.857ns route)
                                                       (22.3% logic, 77.7% route)

--------------------------------------------------------------------------------

Component Switching Limit Checks: TS_PLL_DESER_INST_clkout1 = PERIOD TIMEGRP "PLL_DESER_INST_clkout1" TS_CLOCK /
        0.333333333 HIGH 50%;
--------------------------------------------------------------------------------
Slack: 26.876ns (period - min period limit)
  Period: 30.000ns
  Min period limit: 3.124ns (320.102MHz) (Trper_CLKA(Fmax))
  Physical resource: I_DUAL_FIFO_LINE_COMBINE/GROUP1_FIFOS[0].I_SEG_FIFO/U0/xst_fifo_generator/gconvfifo.rf/grf.rf/gntv_or_sync_fifo.mem/gbm.gbmg.gbmga.ngecc.bmg/gnativebmg.native_blk_mem_gen/valid.cstr/ramloop[0].ram.r/s6_noinit.ram/SDP.SIMPLE_PRIM18.ram/CLKA
  Logical resource: I_DUAL_FIFO_LINE_COMBINE/GROUP1_FIFOS[0].I_SEG_FIFO/U0/xst_fifo_generator/gconvfifo.rf/grf.rf/gntv_or_sync_fifo.mem/gbm.gbmg.gbmga.ngecc.bmg/gnativebmg.native_blk_mem_gen/valid.cstr/ramloop[0].ram.r/s6_noinit.ram/SDP.SIMPLE_PRIM18.ram/CLKA
  Location pin: RAMB16_X4Y60.CLKA
  Clock network: CLOCK_DESER_6BIT
--------------------------------------------------------------------------------
Slack: 26.876ns (period - min period limit)
  Period: 30.000ns
  Min period limit: 3.124ns (320.102MHz) (Trper_CLKA(Fmax))
  Physical resource: I_DUAL_FIFO_LINE_COMBINE/GROUP1_FIFOS[1].I_SEG_FIFO/U0/xst_fifo_generator/gconvfifo.rf/grf.rf/gntv_or_sync_fifo.mem/gbm.gbmg.gbmga.ngecc.bmg/gnativebmg.native_blk_mem_gen/valid.cstr/ramloop[0].ram.r/s6_noinit.ram/SDP.SIMPLE_PRIM18.ram/CLKA
  Logical resource: I_DUAL_FIFO_LINE_COMBINE/GROUP1_FIFOS[1].I_SEG_FIFO/U0/xst_fifo_generator/gconvfifo.rf/grf.rf/gntv_or_sync_fifo.mem/gbm.gbmg.gbmga.ngecc.bmg/gnativebmg.native_blk_mem_gen/valid.cstr/ramloop[0].ram.r/s6_noinit.ram/SDP.SIMPLE_PRIM18.ram/CLKA
  Location pin: RAMB16_X3Y68.CLKA
  Clock network: CLOCK_DESER_6BIT
--------------------------------------------------------------------------------
Slack: 26.876ns (period - min period limit)
  Period: 30.000ns
  Min period limit: 3.124ns (320.102MHz) (Trper_CLKA(Fmax))
  Physical resource: I_DUAL_FIFO_LINE_COMBINE/GROUP1_FIFOS[2].I_SEG_FIFO/U0/xst_fifo_generator/gconvfifo.rf/grf.rf/gntv_or_sync_fifo.mem/gbm.gbmg.gbmga.ngecc.bmg/gnativebmg.native_blk_mem_gen/valid.cstr/ramloop[0].ram.r/s6_noinit.ram/SDP.SIMPLE_PRIM18.ram/CLKA
  Logical resource: I_DUAL_FIFO_LINE_COMBINE/GROUP1_FIFOS[2].I_SEG_FIFO/U0/xst_fifo_generator/gconvfifo.rf/grf.rf/gntv_or_sync_fifo.mem/gbm.gbmg.gbmga.ngecc.bmg/gnativebmg.native_blk_mem_gen/valid.cstr/ramloop[0].ram.r/s6_noinit.ram/SDP.SIMPLE_PRIM18.ram/CLKA
  Location pin: RAMB16_X3Y60.CLKA
  Clock network: CLOCK_DESER_6BIT
--------------------------------------------------------------------------------

================================================================================
Timing constraint: TS_CLOCK_DESER_1BIT = PERIOD TIMEGRP "CLOCK_DESER_1BIT" 
TS_CLOCK / 2 HIGH 50%;
For more information, see Period Analysis in the Timing Closure User Guide (UG612).

 0 paths analyzed, 0 endpoints analyzed, 0 failing endpoints
 0 timing errors detected. (0 component switching limit errors)
--------------------------------------------------------------------------------


Derived Constraint Report
Derived Constraints for TS_CLOCK
+-------------------------------+-------------+-------------+-------------+-------------+-------------+-------------+-------------+
|                               |   Period    |       Actual Period       |      Timing Errors        |      Paths Analyzed       |
|           Constraint          | Requirement |-------------+-------------|-------------+-------------|-------------+-------------|
|                               |             |   Direct    | Derivative  |   Direct    | Derivative  |   Direct    | Derivative  |
+-------------------------------+-------------+-------------+-------------+-------------+-------------+-------------+-------------+
|TS_CLOCK                       |     10.000ns|      5.340ns|     10.152ns|            0|            2|            0|        22936|
| TS_PLL_250_INST_clk2x         |      5.000ns|      4.349ns|          N/A|            0|            0|          315|            0|
| TS_PLL_250_INST_clk0          |     10.000ns|     10.152ns|          N/A|            2|            0|        15146|            0|
| TS_PLL_DESER_INST_clkout1     |     30.000ns|     26.616ns|          N/A|            0|            0|         7475|            0|
| TS_CLOCK_DESER_1BIT           |      5.000ns|          N/A|          N/A|            0|            0|            0|            0|
+-------------------------------+-------------+-------------+-------------+-------------+-------------+-------------+-------------+

1 constraint not met.


Data Sheet report:
-----------------
All values displayed in nanoseconds (ns)

Clock to Setup on destination clock CLOCK
---------------+---------+---------+---------+---------+
               | Src:Rise| Src:Fall| Src:Rise| Src:Fall|
Source Clock   |Dest:Rise|Dest:Rise|Dest:Fall|Dest:Fall|
---------------+---------+---------+---------+---------+
CLOCK          |    8.872|    5.076|    4.797|    6.853|
---------------+---------+---------+---------+---------+


Timing summary:
---------------

Timing errors: 2  Score: 109  (Setup/Max: 109, Hold: 0)

Constraints cover 22936 paths, 0 nets, and 13512 connections

Design statistics:
   Minimum period:  26.616ns{1}   (Maximum frequency:  37.571MHz)


------------------------------------Footnotes-----------------------------------
1)  The minimum period statistic assumes all single cycle delays.

Analysis completed Wed Nov 23 14:40:03 2016 
--------------------------------------------------------------------------------

Trace Settings:
-------------------------
Trace Settings 

Peak Memory Usage: 632 MB



