ISim log file
Running: /media/data/git/jcfpga/LX150/ADC_CTRL_isim_beh.exe -intstyle ise -gui -tclbatch isim.cmd -wdb /media/data/git/jcfpga/LX150/ADC_CTRL_isim_beh.wdb 
<<<<<<< HEAD
INFO: There is another simulation running in the same directory. Using database file name isim1.wdb.
=======
>>>>>>> 988aeba246de826efd3d1090b1372bd49169783c
ISim P.58f (signature 0xfbc00daa)
----------------------------------------------------------------------
WARNING:Security:42 - Your software subscription period has lapsed. Your current version of Xilinx tools will continue to function, but you no longer qualify for Xilinx software updates or new releases.


----------------------------------------------------------------------
This is a Full version of ISim.
Time resolution is 1 ps
# onerror resume
# wave add /
# run 1000 ns
Simulator is doing circuit initialization process.
at 0 ps: Note: WARNING: Behavioral models for independent clock FIFO configurations do not model synchronization delays. The behavioral models are functionally correct, and will represent the behavior of the configured FIFO. See the FIFO Generator User Guide for more information. (/adc_ctrl/FX3_SLAVE_INST/FX3_SLAVE_INST/I0_DATA_TO_GPIFII_FIFO/U0/gconvfifo/inst_conv_fifo/).
at 0 ps: Note: WARNING: Behavioral models for independent clock FIFO configurations do not model synchronization delays. The behavioral models are functionally correct, and will represent the behavior of the configured FIFO. See the FIFO Generator User Guide for more information. (/adc_ctrl/FX3_SLAVE_INST/FX3_SLAVE_INST/I_DATA_FROM_GPIFII_FIFO/U0/gconvfifo/inst_conv_fifo/).
at 0 ps: Note: WARNING: Behavioral models for independent clock FIFO configurations do not model synchronization delays. The behavioral models are functionally correct, and will represent the behavior of the configured FIFO. See the FIFO Generator User Guide for more information. (/adc_ctrl/FX3_SLAVE_INST/IMAGE_OUT_INST/I_WORD2BYTE/U0/gconvfifo/inst_conv_fifo/).
Finished circuit initialization process.
at 0 ps, Instance /adc_ctrl/BLOCKMEM_INST/U0/native_mem_map_module/mem_map_module/ : Warning: There is an 'U'|'X'|'W'|'Z'|'-' in an arithmetic operand, the result will be 'X'(es).
at 0 ps, Instance /adc_ctrl/BLOCKMEM_INST/U0/native_mem_map_module/mem_map_module/ : Warning: CONV_INTEGER: There is an 'U'|'X'|'W'|'Z'|'-' in an arithmetic operand, and it has been converted to 0.
# source do_force_adc_nsim.tcl
# exit 0
