Release 14.5 - ngc2edif P.58f (lin64)
Copyright (c) 1995-2012 Xilinx, Inc.  All rights reserved.
Reading design ADC_CTRL.ngc ...
WARNING:NetListWriters:298 - No output is written to ADC_CTRL.xncf, ignored.
Processing design ...
   Preping design's networks ...
   Preping design's macros ...
WARNING:NetListWriters:306 - Signal bus
   DIGIF_INST/falling_edge_process.txbuf_l<4 : 0> on block ADC_CTRL is not
   reconstructed, because there are some missing bus signals.
WARNING:NetListWriters:306 - Signal bus DIGIF_INST/rising_edge_process.txbuf_l<4
   : 0> on block ADC_CTRL is not reconstructed, because there are some missing
   bus signals.
WARNING:NetListWriters:306 - Signal bus
   DIGIF_INST/falling_edge_process.preamble_var<4 : 2> on block ADC_CTRL is not
   reconstructed, because there are some missing bus signals.
  finished :Prep
Writing EDIF netlist file ADC_CTRL.edif ...
ngc2edif: Total memory usage is 107608 kilobytes

Release 14.5 - ngc2edif P.58f (lin64)
Copyright (c) 1995-2012 Xilinx, Inc.  All rights reserved.
Reading design DATA_TO_GPIFII_FIFO.ngc ...
WARNING:NetListWriters:298 - No output is written to DATA_TO_GPIFII_FIFO.xncf,
   ignored.
Processing design ...
   Preping design's networks ...
   Preping design's macros ...
  finished :Prep
Writing EDIF netlist file DATA_TO_GPIFII_FIFO.edif ...
ngc2edif: Total memory usage is 106920 kilobytes

Release 14.5 - ngc2edif P.58f (lin64)
Copyright (c) 1995-2012 Xilinx, Inc.  All rights reserved.
Reading design DATA_FROM_GPIFII_FIFO.ngc ...
WARNING:NetListWriters:298 - No output is written to DATA_FROM_GPIFII_FIFO.xncf,
   ignored.
Processing design ...
   Preping design's networks ...
   Preping design's macros ...
  finished :Prep
Writing EDIF netlist file DATA_FROM_GPIFII_FIFO.edif ...
ngc2edif: Total memory usage is 104556 kilobytes

Release 14.5 - ngc2edif P.58f (lin64)
Copyright (c) 1995-2012 Xilinx, Inc.  All rights reserved.
Reading design word2byte.ngc ...
WARNING:NetListWriters:298 - No output is written to word2byte.xncf, ignored.
Processing design ...
   Preping design's networks ...
   Preping design's macros ...
  finished :Prep
Writing EDIF netlist file word2byte.edif ...
ngc2edif: Total memory usage is 104396 kilobytes

Release 14.5 - ngc2edif P.58f (lin64)
Copyright (c) 1995-2012 Xilinx, Inc.  All rights reserved.
Reading design BLOCKMEM.ngc ...
WARNING:NetListWriters:298 - No output is written to BLOCKMEM.xncf, ignored.
Processing design ...
   Preping design's networks ...
   Preping design's macros ...
  finished :Prep
Writing EDIF netlist file BLOCKMEM.edif ...
ngc2edif: Total memory usage is 103664 kilobytes

Release 14.5 - ngc2edif P.58f (lin64)
Copyright (c) 1995-2012 Xilinx, Inc.  All rights reserved.
Reading design ADC_CTRL.ngc ...
WARNING:NetListWriters:298 - No output is written to ADC_CTRL.xncf, ignored.
Processing design ...
   Preping design's networks ...
   Preping design's macros ...
WARNING:NetListWriters:306 - Signal bus
   DIGIF_INST/falling_edge_process.txbuf_l<4 : 0> on block ADC_CTRL is not
   reconstructed, because there are some missing bus signals.
WARNING:NetListWriters:306 - Signal bus DIGIF_INST/rising_edge_process.txbuf_l<4
   : 0> on block ADC_CTRL is not reconstructed, because there are some missing
   bus signals.
WARNING:NetListWriters:306 - Signal bus
   DIGIF_INST/falling_edge_process.preamble_var<4 : 2> on block ADC_CTRL is not
   reconstructed, because there are some missing bus signals.
  finished :Prep
Writing EDIF netlist file ADC_CTRL.edif ...
ngc2edif: Total memory usage is 107600 kilobytes

Release 14.5 - ngc2edif P.58f (lin64)
Copyright (c) 1995-2012 Xilinx, Inc.  All rights reserved.
Reading design DATA_TO_GPIFII_FIFO.ngc ...
WARNING:NetListWriters:298 - No output is written to DATA_TO_GPIFII_FIFO.xncf,
   ignored.
Processing design ...
   Preping design's networks ...
   Preping design's macros ...
  finished :Prep
Writing EDIF netlist file DATA_TO_GPIFII_FIFO.edif ...
ngc2edif: Total memory usage is 106916 kilobytes

Release 14.5 - ngc2edif P.58f (lin64)
Copyright (c) 1995-2012 Xilinx, Inc.  All rights reserved.
Reading design DATA_FROM_GPIFII_FIFO.ngc ...
WARNING:NetListWriters:298 - No output is written to DATA_FROM_GPIFII_FIFO.xncf,
   ignored.
Processing design ...
   Preping design's networks ...
   Preping design's macros ...
  finished :Prep
Writing EDIF netlist file DATA_FROM_GPIFII_FIFO.edif ...
ngc2edif: Total memory usage is 104552 kilobytes

Release 14.5 - ngc2edif P.58f (lin64)
Copyright (c) 1995-2012 Xilinx, Inc.  All rights reserved.
Reading design word2byte.ngc ...
WARNING:NetListWriters:298 - No output is written to word2byte.xncf, ignored.
Processing design ...
   Preping design's networks ...
   Preping design's macros ...
  finished :Prep
Writing EDIF netlist file word2byte.edif ...
ngc2edif: Total memory usage is 104388 kilobytes

Release 14.5 - ngc2edif P.58f (lin64)
Copyright (c) 1995-2012 Xilinx, Inc.  All rights reserved.
Reading design BLOCKMEM.ngc ...
WARNING:NetListWriters:298 - No output is written to BLOCKMEM.xncf, ignored.
Processing design ...
   Preping design's networks ...
   Preping design's macros ...
  finished :Prep
Writing EDIF netlist file BLOCKMEM.edif ...
ngc2edif: Total memory usage is 103668 kilobytes

Release 14.5 - ngc2edif P.58f (lin64)
Copyright (c) 1995-2012 Xilinx, Inc.  All rights reserved.
Reading design ADC_CTRL.ngc ...
WARNING:NetListWriters:298 - No output is written to ADC_CTRL.xncf, ignored.
Processing design ...
   Preping design's networks ...
   Preping design's macros ...
WARNING:NetListWriters:306 - Signal bus
   DIGIF_INST/falling_edge_process.txbuf_l<4 : 0> on block ADC_CTRL is not
   reconstructed, because there are some missing bus signals.
WARNING:NetListWriters:306 - Signal bus DIGIF_INST/rising_edge_process.txbuf_l<4
   : 0> on block ADC_CTRL is not reconstructed, because there are some missing
   bus signals.
WARNING:NetListWriters:306 - Signal bus
   DIGIF_INST/falling_edge_process.preamble_var<4 : 2> on block ADC_CTRL is not
   reconstructed, because there are some missing bus signals.
  finished :Prep
Writing EDIF netlist file ADC_CTRL.edif ...
ngc2edif: Total memory usage is 107800 kilobytes

Release 14.5 - ngc2edif P.58f (lin64)
Copyright (c) 1995-2012 Xilinx, Inc.  All rights reserved.
Reading design DATA_TO_GPIFII_FIFO.ngc ...
WARNING:NetListWriters:298 - No output is written to DATA_TO_GPIFII_FIFO.xncf,
   ignored.
Processing design ...
   Preping design's networks ...
   Preping design's macros ...
  finished :Prep
Writing EDIF netlist file DATA_TO_GPIFII_FIFO.edif ...
ngc2edif: Total memory usage is 106916 kilobytes

Release 14.5 - ngc2edif P.58f (lin64)
Copyright (c) 1995-2012 Xilinx, Inc.  All rights reserved.
Reading design DATA_FROM_GPIFII_FIFO.ngc ...
WARNING:NetListWriters:298 - No output is written to DATA_FROM_GPIFII_FIFO.xncf,
   ignored.
Processing design ...
   Preping design's networks ...
   Preping design's macros ...
  finished :Prep
Writing EDIF netlist file DATA_FROM_GPIFII_FIFO.edif ...
ngc2edif: Total memory usage is 104548 kilobytes

Release 14.5 - ngc2edif P.58f (lin64)
Copyright (c) 1995-2012 Xilinx, Inc.  All rights reserved.
Reading design word2byte.ngc ...
WARNING:NetListWriters:298 - No output is written to word2byte.xncf, ignored.
Processing design ...
   Preping design's networks ...
   Preping design's macros ...
  finished :Prep
Writing EDIF netlist file word2byte.edif ...
ngc2edif: Total memory usage is 104396 kilobytes

Release 14.5 - ngc2edif P.58f (lin64)
Copyright (c) 1995-2012 Xilinx, Inc.  All rights reserved.
Reading design BLOCKMEM.ngc ...
WARNING:NetListWriters:298 - No output is written to BLOCKMEM.xncf, ignored.
Processing design ...
   Preping design's networks ...
   Preping design's macros ...
  finished :Prep
Writing EDIF netlist file BLOCKMEM.edif ...
ngc2edif: Total memory usage is 103664 kilobytes

Release 14.5 - ngc2edif P.58f (lin64)
Copyright (c) 1995-2012 Xilinx, Inc.  All rights reserved.
Reading design ADC_CTRL.ngc ...
WARNING:NetListWriters:298 - No output is written to ADC_CTRL.xncf, ignored.
Processing design ...
   Preping design's networks ...
   Preping design's macros ...
WARNING:NetListWriters:306 - Signal bus
   DIGIF_INST/falling_edge_process.txbuf_l<4 : 0> on block ADC_CTRL is not
   reconstructed, because there are some missing bus signals.
WARNING:NetListWriters:306 - Signal bus DIGIF_INST/rising_edge_process.txbuf_l<4
   : 0> on block ADC_CTRL is not reconstructed, because there are some missing
   bus signals.
WARNING:NetListWriters:306 - Signal bus
   DIGIF_INST/falling_edge_process.preamble_var<4 : 2> on block ADC_CTRL is not
   reconstructed, because there are some missing bus signals.
  finished :Prep
Writing EDIF netlist file ADC_CTRL.edif ...
ngc2edif: Total memory usage is 107804 kilobytes

Release 14.5 - ngc2edif P.58f (lin64)
Copyright (c) 1995-2012 Xilinx, Inc.  All rights reserved.
Reading design DATA_TO_GPIFII_FIFO.ngc ...
WARNING:NetListWriters:298 - No output is written to DATA_TO_GPIFII_FIFO.xncf,
   ignored.
Processing design ...
   Preping design's networks ...
   Preping design's macros ...
  finished :Prep
Writing EDIF netlist file DATA_TO_GPIFII_FIFO.edif ...
ngc2edif: Total memory usage is 106924 kilobytes

Release 14.5 - ngc2edif P.58f (lin64)
Copyright (c) 1995-2012 Xilinx, Inc.  All rights reserved.
Reading design DATA_FROM_GPIFII_FIFO.ngc ...
WARNING:NetListWriters:298 - No output is written to DATA_FROM_GPIFII_FIFO.xncf,
   ignored.
Processing design ...
   Preping design's networks ...
   Preping design's macros ...
  finished :Prep
Writing EDIF netlist file DATA_FROM_GPIFII_FIFO.edif ...
ngc2edif: Total memory usage is 104548 kilobytes

Release 14.5 - ngc2edif P.58f (lin64)
Copyright (c) 1995-2012 Xilinx, Inc.  All rights reserved.
Reading design word2byte.ngc ...
WARNING:NetListWriters:298 - No output is written to word2byte.xncf, ignored.
Processing design ...
   Preping design's networks ...
   Preping design's macros ...
  finished :Prep
Writing EDIF netlist file word2byte.edif ...
ngc2edif: Total memory usage is 104392 kilobytes

Release 14.5 - ngc2edif P.58f (lin64)
Copyright (c) 1995-2012 Xilinx, Inc.  All rights reserved.
Reading design BLOCKMEM.ngc ...
WARNING:NetListWriters:298 - No output is written to BLOCKMEM.xncf, ignored.
Processing design ...
   Preping design's networks ...
   Preping design's macros ...
  finished :Prep
Writing EDIF netlist file BLOCKMEM.edif ...
ngc2edif: Total memory usage is 103664 kilobytes

