Release 14.5 - WebTalk (P.58f)
Copyright (c) 1995-2010 Xilinx, Inc.  All rights reserved.

Project Information
--------------------
ProjectID=6B42E18384EE85F266B9BAAA1FC8D097
<<<<<<< HEAD
<<<<<<< HEAD
ProjectIteration=61
=======
ProjectIteration=59
>>>>>>> 988aeba246de826efd3d1090b1372bd49169783c
=======
ProjectIteration=58
>>>>>>> parent of 3b78908... Updated deserializer

WebTalk Summary
----------------
INFO:WebTalk:2 - WebTalk is enabled.

INFO:WebTalk:8 - WebTalk Install setting is ON.
INFO:WebTalk:6 - WebTalk User setting is ON.

INFO:WebTalk:5 - /media/data/git/jcfpga/LX150/usage_statistics_webtalk.html WebTalk report has not been sent to Xilinx.  Please check your network and proxy settings.  For additional details about this file, please refer to the WebTalk help file at /media/storage/opt/xilinx/14.5/ISE_DS/ISE/data/reports/webtalk_introduction.html
