Command line:
   DIGIF_isim_beh.exe
     -simmode  gui
     -simrunnum  0
     -socket  46590

Thu Sep 15 15:07:58 2016


 Elaboration Time: 0.01 sec

 Current Memory Usage: 223.4 Meg

 Total Signals          : 9
 Total Nets             : 46
 Total Signal Drivers   : 7
 Total Blocks           : 2
 Total Primitive Blocks : 2
 Total Processes        : 4
 Total Traceable Variables  : 8
 Total Scalar Nets and Variables : 406
Total Line Count : 27

 Total Simulation Time: 0.01 sec

 Current Memory Usage: 298.902 Meg

Thu Sep 15 15:08:06 2016

