Command line:
   DIGIF_isim_beh.exe
     -simmode  gui
     -simrunnum  0
     -socket  59706

Wed Sep 14 15:18:20 2016


 Elaboration Time: 0.01 sec

 Current Memory Usage: 223.404 Meg

 Total Signals          : 9
 Total Nets             : 46
 Total Signal Drivers   : 7
 Total Blocks           : 2
 Total Primitive Blocks : 2
 Total Processes        : 4
 Total Traceable Variables  : 8
 Total Scalar Nets and Variables : 406
Total Line Count : 27

 Total Simulation Time: 0.35 sec

 Current Memory Usage: 298.906 Meg

Wed Sep 14 15:28:20 2016

