ISim log file
Running: /media/design/fpga/SREG/SREG_CORE_isim_beh.exe -intstyle ise -gui -tclbatch isim.cmd -wdb /media/design/fpga/SREG/SREG_CORE_isim_beh.wdb 
ISim P.20131013 (signature 0xfbc00daa)
WARNING: A WEBPACK license was found.
WARNING: Please use Xilinx License Configuration Manager to check out a full ISim license.
WARNING: ISim will run in Lite mode. Please refer to the ISim documentation for more information on the differences between the Lite and the Full version.
This is a Lite version of ISim.
Time resolution is 1 ps
# onerror resume
# wave add /
# run 1000 ns
Simulator is doing circuit initialization process.
Finished circuit initialization process.
# isim force add /sreg_core/clock 1 -radix bin -value 0 -radix bin -time 500 ns -repeat 1 us
# run 10.00us
at 1 us, Instance /sreg_core/ : Warning: There is an 'U'|'X'|'W'|'Z'|'-' in an arithmetic operand, the result will be 'X'(es).
# run 10.00us
# run 10.00us
# isim force add /sreg_core/reset 1 -radix bin
# run 10.00us
# isim force add /sreg_core/reset 1 -radix bin
# run 10.00us
# isim force add /sreg_core/reset 1 -radix bin
# run 10.00us
# run 10.00us
# run 10.00us
# isim force add /sreg_core/reset 0 -radix bin
# run 10.00us
# run 10.00us
# run 10.00us
# run 10.00us
# run 10.00us
# run 10.00us
# run 10.00us
# run 10.00us
# run 10.00us
# run 10.00us
# run 10.00us
# run 10.00us
# run 10.00us
# run 10.00us
# run 10.00us
# run 10.00us
# run 10.00us
# run 10.00us
# run 10.00us
# run 10.00us
# run 10.00us
# run 10.00us
# run 10.00us
# run 10.00us
# run 10.00us
# run 10.00us
# run 10.00us
# run 10.00us
# run 10.00us
# run 10.00us
# run 10.00us
# run 10.00us
# run 10.00us
# run 10.00us
# run 10.00us
# run 10.00us
# run 10.00us
# run 10.00us
# run 10.00us
# run 10.00us
# run 10.00us
# run 10.00us
# run 10.00us
# run 10.00us
# run 10.00us
# run 10.00us
# run 10.00us
# run 10.00us
# run 10.00us
# run 10.00us
# run 10.00us
# run 10.00us
# run 10.00us
# run 10.00us
# run 10.00us
# run 10.00us
# run 10.00us
# run 10.00us
# run 10.00us
# run 10.00us
# run 10.00us
# run 10.00us
# run 10.00us
# run 10.00us
# run 10.00us
# run 10.00us
# run 10.00us
# run 10.00us
# run 10.00us
# run 10.00us
# run 10.00us
# run 10.00us
# run 10.00us
# run 10.00us
# run 10.00us
# run 10.00us
# run 10.00us
# run 10.00us
# run 10.00us
# run 10.00us
# run 10.00us
# run 10.00us
# run 10.00us
# run 10.00us
# run 10.00us
# run 10.00us
# run 10.00us
# run 10.00us
# run 10.00us
# run 10.00us
# run 10.00us
# run 10.00us
# run 10.00us
# run 10.00us
# run 10.00us
# run 10.00us
# run 10.00us
# run 10.00us
# run 10.00us
# run 10.00us
# run 10.00us
# run 10.00us
# run 10.00us
# run 10.00us
# run 10.00us
# run 10.00us
# run 10.00us
# run 100.00us
# run 100.00us
# run 100.00us
# run 100.00us
# run 100.00us
# run 100.00us
# run 100.00us
# run 100.00us
# run 100.00us
# run 100.00us
# run 100.00us
# run 100.00us
# run 100.00us
# run 100.00us
# run 100.00us
# run 100.00us
# run 100.00us
# run 100.00us
# run 100.00us
# run 100.00us
# run 100.00us
# run 100.00us
# run 100.00us
# run 100.00us
# run 100.00us
# run 100.00us
# run 100.00us
# run 100.00us
# run 100.00us
# run 100.00us
# run 100.00us
# run 100.00us
# run 100.00us
# run 100.00us
# run 100.00us
# run 100.00us
# run 100.00us
# run 100.00us
# run 100.00us
# run 100.00us
# run 100.00us
# run 100.00us
# run 100.00us
# run 100.00us
# run 100.00us
# run 100.00us
# run 100.00us
# run 100.00us
# run 100.00us
# run 1000.00us
# run 1000.00us
# run 1000.00us
# run 1000.00us
# run 1000.00us
# run 1000.00us
# run 1000.00us
# run 1000.00us
# run 1000.00us
# run 1000.00us
# run 1000.00us
# run 1000.00us
# run 1000.00us
# run 1000.00us
# run 1000.00us
# run 1000.00us
# run 1000.00us
# run 1000.00us
# run 1000.00us
# run 1000.00us
# run 1000.00us
# run 1000.00us
# run 1000.00us
# run 1000.00us
# run 1000.00us
# run 1000.00us
# run 1000.00us
# run 1000.00us
# run 1000.00us
# run 1000.00us
# run 1000.00us
# run 1000.00us
# run 1000.00us
# run 1000.00us
# run 1000.00us
# run 1000.00us
# run 1000.00us
# run 1000.00us
# run 1000.00us
# run 1000.00us
# run 1000.00us
# run 1000.00us
# run 1000.00us
# run 1000.00us
# run 1000.00us
# run 1000.00us
# run 1000.00us
# run 1000.00us
# exit 0
