Welcome to Xilinx CORE Generator.
Help system initialized.
The IP Catalog has been reloaded.
Opening project file /media/data/git/jcfpga/ROMSEQ/ipcore_dir/coregen.cgp.
Recustomize and Generate (Under Original Project Settings)INFO:sim:172 - Generating IP...
WARNING:sim - A core named 'blockmem' already exists in the project. Output
   products for this core may be overwritten.
Resolving generics for 'blockmem'...
WARNING:sim - A core named 'blockmem' already exists in the project. Output
   products for this core may be overwritten.
Applying external generics to 'blockmem'...
Delivering associated files for 'blockmem'...
Delivering EJava files for 'blockmem'...
Generating implementation netlist for 'blockmem'...
INFO:sim - Pre-processing HDL files for 'blockmem'...
Running synthesis for 'blockmem'
Running ngcbuild...
Writing VHO instantiation template for 'blockmem'...
Writing VHDL behavioral simulation model for 'blockmem'...
WARNING:sim - Overwriting existing file
   /media/data/git/jcfpga/ROMSEQ/ipcore_dir/tmp/_cg/blockmem/doc/blk_mem_gen_v7_
   3_vinfo.html with file from view xilinx_documentation
Delivered 1 file into directory
/media/data/git/jcfpga/ROMSEQ/ipcore_dir/tmp/_cg/blockmem
Generating ASY schematic symbol...
INFO:sim:949 - Finished generation of ASY schematic symbol.
Generating metadata file...
Regenerating ISE project file for 'blockmem'...
Generating ISE project...
XCO file found: blockmem.xco
XMDF file found: blockmem_xmdf.tcl
Adding /media/data/git/jcfpga/ROMSEQ/ipcore_dir/tmp/_cg/blockmem.asy -view all
-origin_type imported
Adding /media/data/git/jcfpga/ROMSEQ/ipcore_dir/tmp/_cg/blockmem.ngc -view all
-origin_type created
Checking file "/media/data/git/jcfpga/ROMSEQ/ipcore_dir/tmp/_cg/blockmem.ngc"
for project device match ...
File "/media/data/git/jcfpga/ROMSEQ/ipcore_dir/tmp/_cg/blockmem.ngc" device
information matches project device.
Adding /media/data/git/jcfpga/ROMSEQ/ipcore_dir/tmp/_cg/blockmem.vhd -view all
-origin_type created
INFO:HDLCompiler:1061 - Parsing VHDL file
   "/media/data/git/jcfpga/ROMSEQ/ipcore_dir/tmp/_cg/blockmem.vhd" into library
   work
INFO:ProjectMgmt - Parsing design hierarchy completed successfully.
Adding /media/data/git/jcfpga/ROMSEQ/ipcore_dir/tmp/_cg/blockmem.vho -view all
-origin_type imported
INFO:TclTasksC:2116 - The automatic calculation of top has been turned-off.
   Please set the new top explicitly by running the "project set top" command.
   To re-calculate the new top automatically, set the "Auto Implementation Top"
   property to true.
Top level has been set to "/blockmem"
Generating README file...
Generating FLIST file...
INFO:sim:948 - Finished FLIST file generation.
Launching README viewer...
Moving files to output directory...
Finished moving files to output directory
Saved CGP file for project 'coregen'.
Closed project file.
