Running: /media/storage/opt/xilinx/14.7/ISE_DS/ISE/bin/lin64/unwrapped/fuse -relaunch -intstyle "ise" -incremental -lib "secureip" -o "/media/design/fpga/projects/DESERIAL/DESERIAL_TB_isim_beh.exe" -prj "/media/design/fpga/projects/DESERIAL/DESERIAL_TB_beh.prj" "work.DESERIAL_TB" 
ISim P.20131013 (signature 0xfbc00daa)
Number of CPUs detected in this system: 8
Turning on mult-threading, number of parallel sub-compilation jobs: 16 
Determining compilation order of HDL files
Parsing VHDL file "/media/design/fpga/projects/DESERIAL/DIGIF.vhd" into library work
Parsing VHDL file "/media/design/fpga/projects/DESERIAL/DESERIAL.vhd" into library work
Parsing VHDL file "/media/design/fpga/projects/DESERIAL/DESERIAL_TB.vhd" into library work
Starting static elaboration
Completed static elaboration
Fuse Memory Usage: 95008 KB
Fuse CPU Usage: 930 ms
Compiling package standard
Compiling package std_logic_1164
Compiling architecture behavioral of entity DIGIF [digif_default]
Compiling architecture behavioral of entity DESERIAL [deserial_default]
Compiling architecture behavioral of entity deserial_tb
Time Resolution for simulation is 1ps.
Waiting for 1 sub-compilation(s) to finish...
Compiled 7 VHDL Units
Built simulation executable /media/design/fpga/projects/DESERIAL/DESERIAL_TB_isim_beh.exe
Fuse Memory Usage: 1185000 KB
Fuse CPU Usage: 950 ms
GCC CPU Usage: 100 ms
