ISim log file
Running: /media/data/git/jcfpga/DESERIAL/DESERIAL_TB_isim_beh.exe -intstyle ise -gui -tclbatch isim.cmd -wdb /media/data/git/jcfpga/DESERIAL/DESERIAL_TB_isim_beh.wdb 
ISim P.20131013 (signature 0xfbc00daa)
WARNING: A WEBPACK license was found.
WARNING: Please use Xilinx License Configuration Manager to check out a full ISim license.
WARNING: ISim will run in Lite mode. Please refer to the ISim documentation for more information on the differences between the Lite and the Full version.
This is a Lite version of ISim.
Time resolution is 1 ps
# onerror resume
# wave add /
# run 1000 ns
Simulator is doing circuit initialization process.
Finished circuit initialization process.
# source do_force_deserial.tcl
# isim force add /deserial_tb/reset_digif 0 -radix bin
# run 1.00us
# run 9.00 ns
# isim force add /deserial_tb/reset_digif 1 -radix bin
# isim force add /deserial_tb/reset_digif 1 -radix bin
# run 9.00 ns
# run 9.00 ns
# run 9.00 ns
# run 9.00 ns
# run 9.00 ns
# isim force add /deserial_tb/reset_digif 0 -radix bin
# run 9.00 ns
# run 9.00 ns
# run 9.00 ns
# run 9.00 ns
# run 9.00 ns
# run 9.00 ns
# run 9.00 ns
# run 9.00 ns
# run 9.00 ns
# isim force add /deserial_tb/reset_digif 1 -radix bin
# run 9.00 ns
# run 9.00 ns
# run 9.00 ns
# run 9.00 ns
# run 9.00 ns
# run 9.00 ns
# run 9.00 ns
# run 9.00 ns
# run 9.00 ns
# run 9.00 ns
# run 9.00 ns
# run 9.00 ns
# run 9.00 ns
# run 9.00 ns
# run 9.00 ns
# run 9.00 ns
# run 9.00 ns
# run 9.00 ns
# run 9.00 ns
# run 9.00 ns
# run 9.00 ns
# run 9.00 ns
# isim force add /deserial_tb/reset_digif 0 -radix bin
# run 9.00 ns
# run 9.00 ns
# run 9.00 ns
# run 9.00 ns
# isim force add /deserial_tb/reset_digif 1 -radix bin
# run 9.00 ns
# run 9.00 ns
# run 9.00 ns
# run 9.00 ns
# run 9.00 ns
# run 9.00 ns
# source do_force_deserial.tcl
# restart
# source do_force_deserial.tcl
Simulator is doing circuit initialization process.
Finished circuit initialization process.
# isim force add /deserial_tb/reset_digif 0 -radix bin
# run 9.00 ns
# run 9.00 ns
# run 9.00 ns
# run 9.00 ns
# run 9.00 ns
# run 9.00 ns
# run 9.00 ns
# run 9.00 ns
# run 9.00 ns
# run 9.00 ns
# run 9.00 ns
# run 9.00 ns
# run 9.00 ns
# isim force add /deserial_tb/reset_digif 1 -radix bin
# run 9.00 ns
# run 9.00 ns
# run 9.00 ns
# run 9.00 ns
# run 9.00 ns
# run 9.00 ns
# run 9.00 ns
# run 9.00 ns
# isim force add /deserial_tb/reset_digif 0 -radix bin
# run 9.00 ns
# run 9.00 ns
# run 9.00 ns
# run 9.00 ns
# run 9.00 ns
# run 9.00 ns
# isim force add /deserial_tb/reset_digif 1 -radix bin
# run 9.00 ns
# run 9.00 ns
# run 9.00 ns
# run 9.00 ns
# run 9.00 ns
# run 9.00 ns
# run 9.00 ns
# run 9.00 ns
# run 9.00 ns
# run 9.00 ns
# run 9.00 ns
# run 9.00 ns
# run 9.00 ns
# run 9.00 ns
# run 9.00 ns
# run 9.00 ns
# run 9.00 ns
# run 9.00 ns
# run 9.00 ns
# run 9.00 ns
# run 9.00 ns
# run 9.00 ns
# isim force add /deserial_tb/reset_digif 0 -radix bin
# run 9.00 ns
# run 9.00 ns
# run 9.00 ns
# run 9.00 ns
# run 9.00 ns
# run 9.00 ns
# run 9.00 ns
# run 9.00 ns
# isim force add /deserial_tb/reset_digif 1 -radix bin
# run 9.00 ns
# run 9.00 ns
# run 9.00 ns
# run 9.00 ns
# run 9.00 ns
# run 9.00 ns
# run 9.00 ns
# restart
# source do_force_deserial.tcl
Simulator is doing circuit initialization process.
Finished circuit initialization process.
# isim force add /deserial_tb/reset_digif 0 -radix bin
# run 9.00 ns
# run 9.00 ns
# run 9.00 ns
# run 9.00 ns
# run 9.00 ns
# run 9.00 ns
# run 9.00 ns
# run 9.00 ns
# run 9.00 ns
# run 9.00 ns
# run 9.00 ns
# run 9.00 ns
# run 9.00 ns
# run 9.00 ns
# run 9.00 ns
# run 9.00 ns
# run 9.00 ns
# isim force add /deserial_tb/reset_digif 1 -radix bin
# run 9.00 ns
# run 9.00 ns
# run 9.00 ns
# run 9.00 ns
# run 9.00 ns
# run 9.00 ns
# run 9.00 ns
# run 9.00 ns
# run 9.00 ns
# run 9.00 ns
# run 9.00 ns
# run 9.00 ns
# run 9.00 ns
# run 9.00 ns
# run 9.00 ns
# isim force add /deserial_tb/reset_digif 0 -radix bin
# run 9.00 ns
# run 9.00 ns
# run 9.00 ns
# run 9.00 ns
# run 9.00 ns
# run 9.00 ns
# run 9.00 ns
# run 9.00 ns
# run 9.00 ns
# run 9.00 ns
# run 9.00 ns
# run 9.00 ns
# run 9.00 ns
# run 9.00 ns
# run 9.00 ns
# run 9.00 ns
# run 9.00 ns
# run 9.00 ns
# run 9.00 ns
# isim force add /deserial_tb/reset_digif 1 -radix bin
# run 9.00 ns
# run 9.00 ns
# run 9.00 ns
# run 9.00 ns
# run 9.00 ns
# run 9.00 ns
# run 9.00 ns
# run 9.00 ns
# run 9.00 ns
# run 9.00 ns
# run 9.00 ns
# run 9.00 ns
# run 9.00 ns
# run 9.00 ns
# run 9.00 ns
# run 9.00 ns
# run 9.00 ns
# run 9.00 ns
# run 9.00 ns
# run 9.00 ns
# run 9.00 ns
# run 9.00 ns
# run 9.00 ns
# run 9.00 ns
# run 9.00 ns
# run 9.00 ns
# isim force add /deserial_tb/reset_digif 0 -radix bin
# run 9.00 ns
# run 9.00 ns
# run 9.00 ns
# run 9.00 ns
# run 9.00 ns
# isim force add /deserial_tb/reset_digif 1 -radix bin
# run 9.00 ns
# run 9.00 ns
# run 9.00 ns
# run 9.00 ns
# run 9.00 ns
# run 9.00 ns
# run 9.00 ns
# run 9.00 ns
# run 9.00 ns
# run 9.00 ns
# run 9.00 ns
# run 9.00 ns
# run 9.00 ns
# run 9.00 ns
# run 9.00 ns
# run 9.00 ns
# run 9.00 ns
# run 9.00 ns
# run 9.00 ns
# run 9.00 ns
# run 9.00 ns
# run 9.00 ns
# isim force add /deserial_tb/reset_digif 0 -radix bin
# run 9.00 ns
# run 9.00 ns
# run 9.00 ns
# run 9.00 ns
# run 9.00 ns
# isim force add /deserial_tb/reset_digif 1 -radix bin
# run 9.00 ns
# run 9.00 ns
# run 9.00 ns
# run 9.00 ns
# run 9.00 ns
# run 9.00 ns
# run 9.00 ns
# run 9.00 ns
# run 9.00 ns
# run 9.00 ns
# run 9.00 ns
# run 9.00 ns
# run 9.00 ns
# run 9.00 ns
# run 9.00 ns
# run 9.00 ns
# run 9.00 ns
# run 9.00 ns
# run 9.00 ns
# run 9.00 ns
# restart
WARNING: Can't open restore file "isim/DESERIAL_TB_isim_beh.exe.sim/tmp_save/_1". File ignored.
# source do_force_deserial.tcl
Simulator is doing circuit initialization process.
Finished circuit initialization process.
# restart
WARNING: Can't open restore file "isim/DESERIAL_TB_isim_beh.exe.sim/tmp_save/_1". File ignored.
# source do_force_deserial.tcl
Simulator is doing circuit initialization process.
Finished circuit initialization process.
# isim force add /deserial_tb/reset_digif 0 -radix bin
# run 9.00 ns
# run 9.00 ns
# run 9.00 ns
# run 9.00 ns
# run 9.00 ns
# run 9.00 ns
# run 9.00 ns
# run 9.00 ns
# run 9.00 ns
# run 9.00 ns
# run 9.00 ns
# run 9.00 ns
# run 9.00 ns
# run 9.00 ns
# run 9.00 ns
# isim force add /deserial_tb/reset_digif 1 -radix bin
# run 9.00 ns
# run 9.00 ns
# run 9.00 ns
# run 9.00 ns
# run 9.00 ns
# run 9.00 ns
# run 9.00 ns
# run 9.00 ns
# run 9.00 ns
# run 9.00 ns
# run 9.00 ns
# run 9.00 ns
# run 9.00 ns
# run 9.00 ns
# run 9.00 ns
# run 9.00 ns
# run 9.00 ns
# run 9.00 ns
# run 9.00 ns
# run 9.00 ns
# run 9.00 ns
# run 9.00 ns
# restart
WARNING: Can't open restore file "isim/DESERIAL_TB_isim_beh.exe.sim/tmp_save/_1". File ignored.
# source do_force_deserial.tcl
Simulator is doing circuit initialization process.
Finished circuit initialization process.
# isim force add /deserial_tb/reset_digif 0 -radix bin
# run 9.00 ns
# run 9.00 ns
# run 9.00 ns
# run 9.00 ns
# run 9.00 ns
# run 9.00 ns
# run 9.00 ns
# run 9.00 ns
# run 9.00 ns
# run 9.00 ns
# isim force add /deserial_tb/reset_digif 1 -radix bin
# isim force add /deserial_tb/reset_digif 1 -radix bin
# run 9.00 ns
# run 9.00 ns
# run 9.00 ns
# run 9.00 ns
# run 9.00 ns
# run 9.00 ns
# run 9.00 ns
# run 9.00 ns
# run 9.00 ns
# run 9.00 ns
# run 9.00 ns
# run 9.00 ns
# isim force add /deserial_tb/reset_digif 0 -radix bin
# run 9.00 ns
# run 9.00 ns
# run 9.00 ns
# run 9.00 ns
# run 9.00 ns
# run 9.00 ns
# run 9.00 ns
# run 9.00 ns
# run 9.00 ns
# run 9.00 ns
# run 9.00 ns
# run 9.00 ns
# run 9.00 ns
# run 9.00 ns
# run 9.00 ns
# run 9.00 ns
# run 9.00 ns
# run 9.00 ns
# run 9.00 ns
# isim force add /deserial_tb/reset_digif 1 -radix bin
# run 9.00 ns
# run 9.00 ns
# run 9.00 ns
# run 9.00 ns
# run 9.00 ns
# run 9.00 ns
# run 9.00 ns
# run 9.00 ns
# run 9.00 ns
# run 9.00 ns
# run 9.00 ns
# run 9.00 ns
# run 9.00 ns
# run 9.00 ns
# exit 0
